{"total": {"lines":{"total":250,"covered":66,"skipped":0,"pct":26.4},"statements":{"total":253,"covered":66,"skipped":0,"pct":26.08},"functions":{"total":83,"covered":20,"skipped":0,"pct":24.09},"branches":{"total":141,"covered":9,"skipped":0,"pct":6.38},"branchesTrue":{"total":0,"covered":0,"skipped":0,"pct":100}}
,"C:\\Users\\camil\\OneDrive\\Documents\\vs-code\\github-clones\\SOEN390\\condo-management-app\\App.js": {"lines":{"total":8,"covered":8,"skipped":0,"pct":100},"functions":{"total":3,"covered":3,"skipped":0,"pct":100},"statements":{"total":8,"covered":8,"skipped":0,"pct":100},"branches":{"total":2,"covered":2,"skipped":0,"pct":100}}
,"C:\\Users\\camil\\OneDrive\\Documents\\vs-code\\github-clones\\SOEN390\\condo-management-app\\hooks\\useAuth.js": {"lines":{"total":139,"covered":52,"skipped":0,"pct":37.41},"functions":{"total":46,"covered":16,"skipped":0,"pct":34.78},"statements":{"total":140,"covered":52,"skipped":0,"pct":37.14},"branches":{"total":41,"covered":7,"skipped":0,"pct":17.07}}
,"C:\\Users\\camil\\OneDrive\\Documents\\vs-code\\github-clones\\SOEN390\\condo-management-app\\screens\\AppContent.js": {"lines":{"total":3,"covered":3,"skipped":0,"pct":100},"functions":{"total":1,"covered":1,"skipped":0,"pct":100},"statements":{"total":3,"covered":3,"skipped":0,"pct":100},"branches":{"total":0,"covered":0,"skipped":0,"pct":100}}
,"C:\\Users\\camil\\OneDrive\\Documents\\vs-code\\github-clones\\SOEN390\\condo-management-app\\screens\\myRentedProperties\\myRentedProperties.js": {"lines":{"total":29,"covered":1,"skipped":0,"pct":3.44},"functions":{"total":10,"covered":0,"skipped":0,"pct":0},"statements":{"total":29,"covered":1,"skipped":0,"pct":3.44},"branches":{"total":38,"covered":0,"skipped":0,"pct":0}}
,"C:\\Users\\camil\\OneDrive\\Documents\\vs-code\\github-clones\\SOEN390\\condo-management-app\\screens\\rentPropertiesScreen\\rentPropertiesScreen.js": {"lines":{"total":29,"covered":1,"skipped":0,"pct":3.44},"functions":{"total":9,"covered":0,"skipped":0,"pct":0},"statements":{"total":29,"covered":1,"skipped":0,"pct":3.44},"branches":{"total":36,"covered":0,"skipped":0,"pct":0}}
,"C:\\Users\\camil\\OneDrive\\Documents\\vs-code\\github-clones\\SOEN390\\condo-management-app\\screens\\reservationScreen\\reservationScreen.js": {"lines":{"total":42,"covered":1,"skipped":0,"pct":2.38},"functions":{"total":14,"covered":0,"skipped":0,"pct":0},"statements":{"total":44,"covered":1,"skipped":0,"pct":2.27},"branches":{"total":24,"covered":0,"skipped":0,"pct":0}}
}
