TN:
SF:App.js
FN:9,(anonymous_0)
FN:11,(anonymous_1)
FN:12,loadFont
FNF:3
FNH:3
FNDA:2,(anonymous_0)
FNDA:1,(anonymous_1)
FNDA:1,loadFont
DA:9,1
DA:10,2
DA:11,2
DA:13,1
DA:27,1
DA:29,1
DA:30,1
DA:33,2
LF:8
LH:8
BRDA:33,0,0,1
BRDA:33,0,1,1
BRF:2
BRH:2
end_of_record
TN:
SF:hooks\useAuth.js
FN:26,(anonymous_0)
FN:35,(anonymous_1)
FN:36,(anonymous_2)
FN:50,(anonymous_3)
FN:55,(anonymous_4)
FN:67,(anonymous_5)
FN:69,(anonymous_6)
FN:76,(anonymous_7)
FN:88,(anonymous_8)
FN:90,(anonymous_9)
FN:97,emailLogin
FN:99,(anonymous_11)
FN:103,(anonymous_12)
FN:113,(anonymous_13)
FN:115,(anonymous_14)
FN:118,(anonymous_15)
FN:129,(anonymous_16)
FN:141,(anonymous_17)
FN:143,(anonymous_18)
FN:160,(anonymous_19)
FN:173,(anonymous_20)
FN:175,(anonymous_21)
FN:191,(anonymous_22)
FN:231,(anonymous_23)
FN:248,processText
FN:269,(anonymous_25)
FN:276,(anonymous_26)
FN:278,(anonymous_27)
FN:301,(anonymous_28)
FN:312,(anonymous_29)
FN:314,(anonymous_30)
FN:323,(anonymous_31)
FN:335,(anonymous_32)
FN:343,(anonymous_33)
FN:354,(anonymous_34)
FN:356,(anonymous_35)
FN:365,(anonymous_36)
FN:384,(anonymous_37)
FN:386,(anonymous_38)
FN:394,(anonymous_39)
FN:415,(anonymous_40)
FN:417,(anonymous_41)
FN:419,(anonymous_42)
FN:420,(anonymous_43)
FN:429,(anonymous_44)
FN:456,useAuth
FNF:46
FNH:16
FNDA:5,(anonymous_0)
FNDA:1,(anonymous_1)
FNDA:2,(anonymous_2)
FNDA:0,(anonymous_3)
FNDA:1,(anonymous_4)
FNDA:1,(anonymous_5)
FNDA:1,(anonymous_6)
FNDA:1,(anonymous_7)
FNDA:1,(anonymous_8)
FNDA:1,(anonymous_9)
FNDA:1,emailLogin
FNDA:1,(anonymous_11)
FNDA:1,(anonymous_12)
FNDA:1,(anonymous_13)
FNDA:0,(anonymous_14)
FNDA:1,(anonymous_15)
FNDA:0,(anonymous_16)
FNDA:0,(anonymous_17)
FNDA:0,(anonymous_18)
FNDA:0,(anonymous_19)
FNDA:0,(anonymous_20)
FNDA:0,(anonymous_21)
FNDA:0,(anonymous_22)
FNDA:0,(anonymous_23)
FNDA:0,processText
FNDA:0,(anonymous_25)
FNDA:0,(anonymous_26)
FNDA:0,(anonymous_27)
FNDA:0,(anonymous_28)
FNDA:0,(anonymous_29)
FNDA:0,(anonymous_30)
FNDA:0,(anonymous_31)
FNDA:0,(anonymous_32)
FNDA:0,(anonymous_33)
FNDA:0,(anonymous_34)
FNDA:0,(anonymous_35)
FNDA:0,(anonymous_36)
FNDA:0,(anonymous_37)
FNDA:0,(anonymous_38)
FNDA:0,(anonymous_39)
FNDA:0,(anonymous_40)
FNDA:0,(anonymous_41)
FNDA:0,(anonymous_42)
FNDA:0,(anonymous_43)
FNDA:5,(anonymous_44)
FNDA:111,useAuth
DA:24,1
DA:26,1
DA:27,5
DA:28,5
DA:29,5
DA:30,5
DA:31,5
DA:33,5
DA:35,5
DA:36,1
DA:37,2
DA:38,1
DA:39,1
DA:40,1
DA:42,1
DA:44,1
DA:45,1
DA:50,1
DA:51,0
DA:55,5
DA:56,1
DA:58,1
DA:68,1
DA:69,1
DA:70,1
DA:76,5
DA:77,1
DA:79,1
DA:89,1
DA:90,1
DA:91,1
DA:98,1
DA:101,1
DA:104,1
DA:106,1
DA:108,0
DA:113,5
DA:114,1
DA:121,1
DA:122,1
DA:124,0
DA:129,5
DA:130,0
DA:132,0
DA:142,0
DA:143,0
DA:144,0
DA:145,0
DA:147,0
DA:154,0
DA:160,5
DA:161,0
DA:163,0
DA:174,0
DA:175,0
DA:176,0
DA:191,5
DA:192,0
DA:194,0
DA:195,0
DA:206,0
DA:207,0
DA:211,0
DA:212,0
DA:213,0
DA:214,0
DA:217,0
DA:218,0
DA:219,0
DA:220,0
DA:221,0
DA:222,0
DA:223,0
DA:224,0
DA:225,0
DA:227,0
DA:231,5
DA:232,0
DA:233,0
DA:244,0
DA:247,0
DA:248,0
DA:249,0
DA:250,0
DA:254,0
DA:257,0
DA:259,0
DA:265,0
DA:269,5
DA:270,0
DA:271,0
DA:272,0
DA:277,0
DA:278,0
DA:279,0
DA:280,0
DA:282,0
DA:301,5
DA:302,0
DA:304,0
DA:313,0
DA:314,0
DA:315,0
DA:316,0
DA:317,0
DA:323,5
DA:324,0
DA:326,0
DA:336,0
DA:337,0
DA:338,0
DA:343,5
DA:344,0
DA:346,0
DA:355,0
DA:356,0
DA:357,0
DA:358,0
DA:359,0
DA:365,5
DA:371,0
DA:373,0
DA:385,0
DA:386,0
DA:387,0
DA:388,0
DA:394,5
DA:401,0
DA:403,0
DA:416,0
DA:417,0
DA:418,0
DA:419,0
DA:420,0
DA:422,0
DA:428,5
DA:429,5
DA:451,5
DA:457,111
LF:139
LH:52
BRDA:37,0,0,1
BRDA:37,0,1,1
BRDA:44,1,0,1
BRDA:44,1,1,0
BRDA:68,2,0,1
BRDA:68,2,1,0
BRDA:89,3,0,1
BRDA:89,3,1,0
BRDA:97,4,0,0
BRDA:104,5,0,1
BRDA:104,5,1,0
BRDA:121,6,0,1
BRDA:121,6,1,0
BRDA:142,7,0,0
BRDA:142,7,1,0
BRDA:144,8,0,0
BRDA:144,8,1,0
BRDA:174,9,0,0
BRDA:174,9,1,0
BRDA:206,10,0,0
BRDA:206,10,1,0
BRDA:214,11,0,0
BRDA:214,11,1,0
BRDA:214,12,0,0
BRDA:214,12,1,0
BRDA:249,13,0,0
BRDA:249,13,1,0
BRDA:277,14,0,0
BRDA:277,14,1,0
BRDA:279,15,0,0
BRDA:279,15,1,0
BRDA:313,16,0,0
BRDA:313,16,1,0
BRDA:336,17,0,0
BRDA:336,17,1,0
BRDA:355,18,0,0
BRDA:355,18,1,0
BRDA:385,19,0,0
BRDA:385,19,1,0
BRDA:416,20,0,0
BRDA:416,20,1,0
BRF:41
BRH:7
end_of_record
TN:
SF:navigator\bottomTabBar.js
FN:26,(anonymous_0)
FN:35,(anonymous_1)
FN:36,(anonymous_2)
FN:41,(anonymous_3)
FN:45,(anonymous_4)
FN:50,(anonymous_5)
FN:57,(anonymous_6)
FN:59,(anonymous_7)
FN:64,_spring
FN:66,(anonymous_9)
FN:88,(anonymous_10)
FN:101,(anonymous_11)
FN:114,(anonymous_12)
FN:126,(anonymous_13)
FN:139,(anonymous_14)
FN:152,(anonymous_15)
FN:165,tabIconSort
FN:185,exitInfo
FN:196,createStyles
FNF:19
FNH:14
FNDA:3,(anonymous_0)
FNDA:1,(anonymous_1)
FNDA:0,(anonymous_2)
FNDA:0,(anonymous_3)
FNDA:0,(anonymous_4)
FNDA:1,(anonymous_5)
FNDA:3,(anonymous_6)
FNDA:2,(anonymous_7)
FNDA:0,_spring
FNDA:0,(anonymous_9)
FNDA:8,(anonymous_10)
FNDA:8,(anonymous_11)
FNDA:8,(anonymous_12)
FNDA:8,(anonymous_13)
FNDA:8,(anonymous_14)
FNDA:8,(anonymous_15)
FNDA:48,tabIconSort
FNDA:3,exitInfo
FNDA:3,createStyles
DA:24,1
DA:26,1
DA:27,3
DA:29,3
DA:31,3
DA:35,3
DA:36,1
DA:37,0
DA:40,1
DA:41,1
DA:44,3
DA:45,3
DA:46,0
DA:47,0
DA:50,3
DA:51,1
DA:52,0
DA:56,3
DA:58,3
DA:59,3
DA:60,2
DA:65,0
DA:66,0
DA:67,0
DA:71,3
DA:73,3
DA:89,8
DA:102,8
DA:115,8
DA:127,8
DA:140,8
DA:153,8
DA:166,48
DA:186,3
DA:197,3
LF:35
LH:28
BRDA:46,0,0,0
BRDA:46,0,1,0
BRDA:51,1,0,0
BRDA:51,1,1,1
BRDA:51,2,0,1
BRDA:51,2,1,0
BRDA:186,3,0,0
BRDA:186,3,1,3
BRF:8
BRH:3
end_of_record
TN:
SF:screens\AppContent.js
FN:26,(anonymous_0)
FNF:1
FNH:1
FNDA:1,(anonymous_0)
DA:24,1
DA:26,1
DA:27,1
LF:3
LH:3
BRF:0
BRH:0
end_of_record
TN:
SF:screens\myRentedProperties\myRentedProperties.js
FN:29,(anonymous_0)
FN:38,(anonymous_1)
FN:52,(anonymous_2)
FN:54,(anonymous_3)
FN:103,(anonymous_4)
FN:123,(anonymous_5)
FN:165,(anonymous_6)
FN:196,(anonymous_7)
FN:229,(anonymous_8)
FN:329,createStyles
FNF:10
FNH:0
FNDA:0,(anonymous_0)
FNDA:0,(anonymous_1)
FNDA:0,(anonymous_2)
FNDA:0,(anonymous_3)
FNDA:0,(anonymous_4)
FNDA:0,(anonymous_5)
FNDA:0,(anonymous_6)
FNDA:0,(anonymous_7)
FNDA:0,(anonymous_8)
FNDA:0,createStyles
DA:29,1
DA:30,0
DA:31,0
DA:32,0
DA:35,0
DA:36,0
DA:38,0
DA:39,0
DA:42,0
DA:52,0
DA:53,0
DA:54,0
DA:55,0
DA:104,0
DA:106,0
DA:109,0
DA:115,0
DA:116,0
DA:117,0
DA:123,0
DA:129,0
DA:166,0
DA:197,0
DA:230,0
DA:259,0
DA:316,0
DA:317,0
DA:319,0
DA:330,0
LF:29
LH:1
BRDA:63,0,0,0
BRDA:63,0,1,0
BRDA:73,1,0,0
BRDA:73,1,1,0
BRDA:82,2,0,0
BRDA:82,2,1,0
BRDA:88,3,0,0
BRDA:88,3,1,0
BRDA:89,4,0,0
BRDA:89,4,1,0
BRDA:99,5,0,0
BRDA:99,5,1,0
BRDA:100,6,0,0
BRDA:100,6,1,0
BRDA:104,7,0,0
BRDA:104,7,1,0
BRDA:104,8,0,0
BRDA:104,8,1,0
BRDA:106,9,0,0
BRDA:106,9,1,0
BRDA:115,10,0,0
BRDA:115,10,1,0
BRDA:115,11,0,0
BRDA:115,11,1,0
BRDA:146,12,0,0
BRDA:146,12,1,0
BRDA:158,13,0,0
BRDA:158,13,1,0
BRDA:190,14,0,0
BRDA:190,14,1,0
BRDA:223,15,0,0
BRDA:223,15,1,0
BRDA:265,16,0,0
BRDA:265,16,1,0
BRDA:308,17,0,0
BRDA:308,17,1,0
BRDA:316,18,0,0
BRDA:316,18,1,0
BRF:38
BRH:0
end_of_record
TN:
SF:screens\rentPropertiesScreen\rentPropertiesScreen.js
FN:29,(anonymous_0)
FN:38,(anonymous_1)
FN:53,(anonymous_2)
FN:55,(anonymous_3)
FN:104,(anonymous_4)
FN:124,(anonymous_5)
FN:166,(anonymous_6)
FN:197,(anonymous_7)
FN:292,createStyles
FNF:9
FNH:0
FNDA:0,(anonymous_0)
FNDA:0,(anonymous_1)
FNDA:0,(anonymous_2)
FNDA:0,(anonymous_3)
FNDA:0,(anonymous_4)
FNDA:0,(anonymous_5)
FNDA:0,(anonymous_6)
FNDA:0,(anonymous_7)
FNDA:0,createStyles
DA:29,1
DA:30,0
DA:31,0
DA:32,0
DA:35,0
DA:36,0
DA:38,0
DA:39,0
DA:40,0
DA:43,0
DA:53,0
DA:54,0
DA:55,0
DA:56,0
DA:105,0
DA:107,0
DA:110,0
DA:116,0
DA:117,0
DA:118,0
DA:124,0
DA:130,0
DA:167,0
DA:197,0
DA:222,0
DA:279,0
DA:280,0
DA:282,0
DA:293,0
LF:29
LH:1
BRDA:64,0,0,0
BRDA:64,0,1,0
BRDA:74,1,0,0
BRDA:74,1,1,0
BRDA:83,2,0,0
BRDA:83,2,1,0
BRDA:89,3,0,0
BRDA:89,3,1,0
BRDA:90,4,0,0
BRDA:90,4,1,0
BRDA:100,5,0,0
BRDA:100,5,1,0
BRDA:101,6,0,0
BRDA:101,6,1,0
BRDA:105,7,0,0
BRDA:105,7,1,0
BRDA:105,8,0,0
BRDA:105,8,1,0
BRDA:107,9,0,0
BRDA:107,9,1,0
BRDA:116,10,0,0
BRDA:116,10,1,0
BRDA:116,11,0,0
BRDA:116,11,1,0
BRDA:147,12,0,0
BRDA:147,12,1,0
BRDA:159,13,0,0
BRDA:159,13,1,0
BRDA:191,14,0,0
BRDA:191,14,1,0
BRDA:228,15,0,0
BRDA:228,15,1,0
BRDA:271,16,0,0
BRDA:271,16,1,0
BRDA:279,17,0,0
BRDA:279,17,1,0
BRF:36
BRH:0
end_of_record
TN:
SF:screens\reservationScreen\reservationScreen.js
FN:19,(anonymous_0)
FN:26,(anonymous_1)
FN:31,(anonymous_2)
FN:38,backArrow
FN:45,(anonymous_4)
FN:77,(anonymous_5)
FN:172,(anonymous_6)
FN:185,(anonymous_7)
FN:201,(anonymous_8)
FN:203,(anonymous_9)
FN:234,(anonymous_10)
FN:290,(anonymous_11)
FN:303,(anonymous_12)
FN:339,createStyles
FNF:14
FNH:0
FNDA:0,(anonymous_0)
FNDA:0,(anonymous_1)
FNDA:0,(anonymous_2)
FNDA:0,backArrow
FNDA:0,(anonymous_4)
FNDA:0,(anonymous_5)
FNDA:0,(anonymous_6)
FNDA:0,(anonymous_7)
FNDA:0,(anonymous_8)
FNDA:0,(anonymous_9)
FNDA:0,(anonymous_10)
FNDA:0,(anonymous_11)
FNDA:0,(anonymous_12)
FNDA:0,createStyles
DA:19,1
DA:21,0
DA:22,0
DA:23,0
DA:24,0
DA:26,0
DA:27,0
DA:30,0
DA:32,0
DA:36,0
DA:39,0
DA:46,0
DA:47,0
DA:48,0
DA:55,0
DA:58,0
DA:59,0
DA:60,0
DA:63,0
DA:65,0
DA:67,0
DA:77,0
DA:78,0
DA:80,0
DA:85,0
DA:86,0
DA:87,0
DA:91,0
DA:94,0
DA:172,0
DA:186,0
DA:202,0
DA:203,0
DA:205,0
DA:236,0
DA:241,0
DA:291,0
DA:304,0
DA:326,0
DA:327,0
DA:329,0
DA:340,0
LF:42
LH:1
BRDA:46,0,0,0
BRDA:46,0,1,0
BRDA:63,1,0,0
BRDA:63,1,1,0
BRDA:78,2,0,0
BRDA:78,2,1,0
BRDA:102,3,0,0
BRDA:102,3,1,0
BRDA:154,4,0,0
BRDA:154,4,1,0
BRDA:158,5,0,0
BRDA:158,5,1,0
BRDA:165,6,0,0
BRDA:165,6,1,0
BRDA:189,7,0,0
BRDA:189,7,1,0
BRDA:202,8,0,0
BRDA:202,8,1,0
BRDA:213,9,0,0
BRDA:213,9,1,0
BRDA:289,10,0,0
BRDA:289,10,1,0
BRDA:326,11,0,0
BRDA:326,11,1,0
BRF:24
BRH:0
end_of_record
