TN:
SF:App.js
FN:9,(anonymous_0)
FN:11,(anonymous_1)
FN:12,loadFont
FNF:3
FNH:3
FNDA:2,(anonymous_0)
FNDA:1,(anonymous_1)
FNDA:1,loadFont
DA:9,1
DA:10,2
DA:11,2
DA:13,1
DA:27,1
DA:29,1
DA:30,1
DA:33,2
LF:8
LH:8
BRDA:33,0,0,1
BRDA:33,0,1,1
BRF:2
BRH:2
end_of_record
TN:
SF:hooks\useAuth.js
FN:26,(anonymous_0)
FN:35,(anonymous_1)
FN:36,(anonymous_2)
FN:50,(anonymous_3)
FN:55,(anonymous_4)
FN:67,(anonymous_5)
FN:69,(anonymous_6)
FN:76,(anonymous_7)
FN:88,(anonymous_8)
FN:90,(anonymous_9)
FN:97,emailLogin
FN:99,(anonymous_11)
FN:103,(anonymous_12)
FN:113,(anonymous_13)
FN:115,(anonymous_14)
FN:118,(anonymous_15)
FN:129,(anonymous_16)
FN:141,(anonymous_17)
FN:143,(anonymous_18)
FN:160,(anonymous_19)
FN:173,(anonymous_20)
FN:175,(anonymous_21)
FN:191,(anonymous_22)
FN:231,(anonymous_23)
FN:248,processText
FN:269,(anonymous_25)
FN:276,(anonymous_26)
FN:278,(anonymous_27)
FN:301,(anonymous_28)
FN:312,(anonymous_29)
FN:314,(anonymous_30)
FN:323,(anonymous_31)
FN:335,(anonymous_32)
FN:343,(anonymous_33)
FN:354,(anonymous_34)
FN:356,(anonymous_35)
FN:365,(anonymous_36)
FN:384,(anonymous_37)
FN:386,(anonymous_38)
FN:394,(anonymous_39)
FN:415,(anonymous_40)
FN:417,(anonymous_41)
FN:419,(anonymous_42)
FN:420,(anonymous_43)
FN:429,(anonymous_44)
FN:456,useAuth
FNF:46
FNH:13
FNDA:4,(anonymous_0)
FNDA:1,(anonymous_1)
FNDA:2,(anonymous_2)
FNDA:0,(anonymous_3)
FNDA:1,(anonymous_4)
FNDA:1,(anonymous_5)
FNDA:1,(anonymous_6)
FNDA:0,(anonymous_7)
FNDA:0,(anonymous_8)
FNDA:0,(anonymous_9)
FNDA:1,emailLogin
FNDA:1,(anonymous_11)
FNDA:1,(anonymous_12)
FNDA:1,(anonymous_13)
FNDA:0,(anonymous_14)
FNDA:1,(anonymous_15)
FNDA:0,(anonymous_16)
FNDA:0,(anonymous_17)
FNDA:0,(anonymous_18)
FNDA:0,(anonymous_19)
FNDA:0,(anonymous_20)
FNDA:0,(anonymous_21)
FNDA:0,(anonymous_22)
FNDA:0,(anonymous_23)
FNDA:0,processText
FNDA:0,(anonymous_25)
FNDA:0,(anonymous_26)
FNDA:0,(anonymous_27)
FNDA:0,(anonymous_28)
FNDA:0,(anonymous_29)
FNDA:0,(anonymous_30)
FNDA:0,(anonymous_31)
FNDA:0,(anonymous_32)
FNDA:0,(anonymous_33)
FNDA:0,(anonymous_34)
FNDA:0,(anonymous_35)
FNDA:0,(anonymous_36)
FNDA:0,(anonymous_37)
FNDA:0,(anonymous_38)
FNDA:0,(anonymous_39)
FNDA:0,(anonymous_40)
FNDA:0,(anonymous_41)
FNDA:0,(anonymous_42)
FNDA:0,(anonymous_43)
FNDA:4,(anonymous_44)
FNDA:47,useAuth
DA:24,1
DA:26,1
DA:27,4
DA:28,4
DA:29,4
DA:30,4
DA:31,4
DA:33,4
DA:35,4
DA:36,1
DA:37,2
DA:38,1
DA:39,1
DA:40,1
DA:42,1
DA:44,1
DA:45,1
DA:50,1
DA:51,0
DA:55,4
DA:56,1
DA:58,1
DA:68,1
DA:69,1
DA:70,1
DA:76,4
DA:77,0
DA:79,0
DA:89,0
DA:90,0
DA:91,0
DA:98,1
DA:101,1
DA:104,1
DA:106,1
DA:108,0
DA:113,4
DA:114,1
DA:121,1
DA:122,1
DA:124,0
DA:129,4
DA:130,0
DA:132,0
DA:142,0
DA:143,0
DA:144,0
DA:145,0
DA:147,0
DA:154,0
DA:160,4
DA:161,0
DA:163,0
DA:174,0
DA:175,0
DA:176,0
DA:191,4
DA:192,0
DA:194,0
DA:195,0
DA:206,0
DA:207,0
DA:211,0
DA:212,0
DA:213,0
DA:214,0
DA:217,0
DA:218,0
DA:219,0
DA:220,0
DA:221,0
DA:222,0
DA:223,0
DA:224,0
DA:225,0
DA:227,0
DA:231,4
DA:232,0
DA:233,0
DA:244,0
DA:247,0
DA:248,0
DA:249,0
DA:250,0
DA:254,0
DA:257,0
DA:259,0
DA:265,0
DA:269,4
DA:270,0
DA:271,0
DA:272,0
DA:277,0
DA:278,0
DA:279,0
DA:280,0
DA:282,0
DA:301,4
DA:302,0
DA:304,0
DA:313,0
DA:314,0
DA:315,0
DA:316,0
DA:317,0
DA:323,4
DA:324,0
DA:326,0
DA:336,0
DA:337,0
DA:338,0
DA:343,4
DA:344,0
DA:346,0
DA:355,0
DA:356,0
DA:357,0
DA:358,0
DA:359,0
DA:365,4
DA:371,0
DA:373,0
DA:385,0
DA:386,0
DA:387,0
DA:388,0
DA:394,4
DA:401,0
DA:403,0
DA:416,0
DA:417,0
DA:418,0
DA:419,0
DA:420,0
DA:422,0
DA:428,4
DA:429,4
DA:451,4
DA:457,47
LF:139
LH:47
BRDA:37,0,0,1
BRDA:37,0,1,1
BRDA:44,1,0,1
BRDA:44,1,1,0
BRDA:68,2,0,1
BRDA:68,2,1,0
BRDA:89,3,0,0
BRDA:89,3,1,0
BRDA:97,4,0,0
BRDA:104,5,0,1
BRDA:104,5,1,0
BRDA:121,6,0,1
BRDA:121,6,1,0
BRDA:142,7,0,0
BRDA:142,7,1,0
BRDA:144,8,0,0
BRDA:144,8,1,0
BRDA:174,9,0,0
BRDA:174,9,1,0
BRDA:206,10,0,0
BRDA:206,10,1,0
BRDA:214,11,0,0
BRDA:214,11,1,0
BRDA:214,12,0,0
BRDA:214,12,1,0
BRDA:249,13,0,0
BRDA:249,13,1,0
BRDA:277,14,0,0
BRDA:277,14,1,0
BRDA:279,15,0,0
BRDA:279,15,1,0
BRDA:313,16,0,0
BRDA:313,16,1,0
BRDA:336,17,0,0
BRDA:336,17,1,0
BRDA:355,18,0,0
BRDA:355,18,1,0
BRDA:385,19,0,0
BRDA:385,19,1,0
BRDA:416,20,0,0
BRDA:416,20,1,0
BRF:41
BRH:6
end_of_record
TN:
SF:navigator\bottomTabBar.js
FN:26,(anonymous_0)
FN:35,(anonymous_1)
FN:36,(anonymous_2)
FN:41,(anonymous_3)
FN:45,(anonymous_4)
FN:50,(anonymous_5)
FN:57,(anonymous_6)
FN:59,(anonymous_7)
FN:64,_spring
FN:66,(anonymous_9)
FN:91,(anonymous_10)
FN:105,(anonymous_11)
FN:119,(anonymous_12)
FN:132,(anonymous_13)
FN:145,(anonymous_14)
FN:159,(anonymous_15)
FN:172,tabIconSort
FN:192,exitInfo
FN:203,createStyles
FNF:19
FNH:14
FNDA:3,(anonymous_0)
FNDA:1,(anonymous_1)
FNDA:0,(anonymous_2)
FNDA:0,(anonymous_3)
FNDA:0,(anonymous_4)
FNDA:1,(anonymous_5)
FNDA:3,(anonymous_6)
FNDA:2,(anonymous_7)
FNDA:0,_spring
FNDA:0,(anonymous_9)
FNDA:8,(anonymous_10)
FNDA:8,(anonymous_11)
FNDA:8,(anonymous_12)
FNDA:8,(anonymous_13)
FNDA:8,(anonymous_14)
FNDA:8,(anonymous_15)
FNDA:48,tabIconSort
FNDA:3,exitInfo
FNDA:3,createStyles
DA:24,1
DA:26,1
DA:27,3
DA:29,3
DA:31,3
DA:35,3
DA:36,1
DA:37,0
DA:40,1
DA:41,1
DA:44,3
DA:45,3
DA:46,0
DA:47,0
DA:50,3
DA:51,1
DA:52,0
DA:56,3
DA:58,3
DA:59,3
DA:60,2
DA:65,0
DA:66,0
DA:67,0
DA:71,3
DA:73,3
DA:92,8
DA:106,8
DA:120,8
DA:133,8
DA:146,8
DA:160,8
DA:173,48
DA:193,3
DA:204,3
LF:35
LH:28
BRDA:46,0,0,0
BRDA:46,0,1,0
BRDA:51,1,0,0
BRDA:51,1,1,1
BRDA:51,2,0,1
BRDA:51,2,1,0
BRDA:193,3,0,0
BRDA:193,3,1,3
BRF:8
BRH:3
end_of_record
TN:
SF:screens\AppContent.js
FN:26,(anonymous_0)
FNF:1
FNH:1
FNDA:1,(anonymous_0)
DA:24,1
DA:26,1
DA:27,1
LF:3
LH:3
BRF:0
BRH:0
end_of_record
TN:
SF:screens\financialSystem\financialSystemScreen.js
FN:25,(anonymous_0)
FN:55,(anonymous_1)
FN:56,(anonymous_2)
FN:65,(anonymous_3)
FN:68,(anonymous_4)
FN:69,(anonymous_5)
FN:71,(anonymous_6)
FN:72,(anonymous_7)
FN:74,(anonymous_8)
FN:98,(anonymous_9)
FN:113,(anonymous_10)
FN:126,(anonymous_11)
FN:128,(anonymous_12)
FN:130,(anonymous_13)
FN:136,(anonymous_14)
FN:140,backArrow
FN:147,(anonymous_16)
FN:356,(anonymous_17)
FN:383,(anonymous_18)
FN:438,(anonymous_19)
FN:468,FeePerSquareFoot
FN:475,(anonymous_21)
FN:481,(anonymous_22)
FN:498,CostAmount
FN:505,(anonymous_24)
FN:510,(anonymous_25)
FN:526,CostDescription
FN:533,(anonymous_27)
FN:538,(anonymous_28)
FN:557,TenantID
FN:564,(anonymous_30)
FN:569,(anonymous_31)
FN:586,FeePerParkingSpot
FN:593,(anonymous_33)
FN:599,(anonymous_34)
FN:629,createStyles
FNF:36
FNH:0
FNDA:0,(anonymous_0)
FNDA:0,(anonymous_1)
FNDA:0,(anonymous_2)
FNDA:0,(anonymous_3)
FNDA:0,(anonymous_4)
FNDA:0,(anonymous_5)
FNDA:0,(anonymous_6)
FNDA:0,(anonymous_7)
FNDA:0,(anonymous_8)
FNDA:0,(anonymous_9)
FNDA:0,(anonymous_10)
FNDA:0,(anonymous_11)
FNDA:0,(anonymous_12)
FNDA:0,(anonymous_13)
FNDA:0,(anonymous_14)
FNDA:0,backArrow
FNDA:0,(anonymous_16)
FNDA:0,(anonymous_17)
FNDA:0,(anonymous_18)
FNDA:0,(anonymous_19)
FNDA:0,FeePerSquareFoot
FNDA:0,(anonymous_21)
FNDA:0,(anonymous_22)
FNDA:0,CostAmount
FNDA:0,(anonymous_24)
FNDA:0,(anonymous_25)
FNDA:0,CostDescription
FNDA:0,(anonymous_27)
FNDA:0,(anonymous_28)
FNDA:0,TenantID
FNDA:0,(anonymous_30)
FNDA:0,(anonymous_31)
FNDA:0,FeePerParkingSpot
FNDA:0,(anonymous_33)
FNDA:0,(anonymous_34)
FNDA:0,createStyles
DA:25,1
DA:26,0
DA:27,0
DA:28,0
DA:31,0
DA:32,0
DA:33,0
DA:42,0
DA:47,0
DA:48,0
DA:49,0
DA:50,0
DA:51,0
DA:52,0
DA:53,0
DA:55,0
DA:56,0
DA:57,0
DA:60,0
DA:61,0
DA:64,0
DA:65,0
DA:68,0
DA:69,0
DA:71,0
DA:72,0
DA:74,0
DA:75,0
DA:76,0
DA:77,0
DA:80,0
DA:81,0
DA:84,0
DA:87,0
DA:88,0
DA:89,0
DA:92,0
DA:93,0
DA:98,0
DA:99,0
DA:104,0
DA:109,0
DA:110,0
DA:113,0
DA:114,0
DA:118,0
DA:119,0
DA:122,0
DA:123,0
DA:126,0
DA:127,0
DA:128,0
DA:130,0
DA:136,0
DA:137,0
DA:138,0
DA:141,0
DA:148,0
DA:149,0
DA:150,0
DA:158,0
DA:357,0
DA:383,0
DA:439,0
DA:469,0
DA:470,0
DA:475,0
DA:481,0
DA:499,0
DA:500,0
DA:505,0
DA:510,0
DA:527,0
DA:528,0
DA:533,0
DA:539,0
DA:558,0
DA:559,0
DA:564,0
DA:569,0
DA:587,0
DA:588,0
DA:593,0
DA:599,0
DA:616,0
DA:617,0
DA:619,0
DA:630,0
LF:88
LH:1
BRDA:60,0,0,0
BRDA:60,0,1,0
BRDA:75,1,0,0
BRDA:75,1,1,0
BRDA:75,2,0,0
BRDA:75,2,1,0
BRDA:80,3,0,0
BRDA:80,3,1,0
BRDA:87,4,0,0
BRDA:87,4,1,0
BRDA:114,5,0,0
BRDA:114,5,1,0
BRDA:115,6,0,0
BRDA:115,6,1,0
BRDA:148,7,0,0
BRDA:148,7,1,0
BRDA:164,8,0,0
BRDA:164,8,1,0
BRDA:194,9,0,0
BRDA:194,9,1,0
BRDA:257,10,0,0
BRDA:257,10,1,0
BRDA:345,11,0,0
BRDA:345,11,1,0
BRDA:407,12,0,0
BRDA:407,12,1,0
BRDA:616,13,0,0
BRDA:616,13,1,0
BRF:28
BRH:0
end_of_record
TN:
SF:screens\myRentedProperties\myRentedProperties.js
FN:29,(anonymous_0)
FN:38,(anonymous_1)
FN:52,(anonymous_2)
FN:54,(anonymous_3)
FN:103,(anonymous_4)
FN:123,(anonymous_5)
FN:165,(anonymous_6)
FN:199,(anonymous_7)
FN:232,(anonymous_8)
FN:332,createStyles
FNF:10
FNH:0
FNDA:0,(anonymous_0)
FNDA:0,(anonymous_1)
FNDA:0,(anonymous_2)
FNDA:0,(anonymous_3)
FNDA:0,(anonymous_4)
FNDA:0,(anonymous_5)
FNDA:0,(anonymous_6)
FNDA:0,(anonymous_7)
FNDA:0,(anonymous_8)
FNDA:0,createStyles
DA:29,1
DA:30,0
DA:31,0
DA:32,0
DA:35,0
DA:36,0
DA:38,0
DA:39,0
DA:42,0
DA:52,0
DA:53,0
DA:54,0
DA:55,0
DA:104,0
DA:106,0
DA:109,0
DA:115,0
DA:116,0
DA:117,0
DA:123,0
DA:129,0
DA:166,0
DA:200,0
DA:233,0
DA:262,0
DA:319,0
DA:320,0
DA:322,0
DA:333,0
LF:29
LH:1
BRDA:63,0,0,0
BRDA:63,0,1,0
BRDA:73,1,0,0
BRDA:73,1,1,0
BRDA:82,2,0,0
BRDA:82,2,1,0
BRDA:88,3,0,0
BRDA:88,3,1,0
BRDA:89,4,0,0
BRDA:89,4,1,0
BRDA:99,5,0,0
BRDA:99,5,1,0
BRDA:100,6,0,0
BRDA:100,6,1,0
BRDA:104,7,0,0
BRDA:104,7,1,0
BRDA:104,8,0,0
BRDA:104,8,1,0
BRDA:106,9,0,0
BRDA:106,9,1,0
BRDA:115,10,0,0
BRDA:115,10,1,0
BRDA:115,11,0,0
BRDA:115,11,1,0
BRDA:146,12,0,0
BRDA:146,12,1,0
BRDA:158,13,0,0
BRDA:158,13,1,0
BRDA:193,14,0,0
BRDA:193,14,1,0
BRDA:226,15,0,0
BRDA:226,15,1,0
BRDA:268,16,0,0
BRDA:268,16,1,0
BRDA:311,17,0,0
BRDA:311,17,1,0
BRDA:319,18,0,0
BRDA:319,18,1,0
BRF:38
BRH:0
end_of_record
TN:
SF:screens\propertyPage\propertyPage.js
FN:18,(anonymous_0)
FN:31,(anonymous_1)
FN:32,(anonymous_2)
FN:37,(anonymous_3)
FN:40,backArrow
FN:47,(anonymous_5)
FN:83,(anonymous_6)
FN:85,(anonymous_7)
FN:92,(anonymous_8)
FN:114,(anonymous_9)
FN:175,createStyles
FNF:11
FNH:0
FNDA:0,(anonymous_0)
FNDA:0,(anonymous_1)
FNDA:0,(anonymous_2)
FNDA:0,(anonymous_3)
FNDA:0,backArrow
FNDA:0,(anonymous_5)
FNDA:0,(anonymous_6)
FNDA:0,(anonymous_7)
FNDA:0,(anonymous_8)
FNDA:0,(anonymous_9)
FNDA:0,createStyles
DA:18,1
DA:19,0
DA:22,0
DA:23,0
DA:24,0
DA:25,0
DA:27,0
DA:29,0
DA:31,0
DA:32,0
DA:33,0
DA:36,0
DA:37,0
DA:41,0
DA:48,0
DA:49,0
DA:50,0
DA:57,0
DA:58,0
DA:66,0
DA:83,0
DA:86,0
DA:92,0
DA:114,0
DA:176,0
LF:25
LH:1
BRDA:48,0,0,0
BRDA:48,0,1,0
BRDA:57,1,0,0
BRDA:57,1,1,0
BRDA:76,2,0,0
BRDA:76,2,1,0
BRDA:82,3,0,0
BRDA:82,3,1,0
BRDA:104,4,0,0
BRDA:104,4,1,0
BRDA:107,5,0,0
BRDA:107,5,1,0
BRDA:110,6,0,0
BRDA:110,6,1,0
BRDA:117,7,0,0
BRDA:117,7,1,0
BRF:16
BRH:0
end_of_record
TN:
SF:screens\propertyProfile\propertyProfileScreen.js
FN:29,(anonymous_0)
FN:38,(anonymous_1)
FN:38,(anonymous_2)
FN:49,(anonymous_3)
FN:50,(anonymous_4)
FN:59,(anonymous_5)
FN:64,(anonymous_6)
FN:65,(anonymous_7)
FN:70,(anonymous_8)
FN:73,(anonymous_9)
FN:92,(anonymous_10)
FN:110,(anonymous_11)
FN:112,(anonymous_12)
FN:119,(anonymous_13)
FN:137,(anonymous_14)
FN:147,(anonymous_15)
FN:148,(anonymous_16)
FN:173,(anonymous_17)
FN:202,(anonymous_18)
FN:222,(anonymous_19)
FN:265,(anonymous_20)
FN:300,(anonymous_21)
FN:332,(anonymous_22)
FN:394,(anonymous_23)
FN:410,(anonymous_24)
FN:444,(anonymous_25)
FN:478,(anonymous_26)
FN:514,(anonymous_27)
FN:548,(anonymous_28)
FN:590,(anonymous_29)
FN:653,createStyles
FNF:31
FNH:3
FNDA:2,(anonymous_0)
FNDA:0,(anonymous_1)
FNDA:0,(anonymous_2)
FNDA:0,(anonymous_3)
FNDA:0,(anonymous_4)
FNDA:0,(anonymous_5)
FNDA:1,(anonymous_6)
FNDA:0,(anonymous_7)
FNDA:0,(anonymous_8)
FNDA:0,(anonymous_9)
FNDA:0,(anonymous_10)
FNDA:0,(anonymous_11)
FNDA:0,(anonymous_12)
FNDA:0,(anonymous_13)
FNDA:0,(anonymous_14)
FNDA:0,(anonymous_15)
FNDA:0,(anonymous_16)
FNDA:0,(anonymous_17)
FNDA:0,(anonymous_18)
FNDA:0,(anonymous_19)
FNDA:0,(anonymous_20)
FNDA:0,(anonymous_21)
FNDA:0,(anonymous_22)
FNDA:0,(anonymous_23)
FNDA:0,(anonymous_24)
FNDA:0,(anonymous_25)
FNDA:0,(anonymous_26)
FNDA:0,(anonymous_27)
FNDA:0,(anonymous_28)
FNDA:0,(anonymous_29)
FNDA:2,createStyles
DA:29,1
DA:30,2
DA:31,2
DA:34,2
DA:35,2
DA:36,2
DA:38,2
DA:40,2
DA:49,2
DA:50,0
DA:51,0
DA:52,0
DA:55,0
DA:59,2
DA:60,0
DA:61,0
DA:64,2
DA:65,1
DA:66,0
DA:69,1
DA:70,1
DA:73,2
DA:74,0
DA:79,0
DA:80,0
DA:81,0
DA:82,0
DA:84,0
DA:85,0
DA:86,0
DA:87,0
DA:88,0
DA:92,2
DA:93,0
DA:97,0
DA:98,0
DA:99,0
DA:100,0
DA:102,0
DA:103,0
DA:104,0
DA:105,0
DA:106,0
DA:110,2
DA:111,0
DA:113,0
DA:114,0
DA:116,0
DA:120,0
DA:124,2
DA:134,2
DA:135,2
DA:137,2
DA:138,0
DA:140,0
DA:147,2
DA:148,0
DA:149,0
DA:173,0
DA:203,0
DA:205,0
DA:208,0
DA:214,0
DA:215,0
DA:216,0
DA:222,0
DA:228,0
DA:266,0
DA:300,0
DA:333,0
DA:358,2
DA:394,0
DA:411,0
DA:445,0
DA:479,0
DA:515,0
DA:549,0
DA:590,0
DA:640,2
DA:641,2
DA:643,0
DA:654,2
LF:82
LH:26
BRDA:51,0,0,0
BRDA:51,0,1,0
BRDA:79,1,0,0
BRDA:79,1,1,0
BRDA:82,2,0,0
BRDA:82,2,1,0
BRDA:97,3,0,0
BRDA:97,3,1,0
BRDA:100,4,0,0
BRDA:100,4,1,0
BRDA:113,5,0,0
BRDA:113,5,1,0
BRDA:141,6,0,0
BRDA:141,6,1,0
BRDA:156,7,0,0
BRDA:156,7,1,0
BRDA:166,8,0,0
BRDA:166,8,1,0
BRDA:179,9,0,0
BRDA:179,9,1,0
BRDA:185,10,0,0
BRDA:185,10,1,0
BRDA:186,11,0,0
BRDA:186,11,1,0
BRDA:197,12,0,0
BRDA:197,12,1,0
BRDA:198,13,0,0
BRDA:198,13,1,0
BRDA:203,14,0,0
BRDA:203,14,1,0
BRDA:203,15,0,0
BRDA:203,15,1,0
BRDA:205,16,0,0
BRDA:205,16,1,0
BRDA:214,17,0,0
BRDA:214,17,1,0
BRDA:214,18,0,0
BRDA:214,18,1,0
BRDA:246,19,0,0
BRDA:246,19,1,0
BRDA:258,20,0,0
BRDA:258,20,1,0
BRDA:293,21,0,0
BRDA:293,21,1,0
BRDA:326,22,0,0
BRDA:326,22,1,0
BRDA:364,23,0,0
BRDA:364,23,1,2
BRDA:632,24,0,2
BRDA:632,24,1,0
BRDA:640,25,0,2
BRDA:640,25,1,0
BRF:52
BRH:3
end_of_record
TN:
SF:screens\rentPropertiesScreen\rentPropertiesScreen.js
FN:29,(anonymous_0)
FN:38,(anonymous_1)
FN:53,(anonymous_2)
FN:54,(anonymous_3)
FN:103,(anonymous_4)
FN:123,(anonymous_5)
FN:165,(anonymous_6)
FN:199,(anonymous_7)
FN:294,createStyles
FNF:9
FNH:0
FNDA:0,(anonymous_0)
FNDA:0,(anonymous_1)
FNDA:0,(anonymous_2)
FNDA:0,(anonymous_3)
FNDA:0,(anonymous_4)
FNDA:0,(anonymous_5)
FNDA:0,(anonymous_6)
FNDA:0,(anonymous_7)
FNDA:0,createStyles
DA:29,1
DA:30,0
DA:31,0
DA:32,0
DA:35,0
DA:36,0
DA:38,0
DA:39,0
DA:40,0
DA:43,0
DA:53,0
DA:54,0
DA:55,0
DA:104,0
DA:106,0
DA:109,0
DA:115,0
DA:116,0
DA:117,0
DA:123,0
DA:129,0
DA:166,0
DA:199,0
DA:224,0
DA:281,0
DA:282,0
DA:284,0
DA:295,0
LF:28
LH:1
BRDA:63,0,0,0
BRDA:63,0,1,0
BRDA:73,1,0,0
BRDA:73,1,1,0
BRDA:82,2,0,0
BRDA:82,2,1,0
BRDA:88,3,0,0
BRDA:88,3,1,0
BRDA:89,4,0,0
BRDA:89,4,1,0
BRDA:99,5,0,0
BRDA:99,5,1,0
BRDA:100,6,0,0
BRDA:100,6,1,0
BRDA:104,7,0,0
BRDA:104,7,1,0
BRDA:104,8,0,0
BRDA:104,8,1,0
BRDA:106,9,0,0
BRDA:106,9,1,0
BRDA:115,10,0,0
BRDA:115,10,1,0
BRDA:115,11,0,0
BRDA:115,11,1,0
BRDA:146,12,0,0
BRDA:146,12,1,0
BRDA:158,13,0,0
BRDA:158,13,1,0
BRDA:193,14,0,0
BRDA:193,14,1,0
BRDA:230,15,0,0
BRDA:230,15,1,0
BRDA:273,16,0,0
BRDA:273,16,1,0
BRDA:281,17,0,0
BRDA:281,17,1,0
BRF:36
BRH:0
end_of_record
TN:
SF:screens\reservationScreen\reservationScreen.js
FN:19,(anonymous_0)
FN:26,(anonymous_1)
FN:31,(anonymous_2)
FN:38,backArrow
FN:45,(anonymous_4)
FN:77,(anonymous_5)
FN:172,(anonymous_6)
FN:185,(anonymous_7)
FN:201,(anonymous_8)
FN:203,(anonymous_9)
FN:234,(anonymous_10)
FN:290,(anonymous_11)
FN:303,(anonymous_12)
FN:339,createStyles
FNF:14
FNH:0
FNDA:0,(anonymous_0)
FNDA:0,(anonymous_1)
FNDA:0,(anonymous_2)
FNDA:0,backArrow
FNDA:0,(anonymous_4)
FNDA:0,(anonymous_5)
FNDA:0,(anonymous_6)
FNDA:0,(anonymous_7)
FNDA:0,(anonymous_8)
FNDA:0,(anonymous_9)
FNDA:0,(anonymous_10)
FNDA:0,(anonymous_11)
FNDA:0,(anonymous_12)
FNDA:0,createStyles
DA:19,1
DA:21,0
DA:22,0
DA:23,0
DA:24,0
DA:26,0
DA:27,0
DA:30,0
DA:32,0
DA:36,0
DA:39,0
DA:46,0
DA:47,0
DA:48,0
DA:55,0
DA:58,0
DA:59,0
DA:60,0
DA:63,0
DA:65,0
DA:67,0
DA:77,0
DA:78,0
DA:80,0
DA:85,0
DA:86,0
DA:87,0
DA:91,0
DA:94,0
DA:172,0
DA:186,0
DA:202,0
DA:203,0
DA:205,0
DA:236,0
DA:241,0
DA:291,0
DA:304,0
DA:326,0
DA:327,0
DA:329,0
DA:340,0
LF:42
LH:1
BRDA:46,0,0,0
BRDA:46,0,1,0
BRDA:63,1,0,0
BRDA:63,1,1,0
BRDA:78,2,0,0
BRDA:78,2,1,0
BRDA:102,3,0,0
BRDA:102,3,1,0
BRDA:154,4,0,0
BRDA:154,4,1,0
BRDA:158,5,0,0
BRDA:158,5,1,0
BRDA:165,6,0,0
BRDA:165,6,1,0
BRDA:189,7,0,0
BRDA:189,7,1,0
BRDA:202,8,0,0
BRDA:202,8,1,0
BRDA:213,9,0,0
BRDA:213,9,1,0
BRDA:289,10,0,0
BRDA:289,10,1,0
BRDA:326,11,0,0
BRDA:326,11,1,0
BRF:24
BRH:0
end_of_record
