{
  "C:\\Users\\James\\Desktop\\School\\Winter 2024\\Soen 390\\SOEN390\\condo-management-app\\hooks\\useAuth.js": {
    "path": "C:\\Users\\James\\Desktop\\School\\Winter 2024\\Soen 390\\SOEN390\\condo-management-app\\hooks\\useAuth.js",
    "statementMap": {
      "0": {
        "start": {
          "line": 24,
          "column": 20
        },
        "end": {
          "line": 24,
          "column": 37
        }
      },
      "1": {
        "start": {
          "line": 26,
          "column": 28
        },
        "end": {
          "line": 454,
          "column": 1
        }
      },
      "2": {
        "start": {
          "line": 27,
          "column": 26
        },
        "end": {
          "line": 27,
          "column": 40
        }
      },
      "3": {
        "start": {
          "line": 28,
          "column": 21
        },
        "end": {
          "line": 28,
          "column": 36
        }
      },
      "4": {
        "start": {
          "line": 29,
          "column": 54
        },
        "end": {
          "line": 29,
          "column": 69
        }
      },
      "5": {
        "start": {
          "line": 30,
          "column": 50
        },
        "end": {
          "line": 30,
          "column": 65
        }
      },
      "6": {
        "start": {
          "line": 31,
          "column": 38
        },
        "end": {
          "line": 31,
          "column": 50
        }
      },
      "7": {
        "start": {
          "line": 33,
          "column": 4
        },
        "end": {
          "line": 33,
          "column": 60
        }
      },
      "8": {
        "start": {
          "line": 35,
          "column": 2
        },
        "end": {
          "line": 53,
          "column": 9
        }
      },
      "9": {
        "start": {
          "line": 36,
          "column": 22
        },
        "end": {
          "line": 48,
          "column": 6
        }
      },
      "10": {
        "start": {
          "line": 37,
          "column": 6
        },
        "end": {
          "line": 47,
          "column": 7
        }
      },
      "11": {
        "start": {
          "line": 38,
          "column": 8
        },
        "end": {
          "line": 38,
          "column": 22
        }
      },
      "12": {
        "start": {
          "line": 39,
          "column": 8
        },
        "end": {
          "line": 39,
          "column": 28
        }
      },
      "13": {
        "start": {
          "line": 40,
          "column": 8
        },
        "end": {
          "line": 40,
          "column": 47
        }
      },
      "14": {
        "start": {
          "line": 42,
          "column": 8
        },
        "end": {
          "line": 42,
          "column": 40
        }
      },
      "15": {
        "start": {
          "line": 44,
          "column": 8
        },
        "end": {
          "line": 46,
          "column": 9
        }
      },
      "16": {
        "start": {
          "line": 45,
          "column": 10
        },
        "end": {
          "line": 45,
          "column": 28
        }
      },
      "17": {
        "start": {
          "line": 50,
          "column": 4
        },
        "end": {
          "line": 52,
          "column": 6
        }
      },
      "18": {
        "start": {
          "line": 51,
          "column": 6
        },
        "end": {
          "line": 51,
          "column": 20
        }
      },
      "19": {
        "start": {
          "line": 55,
          "column": 24
        },
        "end": {
          "line": 74,
          "column": 3
        }
      },
      "20": {
        "start": {
          "line": 56,
          "column": 20
        },
        "end": {
          "line": 56,
          "column": 42
        }
      },
      "21": {
        "start": {
          "line": 58,
          "column": 4
        },
        "end": {
          "line": 73,
          "column": 7
        }
      },
      "22": {
        "start": {
          "line": 68,
          "column": 6
        },
        "end": {
          "line": 72,
          "column": 7
        }
      },
      "23": {
        "start": {
          "line": 69,
          "column": 8
        },
        "end": {
          "line": 71,
          "column": 11
        }
      },
      "24": {
        "start": {
          "line": 70,
          "column": 10
        },
        "end": {
          "line": 70,
          "column": 41
        }
      },
      "25": {
        "start": {
          "line": 76,
          "column": 28
        },
        "end": {
          "line": 95,
          "column": 3
        }
      },
      "26": {
        "start": {
          "line": 77,
          "column": 20
        },
        "end": {
          "line": 77,
          "column": 42
        }
      },
      "27": {
        "start": {
          "line": 79,
          "column": 4
        },
        "end": {
          "line": 94,
          "column": 7
        }
      },
      "28": {
        "start": {
          "line": 89,
          "column": 6
        },
        "end": {
          "line": 93,
          "column": 7
        }
      },
      "29": {
        "start": {
          "line": 90,
          "column": 8
        },
        "end": {
          "line": 92,
          "column": 11
        }
      },
      "30": {
        "start": {
          "line": 91,
          "column": 10
        },
        "end": {
          "line": 91,
          "column": 41
        }
      },
      "31": {
        "start": {
          "line": 98,
          "column": 4
        },
        "end": {
          "line": 110,
          "column": 9
        }
      },
      "32": {
        "start": {
          "line": 101,
          "column": 8
        },
        "end": {
          "line": 101,
          "column": 64
        }
      },
      "33": {
        "start": {
          "line": 104,
          "column": 8
        },
        "end": {
          "line": 109,
          "column": 9
        }
      },
      "34": {
        "start": {
          "line": 106,
          "column": 10
        },
        "end": {
          "line": 106,
          "column": 48
        }
      },
      "35": {
        "start": {
          "line": 108,
          "column": 10
        },
        "end": {
          "line": 108,
          "column": 31
        }
      },
      "36": {
        "start": {
          "line": 113,
          "column": 22
        },
        "end": {
          "line": 127,
          "column": 3
        }
      },
      "37": {
        "start": {
          "line": 114,
          "column": 4
        },
        "end": {
          "line": 126,
          "column": 9
        }
      },
      "38": {
        "start": {
          "line": 121,
          "column": 8
        },
        "end": {
          "line": 125,
          "column": 9
        }
      },
      "39": {
        "start": {
          "line": 122,
          "column": 10
        },
        "end": {
          "line": 122,
          "column": 54
        }
      },
      "40": {
        "start": {
          "line": 124,
          "column": 10
        },
        "end": {
          "line": 124,
          "column": 31
        }
      },
      "41": {
        "start": {
          "line": 129,
          "column": 22
        },
        "end": {
          "line": 158,
          "column": 3
        }
      },
      "42": {
        "start": {
          "line": 130,
          "column": 20
        },
        "end": {
          "line": 130,
          "column": 42
        }
      },
      "43": {
        "start": {
          "line": 132,
          "column": 4
        },
        "end": {
          "line": 157,
          "column": 7
        }
      },
      "44": {
        "start": {
          "line": 142,
          "column": 6
        },
        "end": {
          "line": 156,
          "column": 7
        }
      },
      "45": {
        "start": {
          "line": 143,
          "column": 8
        },
        "end": {
          "line": 155,
          "column": 11
        }
      },
      "46": {
        "start": {
          "line": 144,
          "column": 10
        },
        "end": {
          "line": 146,
          "column": 11
        }
      },
      "47": {
        "start": {
          "line": 145,
          "column": 12
        },
        "end": {
          "line": 145,
          "column": 44
        }
      },
      "48": {
        "start": {
          "line": 147,
          "column": 10
        },
        "end": {
          "line": 153,
          "column": 13
        }
      },
      "49": {
        "start": {
          "line": 154,
          "column": 10
        },
        "end": {
          "line": 154,
          "column": 38
        }
      },
      "50": {
        "start": {
          "line": 160,
          "column": 35
        },
        "end": {
          "line": 189,
          "column": 3
        }
      },
      "51": {
        "start": {
          "line": 161,
          "column": 20
        },
        "end": {
          "line": 161,
          "column": 42
        }
      },
      "52": {
        "start": {
          "line": 163,
          "column": 4
        },
        "end": {
          "line": 188,
          "column": 7
        }
      },
      "53": {
        "start": {
          "line": 174,
          "column": 6
        },
        "end": {
          "line": 187,
          "column": 7
        }
      },
      "54": {
        "start": {
          "line": 175,
          "column": 8
        },
        "end": {
          "line": 186,
          "column": 11
        }
      },
      "55": {
        "start": {
          "line": 176,
          "column": 10
        },
        "end": {
          "line": 185,
          "column": 13
        }
      },
      "56": {
        "start": {
          "line": 191,
          "column": 22
        },
        "end": {
          "line": 229,
          "column": 3
        }
      },
      "57": {
        "start": {
          "line": 192,
          "column": 20
        },
        "end": {
          "line": 192,
          "column": 42
        }
      },
      "58": {
        "start": {
          "line": 194,
          "column": 4
        },
        "end": {
          "line": 228,
          "column": 5
        }
      },
      "59": {
        "start": {
          "line": 195,
          "column": 23
        },
        "end": {
          "line": 204,
          "column": 8
        }
      },
      "60": {
        "start": {
          "line": 206,
          "column": 6
        },
        "end": {
          "line": 208,
          "column": 7
        }
      },
      "61": {
        "start": {
          "line": 207,
          "column": 8
        },
        "end": {
          "line": 207,
          "column": 50
        }
      },
      "62": {
        "start": {
          "line": 211,
          "column": 26
        },
        "end": {
          "line": 211,
          "column": 69
        }
      },
      "63": {
        "start": {
          "line": 212,
          "column": 28
        },
        "end": {
          "line": 212,
          "column": 68
        }
      },
      "64": {
        "start": {
          "line": 213,
          "column": 22
        },
        "end": {
          "line": 213,
          "column": 53
        }
      },
      "65": {
        "start": {
          "line": 214,
          "column": 23
        },
        "end": {
          "line": 214,
          "column": 72
        }
      },
      "66": {
        "start": {
          "line": 217,
          "column": 19
        },
        "end": {
          "line": 217,
          "column": 40
        }
      },
      "67": {
        "start": {
          "line": 218,
          "column": 18
        },
        "end": {
          "line": 218,
          "column": 50
        }
      },
      "68": {
        "start": {
          "line": 219,
          "column": 16
        },
        "end": {
          "line": 219,
          "column": 43
        }
      },
      "69": {
        "start": {
          "line": 220,
          "column": 6
        },
        "end": {
          "line": 220,
          "column": 19
        }
      },
      "70": {
        "start": {
          "line": 221,
          "column": 6
        },
        "end": {
          "line": 221,
          "column": 28
        }
      },
      "71": {
        "start": {
          "line": 222,
          "column": 6
        },
        "end": {
          "line": 222,
          "column": 35
        }
      },
      "72": {
        "start": {
          "line": 223,
          "column": 6
        },
        "end": {
          "line": 223,
          "column": 16
        }
      },
      "73": {
        "start": {
          "line": 224,
          "column": 6
        },
        "end": {
          "line": 224,
          "column": 38
        }
      },
      "74": {
        "start": {
          "line": 225,
          "column": 6
        },
        "end": {
          "line": 225,
          "column": 35
        }
      },
      "75": {
        "start": {
          "line": 227,
          "column": 6
        },
        "end": {
          "line": 227,
          "column": 53
        }
      },
      "76": {
        "start": {
          "line": 231,
          "column": 31
        },
        "end": {
          "line": 267,
          "column": 3
        }
      },
      "77": {
        "start": {
          "line": 232,
          "column": 20
        },
        "end": {
          "line": 232,
          "column": 42
        }
      },
      "78": {
        "start": {
          "line": 233,
          "column": 21
        },
        "end": {
          "line": 242,
          "column": 6
        }
      },
      "79": {
        "start": {
          "line": 244,
          "column": 25
        },
        "end": {
          "line": 244,
          "column": 27
        }
      },
      "80": {
        "start": {
          "line": 247,
          "column": 19
        },
        "end": {
          "line": 247,
          "column": 44
        }
      },
      "81": {
        "start": {
          "line": 248,
          "column": 4
        },
        "end": {
          "line": 266,
          "column": 7
        }
      },
      "82": {
        "start": {
          "line": 249,
          "column": 6
        },
        "end": {
          "line": 251,
          "column": 7
        }
      },
      "83": {
        "start": {
          "line": 250,
          "column": 8
        },
        "end": {
          "line": 250,
          "column": 15
        }
      },
      "84": {
        "start": {
          "line": 254,
          "column": 19
        },
        "end": {
          "line": 254,
          "column": 57
        }
      },
      "85": {
        "start": {
          "line": 257,
          "column": 6
        },
        "end": {
          "line": 257,
          "column": 29
        }
      },
      "86": {
        "start": {
          "line": 259,
          "column": 6
        },
        "end": {
          "line": 262,
          "column": 9
        }
      },
      "87": {
        "start": {
          "line": 265,
          "column": 6
        },
        "end": {
          "line": 265,
          "column": 45
        }
      },
      "88": {
        "start": {
          "line": 269,
          "column": 26
        },
        "end": {
          "line": 299,
          "column": 3
        }
      },
      "89": {
        "start": {
          "line": 270,
          "column": 20
        },
        "end": {
          "line": 270,
          "column": 42
        }
      },
      "90": {
        "start": {
          "line": 271,
          "column": 4
        },
        "end": {
          "line": 271,
          "column": 40
        }
      },
      "91": {
        "start": {
          "line": 272,
          "column": 4
        },
        "end": {
          "line": 298,
          "column": 7
        }
      },
      "92": {
        "start": {
          "line": 277,
          "column": 6
        },
        "end": {
          "line": 297,
          "column": 7
        }
      },
      "93": {
        "start": {
          "line": 278,
          "column": 8
        },
        "end": {
          "line": 296,
          "column": 11
        }
      },
      "94": {
        "start": {
          "line": 279,
          "column": 10
        },
        "end": {
          "line": 281,
          "column": 11
        }
      },
      "95": {
        "start": {
          "line": 280,
          "column": 12
        },
        "end": {
          "line": 280,
          "column": 78
        }
      },
      "96": {
        "start": {
          "line": 282,
          "column": 10
        },
        "end": {
          "line": 295,
          "column": 13
        }
      },
      "97": {
        "start": {
          "line": 301,
          "column": 32
        },
        "end": {
          "line": 321,
          "column": 3
        }
      },
      "98": {
        "start": {
          "line": 302,
          "column": 20
        },
        "end": {
          "line": 302,
          "column": 42
        }
      },
      "99": {
        "start": {
          "line": 304,
          "column": 4
        },
        "end": {
          "line": 320,
          "column": 7
        }
      },
      "100": {
        "start": {
          "line": 313,
          "column": 6
        },
        "end": {
          "line": 319,
          "column": 7
        }
      },
      "101": {
        "start": {
          "line": 314,
          "column": 8
        },
        "end": {
          "line": 318,
          "column": 11
        }
      },
      "102": {
        "start": {
          "line": 315,
          "column": 10
        },
        "end": {
          "line": 315,
          "column": 30
        }
      },
      "103": {
        "start": {
          "line": 316,
          "column": 10
        },
        "end": {
          "line": 316,
          "column": 39
        }
      },
      "104": {
        "start": {
          "line": 317,
          "column": 10
        },
        "end": {
          "line": 317,
          "column": 22
        }
      },
      "105": {
        "start": {
          "line": 323,
          "column": 23
        },
        "end": {
          "line": 341,
          "column": 3
        }
      },
      "106": {
        "start": {
          "line": 324,
          "column": 20
        },
        "end": {
          "line": 324,
          "column": 42
        }
      },
      "107": {
        "start": {
          "line": 326,
          "column": 4
        },
        "end": {
          "line": 340,
          "column": 7
        }
      },
      "108": {
        "start": {
          "line": 336,
          "column": 6
        },
        "end": {
          "line": 339,
          "column": 7
        }
      },
      "109": {
        "start": {
          "line": 337,
          "column": 8
        },
        "end": {
          "line": 337,
          "column": 45
        }
      },
      "110": {
        "start": {
          "line": 338,
          "column": 8
        },
        "end": {
          "line": 338,
          "column": 34
        }
      },
      "111": {
        "start": {
          "line": 343,
          "column": 30
        },
        "end": {
          "line": 363,
          "column": 3
        }
      },
      "112": {
        "start": {
          "line": 344,
          "column": 20
        },
        "end": {
          "line": 344,
          "column": 42
        }
      },
      "113": {
        "start": {
          "line": 346,
          "column": 4
        },
        "end": {
          "line": 362,
          "column": 7
        }
      },
      "114": {
        "start": {
          "line": 355,
          "column": 6
        },
        "end": {
          "line": 361,
          "column": 7
        }
      },
      "115": {
        "start": {
          "line": 356,
          "column": 8
        },
        "end": {
          "line": 360,
          "column": 11
        }
      },
      "116": {
        "start": {
          "line": 357,
          "column": 10
        },
        "end": {
          "line": 357,
          "column": 30
        }
      },
      "117": {
        "start": {
          "line": 358,
          "column": 10
        },
        "end": {
          "line": 358,
          "column": 37
        }
      },
      "118": {
        "start": {
          "line": 359,
          "column": 10
        },
        "end": {
          "line": 359,
          "column": 22
        }
      },
      "119": {
        "start": {
          "line": 365,
          "column": 36
        },
        "end": {
          "line": 392,
          "column": 3
        }
      },
      "120": {
        "start": {
          "line": 371,
          "column": 20
        },
        "end": {
          "line": 371,
          "column": 42
        }
      },
      "121": {
        "start": {
          "line": 373,
          "column": 4
        },
        "end": {
          "line": 391,
          "column": 7
        }
      },
      "122": {
        "start": {
          "line": 385,
          "column": 6
        },
        "end": {
          "line": 390,
          "column": 7
        }
      },
      "123": {
        "start": {
          "line": 386,
          "column": 8
        },
        "end": {
          "line": 389,
          "column": 11
        }
      },
      "124": {
        "start": {
          "line": 387,
          "column": 10
        },
        "end": {
          "line": 387,
          "column": 25
        }
      },
      "125": {
        "start": {
          "line": 388,
          "column": 10
        },
        "end": {
          "line": 388,
          "column": 22
        }
      },
      "126": {
        "start": {
          "line": 394,
          "column": 31
        },
        "end": {
          "line": 426,
          "column": 3
        }
      },
      "127": {
        "start": {
          "line": 401,
          "column": 20
        },
        "end": {
          "line": 401,
          "column": 42
        }
      },
      "128": {
        "start": {
          "line": 403,
          "column": 4
        },
        "end": {
          "line": 425,
          "column": 7
        }
      },
      "129": {
        "start": {
          "line": 416,
          "column": 6
        },
        "end": {
          "line": 424,
          "column": 7
        }
      },
      "130": {
        "start": {
          "line": 417,
          "column": 8
        },
        "end": {
          "line": 423,
          "column": 11
        }
      },
      "131": {
        "start": {
          "line": 418,
          "column": 10
        },
        "end": {
          "line": 418,
          "column": 30
        }
      },
      "132": {
        "start": {
          "line": 419,
          "column": 10
        },
        "end": {
          "line": 421,
          "column": 12
        }
      },
      "133": {
        "start": {
          "line": 420,
          "column": 12
        },
        "end": {
          "line": 420,
          "column": 65
        }
      },
      "134": {
        "start": {
          "line": 420,
          "column": 35
        },
        "end": {
          "line": 420,
          "column": 64
        }
      },
      "135": {
        "start": {
          "line": 422,
          "column": 10
        },
        "end": {
          "line": 422,
          "column": 22
        }
      },
      "136": {
        "start": {
          "line": 428,
          "column": 22
        },
        "end": {
          "line": 449,
          "column": 3
        }
      },
      "137": {
        "start": {
          "line": 429,
          "column": 11
        },
        "end": {
          "line": 447,
          "column": 5
        }
      },
      "138": {
        "start": {
          "line": 451,
          "column": 2
        },
        "end": {
          "line": 453,
          "column": 4
        }
      },
      "139": {
        "start": {
          "line": 457,
          "column": 2
        },
        "end": {
          "line": 457,
          "column": 33
        }
      }
    },
    "fnMap": {
      "0": {
        "name": "(anonymous_0)",
        "decl": {
          "start": {
            "line": 26,
            "column": 28
          },
          "end": {
            "line": 26,
            "column": 29
          }
        },
        "loc": {
          "start": {
            "line": 26,
            "column": 46
          },
          "end": {
            "line": 454,
            "column": 1
          }
        },
        "line": 26
      },
      "1": {
        "name": "(anonymous_1)",
        "decl": {
          "start": {
            "line": 35,
            "column": 12
          },
          "end": {
            "line": 35,
            "column": 13
          }
        },
        "loc": {
          "start": {
            "line": 35,
            "column": 18
          },
          "end": {
            "line": 53,
            "column": 3
          }
        },
        "line": 35
      },
      "2": {
        "name": "(anonymous_2)",
        "decl": {
          "start": {
            "line": 36,
            "column": 47
          },
          "end": {
            "line": 36,
            "column": 48
          }
        },
        "loc": {
          "start": {
            "line": 36,
            "column": 63
          },
          "end": {
            "line": 48,
            "column": 5
          }
        },
        "line": 36
      },
      "3": {
        "name": "(anonymous_3)",
        "decl": {
          "start": {
            "line": 50,
            "column": 11
          },
          "end": {
            "line": 50,
            "column": 12
          }
        },
        "loc": {
          "start": {
            "line": 50,
            "column": 17
          },
          "end": {
            "line": 52,
            "column": 5
          }
        },
        "line": 50
      },
      "4": {
        "name": "(anonymous_4)",
        "decl": {
          "start": {
            "line": 55,
            "column": 24
          },
          "end": {
            "line": 55,
            "column": 25
          }
        },
        "loc": {
          "start": {
            "line": 55,
            "column": 40
          },
          "end": {
            "line": 74,
            "column": 3
          }
        },
        "line": 55
      },
      "5": {
        "name": "(anonymous_5)",
        "decl": {
          "start": {
            "line": 67,
            "column": 12
          },
          "end": {
            "line": 67,
            "column": 13
          }
        },
        "loc": {
          "start": {
            "line": 67,
            "column": 21
          },
          "end": {
            "line": 73,
            "column": 5
          }
        },
        "line": 67
      },
      "6": {
        "name": "(anonymous_6)",
        "decl": {
          "start": {
            "line": 69,
            "column": 31
          },
          "end": {
            "line": 69,
            "column": 32
          }
        },
        "loc": {
          "start": {
            "line": 69,
            "column": 41
          },
          "end": {
            "line": 71,
            "column": 9
          }
        },
        "line": 69
      },
      "7": {
        "name": "(anonymous_7)",
        "decl": {
          "start": {
            "line": 76,
            "column": 28
          },
          "end": {
            "line": 76,
            "column": 29
          }
        },
        "loc": {
          "start": {
            "line": 76,
            "column": 48
          },
          "end": {
            "line": 95,
            "column": 3
          }
        },
        "line": 76
      },
      "8": {
        "name": "(anonymous_8)",
        "decl": {
          "start": {
            "line": 88,
            "column": 12
          },
          "end": {
            "line": 88,
            "column": 13
          }
        },
        "loc": {
          "start": {
            "line": 88,
            "column": 21
          },
          "end": {
            "line": 94,
            "column": 5
          }
        },
        "line": 88
      },
      "9": {
        "name": "(anonymous_9)",
        "decl": {
          "start": {
            "line": 90,
            "column": 31
          },
          "end": {
            "line": 90,
            "column": 32
          }
        },
        "loc": {
          "start": {
            "line": 90,
            "column": 41
          },
          "end": {
            "line": 92,
            "column": 9
          }
        },
        "line": 90
      },
      "10": {
        "name": "emailLogin",
        "decl": {
          "start": {
            "line": 97,
            "column": 11
          },
          "end": {
            "line": 97,
            "column": 21
          }
        },
        "loc": {
          "start": {
            "line": 97,
            "column": 69
          },
          "end": {
            "line": 111,
            "column": 3
          }
        },
        "line": 97
      },
      "11": {
        "name": "(anonymous_11)",
        "decl": {
          "start": {
            "line": 99,
            "column": 12
          },
          "end": {
            "line": 99,
            "column": 13
          }
        },
        "loc": {
          "start": {
            "line": 99,
            "column": 32
          },
          "end": {
            "line": 102,
            "column": 7
          }
        },
        "line": 99
      },
      "12": {
        "name": "(anonymous_12)",
        "decl": {
          "start": {
            "line": 103,
            "column": 13
          },
          "end": {
            "line": 103,
            "column": 14
          }
        },
        "loc": {
          "start": {
            "line": 103,
            "column": 24
          },
          "end": {
            "line": 110,
            "column": 7
          }
        },
        "line": 103
      },
      "13": {
        "name": "(anonymous_13)",
        "decl": {
          "start": {
            "line": 113,
            "column": 22
          },
          "end": {
            "line": 113,
            "column": 23
          }
        },
        "loc": {
          "start": {
            "line": 113,
            "column": 53
          },
          "end": {
            "line": 127,
            "column": 3
          }
        },
        "line": 113
      },
      "14": {
        "name": "(anonymous_14)",
        "decl": {
          "start": {
            "line": 115,
            "column": 12
          },
          "end": {
            "line": 115,
            "column": 13
          }
        },
        "loc": {
          "start": {
            "line": 115,
            "column": 32
          },
          "end": {
            "line": 117,
            "column": 7
          }
        },
        "line": 115
      },
      "15": {
        "name": "(anonymous_15)",
        "decl": {
          "start": {
            "line": 118,
            "column": 13
          },
          "end": {
            "line": 118,
            "column": 14
          }
        },
        "loc": {
          "start": {
            "line": 118,
            "column": 24
          },
          "end": {
            "line": 126,
            "column": 7
          }
        },
        "line": 118
      },
      "16": {
        "name": "(anonymous_16)",
        "decl": {
          "start": {
            "line": 129,
            "column": 22
          },
          "end": {
            "line": 129,
            "column": 23
          }
        },
        "loc": {
          "start": {
            "line": 129,
            "column": 48
          },
          "end": {
            "line": 158,
            "column": 3
          }
        },
        "line": 129
      },
      "17": {
        "name": "(anonymous_17)",
        "decl": {
          "start": {
            "line": 141,
            "column": 12
          },
          "end": {
            "line": 141,
            "column": 13
          }
        },
        "loc": {
          "start": {
            "line": 141,
            "column": 21
          },
          "end": {
            "line": 157,
            "column": 5
          }
        },
        "line": 141
      },
      "18": {
        "name": "(anonymous_18)",
        "decl": {
          "start": {
            "line": 143,
            "column": 31
          },
          "end": {
            "line": 143,
            "column": 32
          }
        },
        "loc": {
          "start": {
            "line": 143,
            "column": 41
          },
          "end": {
            "line": 155,
            "column": 9
          }
        },
        "line": 143
      },
      "19": {
        "name": "(anonymous_19)",
        "decl": {
          "start": {
            "line": 160,
            "column": 35
          },
          "end": {
            "line": 160,
            "column": 36
          }
        },
        "loc": {
          "start": {
            "line": 160,
            "column": 77
          },
          "end": {
            "line": 189,
            "column": 3
          }
        },
        "line": 160
      },
      "20": {
        "name": "(anonymous_20)",
        "decl": {
          "start": {
            "line": 173,
            "column": 12
          },
          "end": {
            "line": 173,
            "column": 13
          }
        },
        "loc": {
          "start": {
            "line": 173,
            "column": 21
          },
          "end": {
            "line": 188,
            "column": 5
          }
        },
        "line": 173
      },
      "21": {
        "name": "(anonymous_21)",
        "decl": {
          "start": {
            "line": 175,
            "column": 31
          },
          "end": {
            "line": 175,
            "column": 32
          }
        },
        "loc": {
          "start": {
            "line": 175,
            "column": 41
          },
          "end": {
            "line": 186,
            "column": 9
          }
        },
        "line": 175
      },
      "22": {
        "name": "(anonymous_22)",
        "decl": {
          "start": {
            "line": 191,
            "column": 22
          },
          "end": {
            "line": 191,
            "column": 23
          }
        },
        "loc": {
          "start": {
            "line": 191,
            "column": 44
          },
          "end": {
            "line": 229,
            "column": 3
          }
        },
        "line": 191
      },
      "23": {
        "name": "(anonymous_23)",
        "decl": {
          "start": {
            "line": 231,
            "column": 31
          },
          "end": {
            "line": 231,
            "column": 32
          }
        },
        "loc": {
          "start": {
            "line": 231,
            "column": 67
          },
          "end": {
            "line": 267,
            "column": 3
          }
        },
        "line": 231
      },
      "24": {
        "name": "processText",
        "decl": {
          "start": {
            "line": 248,
            "column": 32
          },
          "end": {
            "line": 248,
            "column": 43
          }
        },
        "loc": {
          "start": {
            "line": 248,
            "column": 61
          },
          "end": {
            "line": 266,
            "column": 5
          }
        },
        "line": 248
      },
      "25": {
        "name": "(anonymous_25)",
        "decl": {
          "start": {
            "line": 269,
            "column": 26
          },
          "end": {
            "line": 269,
            "column": 27
          }
        },
        "loc": {
          "start": {
            "line": 269,
            "column": 46
          },
          "end": {
            "line": 299,
            "column": 3
          }
        },
        "line": 269
      },
      "26": {
        "name": "(anonymous_26)",
        "decl": {
          "start": {
            "line": 276,
            "column": 12
          },
          "end": {
            "line": 276,
            "column": 13
          }
        },
        "loc": {
          "start": {
            "line": 276,
            "column": 21
          },
          "end": {
            "line": 298,
            "column": 5
          }
        },
        "line": 276
      },
      "27": {
        "name": "(anonymous_27)",
        "decl": {
          "start": {
            "line": 278,
            "column": 31
          },
          "end": {
            "line": 278,
            "column": 32
          }
        },
        "loc": {
          "start": {
            "line": 278,
            "column": 41
          },
          "end": {
            "line": 296,
            "column": 9
          }
        },
        "line": 278
      },
      "28": {
        "name": "(anonymous_28)",
        "decl": {
          "start": {
            "line": 301,
            "column": 32
          },
          "end": {
            "line": 301,
            "column": 33
          }
        },
        "loc": {
          "start": {
            "line": 301,
            "column": 57
          },
          "end": {
            "line": 321,
            "column": 3
          }
        },
        "line": 301
      },
      "29": {
        "name": "(anonymous_29)",
        "decl": {
          "start": {
            "line": 312,
            "column": 12
          },
          "end": {
            "line": 312,
            "column": 13
          }
        },
        "loc": {
          "start": {
            "line": 312,
            "column": 21
          },
          "end": {
            "line": 320,
            "column": 5
          }
        },
        "line": 312
      },
      "30": {
        "name": "(anonymous_30)",
        "decl": {
          "start": {
            "line": 314,
            "column": 31
          },
          "end": {
            "line": 314,
            "column": 32
          }
        },
        "loc": {
          "start": {
            "line": 314,
            "column": 41
          },
          "end": {
            "line": 318,
            "column": 9
          }
        },
        "line": 314
      },
      "31": {
        "name": "(anonymous_31)",
        "decl": {
          "start": {
            "line": 323,
            "column": 23
          },
          "end": {
            "line": 323,
            "column": 24
          }
        },
        "loc": {
          "start": {
            "line": 323,
            "column": 60
          },
          "end": {
            "line": 341,
            "column": 3
          }
        },
        "line": 323
      },
      "32": {
        "name": "(anonymous_32)",
        "decl": {
          "start": {
            "line": 335,
            "column": 12
          },
          "end": {
            "line": 335,
            "column": 13
          }
        },
        "loc": {
          "start": {
            "line": 335,
            "column": 21
          },
          "end": {
            "line": 340,
            "column": 5
          }
        },
        "line": 335
      },
      "33": {
        "name": "(anonymous_33)",
        "decl": {
          "start": {
            "line": 343,
            "column": 30
          },
          "end": {
            "line": 343,
            "column": 31
          }
        },
        "loc": {
          "start": {
            "line": 343,
            "column": 55
          },
          "end": {
            "line": 363,
            "column": 3
          }
        },
        "line": 343
      },
      "34": {
        "name": "(anonymous_34)",
        "decl": {
          "start": {
            "line": 354,
            "column": 12
          },
          "end": {
            "line": 354,
            "column": 13
          }
        },
        "loc": {
          "start": {
            "line": 354,
            "column": 21
          },
          "end": {
            "line": 362,
            "column": 5
          }
        },
        "line": 354
      },
      "35": {
        "name": "(anonymous_35)",
        "decl": {
          "start": {
            "line": 356,
            "column": 31
          },
          "end": {
            "line": 356,
            "column": 32
          }
        },
        "loc": {
          "start": {
            "line": 356,
            "column": 41
          },
          "end": {
            "line": 360,
            "column": 9
          }
        },
        "line": 356
      },
      "36": {
        "name": "(anonymous_36)",
        "decl": {
          "start": {
            "line": 365,
            "column": 36
          },
          "end": {
            "line": 365,
            "column": 37
          }
        },
        "loc": {
          "start": {
            "line": 370,
            "column": 7
          },
          "end": {
            "line": 392,
            "column": 3
          }
        },
        "line": 370
      },
      "37": {
        "name": "(anonymous_37)",
        "decl": {
          "start": {
            "line": 384,
            "column": 12
          },
          "end": {
            "line": 384,
            "column": 13
          }
        },
        "loc": {
          "start": {
            "line": 384,
            "column": 21
          },
          "end": {
            "line": 391,
            "column": 5
          }
        },
        "line": 384
      },
      "38": {
        "name": "(anonymous_38)",
        "decl": {
          "start": {
            "line": 386,
            "column": 31
          },
          "end": {
            "line": 386,
            "column": 32
          }
        },
        "loc": {
          "start": {
            "line": 386,
            "column": 41
          },
          "end": {
            "line": 389,
            "column": 9
          }
        },
        "line": 386
      },
      "39": {
        "name": "(anonymous_39)",
        "decl": {
          "start": {
            "line": 394,
            "column": 31
          },
          "end": {
            "line": 394,
            "column": 32
          }
        },
        "loc": {
          "start": {
            "line": 400,
            "column": 7
          },
          "end": {
            "line": 426,
            "column": 3
          }
        },
        "line": 400
      },
      "40": {
        "name": "(anonymous_40)",
        "decl": {
          "start": {
            "line": 415,
            "column": 12
          },
          "end": {
            "line": 415,
            "column": 13
          }
        },
        "loc": {
          "start": {
            "line": 415,
            "column": 21
          },
          "end": {
            "line": 425,
            "column": 5
          }
        },
        "line": 415
      },
      "41": {
        "name": "(anonymous_41)",
        "decl": {
          "start": {
            "line": 417,
            "column": 31
          },
          "end": {
            "line": 417,
            "column": 32
          }
        },
        "loc": {
          "start": {
            "line": 417,
            "column": 41
          },
          "end": {
            "line": 423,
            "column": 9
          }
        },
        "line": 417
      },
      "42": {
        "name": "(anonymous_42)",
        "decl": {
          "start": {
            "line": 419,
            "column": 19
          },
          "end": {
            "line": 419,
            "column": 20
          }
        },
        "loc": {
          "start": {
            "line": 420,
            "column": 12
          },
          "end": {
            "line": 420,
            "column": 65
          }
        },
        "line": 420
      },
      "43": {
        "name": "(anonymous_43)",
        "decl": {
          "start": {
            "line": 420,
            "column": 25
          },
          "end": {
            "line": 420,
            "column": 26
          }
        },
        "loc": {
          "start": {
            "line": 420,
            "column": 35
          },
          "end": {
            "line": 420,
            "column": 64
          }
        },
        "line": 420
      },
      "44": {
        "name": "(anonymous_44)",
        "decl": {
          "start": {
            "line": 429,
            "column": 4
          },
          "end": {
            "line": 429,
            "column": 5
          }
        },
        "loc": {
          "start": {
            "line": 429,
            "column": 11
          },
          "end": {
            "line": 447,
            "column": 5
          }
        },
        "line": 429
      },
      "45": {
        "name": "useAuth",
        "decl": {
          "start": {
            "line": 456,
            "column": 24
          },
          "end": {
            "line": 456,
            "column": 31
          }
        },
        "loc": {
          "start": {
            "line": 456,
            "column": 34
          },
          "end": {
            "line": 458,
            "column": 1
          }
        },
        "line": 456
      }
    },
    "branchMap": {
      "0": {
        "loc": {
          "start": {
            "line": 37,
            "column": 6
          },
          "end": {
            "line": 47,
            "column": 7
          }
        },
        "type": "if",
        "locations": [
          {
            "start": {
              "line": 37,
              "column": 6
            },
            "end": {
              "line": 47,
              "column": 7
            }
          },
          {
            "start": {
              "line": 41,
              "column": 13
            },
            "end": {
              "line": 47,
              "column": 7
            }
          }
        ],
        "line": 37
      },
      "1": {
        "loc": {
          "start": {
            "line": 44,
            "column": 8
          },
          "end": {
            "line": 46,
            "column": 9
          }
        },
        "type": "if",
        "locations": [
          {
            "start": {
              "line": 44,
              "column": 8
            },
            "end": {
              "line": 46,
              "column": 9
            }
          },
          {
            "start": {},
            "end": {}
          }
        ],
        "line": 44
      },
      "2": {
        "loc": {
          "start": {
            "line": 68,
            "column": 6
          },
          "end": {
            "line": 72,
            "column": 7
          }
        },
        "type": "if",
        "locations": [
          {
            "start": {
              "line": 68,
              "column": 6
            },
            "end": {
              "line": 72,
              "column": 7
            }
          },
          {
            "start": {},
            "end": {}
          }
        ],
        "line": 68
      },
      "3": {
        "loc": {
          "start": {
            "line": 89,
            "column": 6
          },
          "end": {
            "line": 93,
            "column": 7
          }
        },
        "type": "if",
        "locations": [
          {
            "start": {
              "line": 89,
              "column": 6
            },
            "end": {
              "line": 93,
              "column": 7
            }
          },
          {
            "start": {},
            "end": {}
          }
        ],
        "line": 89
      },
      "4": {
        "loc": {
          "start": {
            "line": 97,
            "column": 49
          },
          "end": {
            "line": 97,
            "column": 67
          }
        },
        "type": "default-arg",
        "locations": [
          {
            "start": {
              "line": 97,
              "column": 62
            },
            "end": {
              "line": 97,
              "column": 67
            }
          }
        ],
        "line": 97
      },
      "5": {
        "loc": {
          "start": {
            "line": 104,
            "column": 8
          },
          "end": {
            "line": 109,
            "column": 9
          }
        },
        "type": "if",
        "locations": [
          {
            "start": {
              "line": 104,
              "column": 8
            },
            "end": {
              "line": 109,
              "column": 9
            }
          },
          {
            "start": {
              "line": 107,
              "column": 15
            },
            "end": {
              "line": 109,
              "column": 9
            }
          }
        ],
        "line": 104
      },
      "6": {
        "loc": {
          "start": {
            "line": 121,
            "column": 8
          },
          "end": {
            "line": 125,
            "column": 9
          }
        },
        "type": "if",
        "locations": [
          {
            "start": {
              "line": 121,
              "column": 8
            },
            "end": {
              "line": 125,
              "column": 9
            }
          },
          {
            "start": {
              "line": 123,
              "column": 15
            },
            "end": {
              "line": 125,
              "column": 9
            }
          }
        ],
        "line": 121
      },
      "7": {
        "loc": {
          "start": {
            "line": 142,
            "column": 6
          },
          "end": {
            "line": 156,
            "column": 7
          }
        },
        "type": "if",
        "locations": [
          {
            "start": {
              "line": 142,
              "column": 6
            },
            "end": {
              "line": 156,
              "column": 7
            }
          },
          {
            "start": {},
            "end": {}
          }
        ],
        "line": 142
      },
      "8": {
        "loc": {
          "start": {
            "line": 144,
            "column": 10
          },
          "end": {
            "line": 146,
            "column": 11
          }
        },
        "type": "if",
        "locations": [
          {
            "start": {
              "line": 144,
              "column": 10
            },
            "end": {
              "line": 146,
              "column": 11
            }
          },
          {
            "start": {},
            "end": {}
          }
        ],
        "line": 144
      },
      "9": {
        "loc": {
          "start": {
            "line": 174,
            "column": 6
          },
          "end": {
            "line": 187,
            "column": 7
          }
        },
        "type": "if",
        "locations": [
          {
            "start": {
              "line": 174,
              "column": 6
            },
            "end": {
              "line": 187,
              "column": 7
            }
          },
          {
            "start": {},
            "end": {}
          }
        ],
        "line": 174
      },
      "10": {
        "loc": {
          "start": {
            "line": 206,
            "column": 6
          },
          "end": {
            "line": 208,
            "column": 7
          }
        },
        "type": "if",
        "locations": [
          {
            "start": {
              "line": 206,
              "column": 6
            },
            "end": {
              "line": 208,
              "column": 7
            }
          },
          {
            "start": {},
            "end": {}
          }
        ],
        "line": 206
      },
      "11": {
        "loc": {
          "start": {
            "line": 214,
            "column": 23
          },
          "end": {
            "line": 214,
            "column": 72
          }
        },
        "type": "cond-expr",
        "locations": [
          {
            "start": {
              "line": 214,
              "column": 47
            },
            "end": {
              "line": 214,
              "column": 57
            }
          },
          {
            "start": {
              "line": 214,
              "column": 60
            },
            "end": {
              "line": 214,
              "column": 72
            }
          }
        ],
        "line": 214
      },
      "12": {
        "loc": {
          "start": {
            "line": 214,
            "column": 23
          },
          "end": {
            "line": 214,
            "column": 44
          }
        },
        "type": "binary-expr",
        "locations": [
          {
            "start": {
              "line": 214,
              "column": 23
            },
            "end": {
              "line": 214,
              "column": 30
            }
          },
          {
            "start": {
              "line": 214,
              "column": 34
            },
            "end": {
              "line": 214,
              "column": 44
            }
          }
        ],
        "line": 214
      },
      "13": {
        "loc": {
          "start": {
            "line": 249,
            "column": 6
          },
          "end": {
            "line": 251,
            "column": 7
          }
        },
        "type": "if",
        "locations": [
          {
            "start": {
              "line": 249,
              "column": 6
            },
            "end": {
              "line": 251,
              "column": 7
            }
          },
          {
            "start": {},
            "end": {}
          }
        ],
        "line": 249
      },
      "14": {
        "loc": {
          "start": {
            "line": 277,
            "column": 6
          },
          "end": {
            "line": 297,
            "column": 7
          }
        },
        "type": "if",
        "locations": [
          {
            "start": {
              "line": 277,
              "column": 6
            },
            "end": {
              "line": 297,
              "column": 7
            }
          },
          {
            "start": {},
            "end": {}
          }
        ],
        "line": 277
      },
      "15": {
        "loc": {
          "start": {
            "line": 279,
            "column": 10
          },
          "end": {
            "line": 281,
            "column": 11
          }
        },
        "type": "if",
        "locations": [
          {
            "start": {
              "line": 279,
              "column": 10
            },
            "end": {
              "line": 281,
              "column": 11
            }
          },
          {
            "start": {},
            "end": {}
          }
        ],
        "line": 279
      },
      "16": {
        "loc": {
          "start": {
            "line": 313,
            "column": 6
          },
          "end": {
            "line": 319,
            "column": 7
          }
        },
        "type": "if",
        "locations": [
          {
            "start": {
              "line": 313,
              "column": 6
            },
            "end": {
              "line": 319,
              "column": 7
            }
          },
          {
            "start": {},
            "end": {}
          }
        ],
        "line": 313
      },
      "17": {
        "loc": {
          "start": {
            "line": 336,
            "column": 6
          },
          "end": {
            "line": 339,
            "column": 7
          }
        },
        "type": "if",
        "locations": [
          {
            "start": {
              "line": 336,
              "column": 6
            },
            "end": {
              "line": 339,
              "column": 7
            }
          },
          {
            "start": {},
            "end": {}
          }
        ],
        "line": 336
      },
      "18": {
        "loc": {
          "start": {
            "line": 355,
            "column": 6
          },
          "end": {
            "line": 361,
            "column": 7
          }
        },
        "type": "if",
        "locations": [
          {
            "start": {
              "line": 355,
              "column": 6
            },
            "end": {
              "line": 361,
              "column": 7
            }
          },
          {
            "start": {},
            "end": {}
          }
        ],
        "line": 355
      },
      "19": {
        "loc": {
          "start": {
            "line": 385,
            "column": 6
          },
          "end": {
            "line": 390,
            "column": 7
          }
        },
        "type": "if",
        "locations": [
          {
            "start": {
              "line": 385,
              "column": 6
            },
            "end": {
              "line": 390,
              "column": 7
            }
          },
          {
            "start": {},
            "end": {}
          }
        ],
        "line": 385
      },
      "20": {
        "loc": {
          "start": {
            "line": 416,
            "column": 6
          },
          "end": {
            "line": 424,
            "column": 7
          }
        },
        "type": "if",
        "locations": [
          {
            "start": {
              "line": 416,
              "column": 6
            },
            "end": {
              "line": 424,
              "column": 7
            }
          },
          {
            "start": {},
            "end": {}
          }
        ],
        "line": 416
      }
    },
    "s": {
      "0": 1,
      "1": 1,
      "2": 4,
      "3": 4,
      "4": 4,
      "5": 4,
      "6": 4,
      "7": 4,
      "8": 4,
      "9": 1,
      "10": 2,
      "11": 1,
      "12": 1,
      "13": 1,
      "14": 1,
      "15": 1,
      "16": 1,
      "17": 1,
      "18": 0,
      "19": 4,
      "20": 1,
      "21": 1,
      "22": 1,
      "23": 1,
      "24": 1,
      "25": 4,
      "26": 0,
      "27": 0,
      "28": 0,
      "29": 0,
      "30": 0,
      "31": 1,
      "32": 1,
      "33": 1,
      "34": 1,
      "35": 0,
      "36": 4,
      "37": 1,
      "38": 1,
      "39": 1,
      "40": 0,
      "41": 4,
      "42": 0,
      "43": 0,
      "44": 0,
      "45": 0,
      "46": 0,
      "47": 0,
      "48": 0,
      "49": 0,
      "50": 4,
      "51": 0,
      "52": 0,
      "53": 0,
      "54": 0,
      "55": 0,
      "56": 4,
      "57": 0,
      "58": 0,
      "59": 0,
      "60": 0,
      "61": 0,
      "62": 0,
      "63": 0,
      "64": 0,
      "65": 0,
      "66": 0,
      "67": 0,
      "68": 0,
      "69": 0,
      "70": 0,
      "71": 0,
      "72": 0,
      "73": 0,
      "74": 0,
      "75": 0,
      "76": 4,
      "77": 0,
      "78": 0,
      "79": 0,
      "80": 0,
      "81": 0,
      "82": 0,
      "83": 0,
      "84": 0,
      "85": 0,
      "86": 0,
      "87": 0,
      "88": 4,
      "89": 0,
      "90": 0,
      "91": 0,
      "92": 0,
      "93": 0,
      "94": 0,
      "95": 0,
      "96": 0,
      "97": 4,
      "98": 0,
      "99": 0,
      "100": 0,
      "101": 0,
      "102": 0,
      "103": 0,
      "104": 0,
      "105": 4,
      "106": 0,
      "107": 0,
      "108": 0,
      "109": 0,
      "110": 0,
      "111": 4,
      "112": 0,
      "113": 0,
      "114": 0,
      "115": 0,
      "116": 0,
      "117": 0,
      "118": 0,
      "119": 4,
      "120": 0,
      "121": 0,
      "122": 0,
      "123": 0,
      "124": 0,
      "125": 0,
      "126": 4,
      "127": 0,
      "128": 0,
      "129": 0,
      "130": 0,
      "131": 0,
      "132": 0,
      "133": 0,
      "134": 0,
      "135": 0,
      "136": 4,
      "137": 4,
      "138": 4,
      "139": 47
    },
    "f": {
      "0": 4,
      "1": 1,
      "2": 2,
      "3": 0,
      "4": 1,
      "5": 1,
      "6": 1,
      "7": 0,
      "8": 0,
      "9": 0,
      "10": 1,
      "11": 1,
      "12": 1,
      "13": 1,
      "14": 0,
      "15": 1,
      "16": 0,
      "17": 0,
      "18": 0,
      "19": 0,
      "20": 0,
      "21": 0,
      "22": 0,
      "23": 0,
      "24": 0,
      "25": 0,
      "26": 0,
      "27": 0,
      "28": 0,
      "29": 0,
      "30": 0,
      "31": 0,
      "32": 0,
      "33": 0,
      "34": 0,
      "35": 0,
      "36": 0,
      "37": 0,
      "38": 0,
      "39": 0,
      "40": 0,
      "41": 0,
      "42": 0,
      "43": 0,
      "44": 4,
      "45": 47
    },
    "b": {
      "0": [
        1,
        1
      ],
      "1": [
        1,
        0
      ],
      "2": [
        1,
        0
      ],
      "3": [
        0,
        0
      ],
      "4": [
        0
      ],
      "5": [
        1,
        0
      ],
      "6": [
        1,
        0
      ],
      "7": [
        0,
        0
      ],
      "8": [
        0,
        0
      ],
      "9": [
        0,
        0
      ],
      "10": [
        0,
        0
      ],
      "11": [
        0,
        0
      ],
      "12": [
        0,
        0
      ],
      "13": [
        0,
        0
      ],
      "14": [
        0,
        0
      ],
      "15": [
        0,
        0
      ],
      "16": [
        0,
        0
      ],
      "17": [
        0,
        0
      ],
      "18": [
        0,
        0
      ],
      "19": [
        0,
        0
      ],
      "20": [
        0,
        0
      ]
    },
    "_coverageSchema": "1a1c01bbd47fc00a2c39e90264f33305004495a9",
    "hash": "f7f98cee9b227641bf5204c0a9565a5df8a2f2b8"
  },
  "C:\\Users\\James\\Desktop\\School\\Winter 2024\\Soen 390\\SOEN390\\condo-management-app\\screens\\propertyProfile\\propertyProfileScreen.js": {
    "path": "C:\\Users\\James\\Desktop\\School\\Winter 2024\\Soen 390\\SOEN390\\condo-management-app\\screens\\propertyProfile\\propertyProfileScreen.js",
    "statementMap": {
      "0": {
        "start": {
          "line": 29,
          "column": 30
        },
        "end": {
          "line": 649,
          "column": 1
        }
      },
      "1": {
        "start": {
          "line": 30,
          "column": 36
        },
        "end": {
          "line": 30,
          "column": 51
        }
      },
      "2": {
        "start": {
          "line": 31,
          "column": 50
        },
        "end": {
          "line": 33,
          "column": 3
        }
      },
      "3": {
        "start": {
          "line": 34,
          "column": 28
        },
        "end": {
          "line": 34,
          "column": 44
        }
      },
      "4": {
        "start": {
          "line": 35,
          "column": 17
        },
        "end": {
          "line": 35,
          "column": 37
        }
      },
      "5": {
        "start": {
          "line": 36,
          "column": 55
        },
        "end": {
          "line": 36,
          "column": 64
        }
      },
      "6": {
        "start": {
          "line": 38,
          "column": 22
        },
        "end": {
          "line": 38,
          "column": 76
        }
      },
      "7": {
        "start": {
          "line": 38,
          "column": 32
        },
        "end": {
          "line": 38,
          "column": 76
        }
      },
      "8": {
        "start": {
          "line": 38,
          "column": 53
        },
        "end": {
          "line": 38,
          "column": 74
        }
      },
      "9": {
        "start": {
          "line": 40,
          "column": 28
        },
        "end": {
          "line": 46,
          "column": 4
        }
      },
      "10": {
        "start": {
          "line": 49,
          "column": 32
        },
        "end": {
          "line": 56,
          "column": 3
        }
      },
      "11": {
        "start": {
          "line": 50,
          "column": 4
        },
        "end": {
          "line": 54,
          "column": 7
        }
      },
      "12": {
        "start": {
          "line": 51,
          "column": 6
        },
        "end": {
          "line": 53,
          "column": 7
        }
      },
      "13": {
        "start": {
          "line": 52,
          "column": 8
        },
        "end": {
          "line": 52,
          "column": 24
        }
      },
      "14": {
        "start": {
          "line": 55,
          "column": 4
        },
        "end": {
          "line": 55,
          "column": 15
        }
      },
      "15": {
        "start": {
          "line": 59,
          "column": 29
        },
        "end": {
          "line": 62,
          "column": 3
        }
      },
      "16": {
        "start": {
          "line": 60,
          "column": 25
        },
        "end": {
          "line": 60,
          "column": 60
        }
      },
      "17": {
        "start": {
          "line": 61,
          "column": 4
        },
        "end": {
          "line": 61,
          "column": 30
        }
      },
      "18": {
        "start": {
          "line": 64,
          "column": 2
        },
        "end": {
          "line": 71,
          "column": 9
        }
      },
      "19": {
        "start": {
          "line": 65,
          "column": 21
        },
        "end": {
          "line": 67,
          "column": 5
        }
      },
      "20": {
        "start": {
          "line": 66,
          "column": 6
        },
        "end": {
          "line": 66,
          "column": 34
        }
      },
      "21": {
        "start": {
          "line": 69,
          "column": 4
        },
        "end": {
          "line": 69,
          "column": 52
        }
      },
      "22": {
        "start": {
          "line": 70,
          "column": 4
        },
        "end": {
          "line": 70,
          "column": 68
        }
      },
      "23": {
        "start": {
          "line": 70,
          "column": 17
        },
        "end": {
          "line": 70,
          "column": 67
        }
      },
      "24": {
        "start": {
          "line": 73,
          "column": 21
        },
        "end": {
          "line": 90,
          "column": 3
        }
      },
      "25": {
        "start": {
          "line": 74,
          "column": 17
        },
        "end": {
          "line": 77,
          "column": 6
        }
      },
      "26": {
        "start": {
          "line": 79,
          "column": 4
        },
        "end": {
          "line": 89,
          "column": 5
        }
      },
      "27": {
        "start": {
          "line": 80,
          "column": 23
        },
        "end": {
          "line": 80,
          "column": 37
        }
      },
      "28": {
        "start": {
          "line": 81,
          "column": 21
        },
        "end": {
          "line": 81,
          "column": 34
        }
      },
      "29": {
        "start": {
          "line": 82,
          "column": 6
        },
        "end": {
          "line": 82,
          "column": 26
        }
      },
      "30": {
        "start": {
          "line": 82,
          "column": 19
        },
        "end": {
          "line": 82,
          "column": 26
        }
      },
      "31": {
        "start": {
          "line": 84,
          "column": 19
        },
        "end": {
          "line": 84,
          "column": 28
        }
      },
      "32": {
        "start": {
          "line": 85,
          "column": 6
        },
        "end": {
          "line": 85,
          "column": 41
        }
      },
      "33": {
        "start": {
          "line": 86,
          "column": 6
        },
        "end": {
          "line": 86,
          "column": 48
        }
      },
      "34": {
        "start": {
          "line": 87,
          "column": 6
        },
        "end": {
          "line": 87,
          "column": 48
        }
      },
      "35": {
        "start": {
          "line": 88,
          "column": 6
        },
        "end": {
          "line": 88,
          "column": 32
        }
      },
      "36": {
        "start": {
          "line": 92,
          "column": 29
        },
        "end": {
          "line": 108,
          "column": 3
        }
      },
      "37": {
        "start": {
          "line": 93,
          "column": 17
        },
        "end": {
          "line": 95,
          "column": 6
        }
      },
      "38": {
        "start": {
          "line": 97,
          "column": 4
        },
        "end": {
          "line": 107,
          "column": 5
        }
      },
      "39": {
        "start": {
          "line": 98,
          "column": 23
        },
        "end": {
          "line": 98,
          "column": 37
        }
      },
      "40": {
        "start": {
          "line": 99,
          "column": 21
        },
        "end": {
          "line": 99,
          "column": 34
        }
      },
      "41": {
        "start": {
          "line": 100,
          "column": 6
        },
        "end": {
          "line": 100,
          "column": 26
        }
      },
      "42": {
        "start": {
          "line": 100,
          "column": 19
        },
        "end": {
          "line": 100,
          "column": 26
        }
      },
      "43": {
        "start": {
          "line": 102,
          "column": 19
        },
        "end": {
          "line": 102,
          "column": 28
        }
      },
      "44": {
        "start": {
          "line": 103,
          "column": 6
        },
        "end": {
          "line": 103,
          "column": 41
        }
      },
      "45": {
        "start": {
          "line": 104,
          "column": 6
        },
        "end": {
          "line": 104,
          "column": 48
        }
      },
      "46": {
        "start": {
          "line": 105,
          "column": 6
        },
        "end": {
          "line": 105,
          "column": 48
        }
      },
      "47": {
        "start": {
          "line": 106,
          "column": 6
        },
        "end": {
          "line": 106,
          "column": 32
        }
      },
      "48": {
        "start": {
          "line": 110,
          "column": 23
        },
        "end": {
          "line": 122,
          "column": 3
        }
      },
      "49": {
        "start": {
          "line": 111,
          "column": 4
        },
        "end": {
          "line": 121,
          "column": 8
        }
      },
      "50": {
        "start": {
          "line": 113,
          "column": 8
        },
        "end": {
          "line": 117,
          "column": 9
        }
      },
      "51": {
        "start": {
          "line": 114,
          "column": 10
        },
        "end": {
          "line": 114,
          "column": 54
        }
      },
      "52": {
        "start": {
          "line": 116,
          "column": 10
        },
        "end": {
          "line": 116,
          "column": 42
        }
      },
      "53": {
        "start": {
          "line": 120,
          "column": 8
        },
        "end": {
          "line": 120,
          "column": 68
        }
      },
      "54": {
        "start": {
          "line": 124,
          "column": 24
        },
        "end": {
          "line": 132,
          "column": 3
        }
      },
      "55": {
        "start": {
          "line": 134,
          "column": 34
        },
        "end": {
          "line": 134,
          "column": 49
        }
      },
      "56": {
        "start": {
          "line": 135,
          "column": 36
        },
        "end": {
          "line": 135,
          "column": 67
        }
      },
      "57": {
        "start": {
          "line": 137,
          "column": 26
        },
        "end": {
          "line": 145,
          "column": 3
        }
      },
      "58": {
        "start": {
          "line": 138,
          "column": 4
        },
        "end": {
          "line": 138,
          "column": 27
        }
      },
      "59": {
        "start": {
          "line": 140,
          "column": 4
        },
        "end": {
          "line": 144,
          "column": 15
        }
      },
      "60": {
        "start": {
          "line": 147,
          "column": 29
        },
        "end": {
          "line": 355,
          "column": 3
        }
      },
      "61": {
        "start": {
          "line": 148,
          "column": 4
        },
        "end": {
          "line": 354,
          "column": 7
        }
      },
      "62": {
        "start": {
          "line": 149,
          "column": 6
        },
        "end": {
          "line": 353,
          "column": 13
        }
      },
      "63": {
        "start": {
          "line": 173,
          "column": 27
        },
        "end": {
          "line": 173,
          "column": 57
        }
      },
      "64": {
        "start": {
          "line": 203,
          "column": 14
        },
        "end": {
          "line": 229,
          "column": 15
        }
      },
      "65": {
        "start": {
          "line": 205,
          "column": 18
        },
        "end": {
          "line": 207,
          "column": 38
        }
      },
      "66": {
        "start": {
          "line": 208,
          "column": 16
        },
        "end": {
          "line": 213,
          "column": 18
        }
      },
      "67": {
        "start": {
          "line": 214,
          "column": 21
        },
        "end": {
          "line": 229,
          "column": 15
        }
      },
      "68": {
        "start": {
          "line": 215,
          "column": 29
        },
        "end": {
          "line": 215,
          "column": 48
        }
      },
      "69": {
        "start": {
          "line": 216,
          "column": 16
        },
        "end": {
          "line": 226,
          "column": 18
        }
      },
      "70": {
        "start": {
          "line": 222,
          "column": 53
        },
        "end": {
          "line": 222,
          "column": 71
        }
      },
      "71": {
        "start": {
          "line": 228,
          "column": 16
        },
        "end": {
          "line": 228,
          "column": 28
        }
      },
      "72": {
        "start": {
          "line": 266,
          "column": 16
        },
        "end": {
          "line": 269,
          "column": 18
        }
      },
      "73": {
        "start": {
          "line": 300,
          "column": 35
        },
        "end": {
          "line": 300,
          "column": 63
        }
      },
      "74": {
        "start": {
          "line": 333,
          "column": 16
        },
        "end": {
          "line": 333,
          "column": 70
        }
      },
      "75": {
        "start": {
          "line": 358,
          "column": 4
        },
        "end": {
          "line": 637,
          "column": 19
        }
      },
      "76": {
        "start": {
          "line": 394,
          "column": 31
        },
        "end": {
          "line": 394,
          "column": 48
        }
      },
      "77": {
        "start": {
          "line": 411,
          "column": 28
        },
        "end": {
          "line": 411,
          "column": 64
        }
      },
      "78": {
        "start": {
          "line": 445,
          "column": 30
        },
        "end": {
          "line": 445,
          "column": 63
        }
      },
      "79": {
        "start": {
          "line": 479,
          "column": 30
        },
        "end": {
          "line": 479,
          "column": 61
        }
      },
      "80": {
        "start": {
          "line": 515,
          "column": 30
        },
        "end": {
          "line": 515,
          "column": 66
        }
      },
      "81": {
        "start": {
          "line": 549,
          "column": 30
        },
        "end": {
          "line": 549,
          "column": 65
        }
      },
      "82": {
        "start": {
          "line": 590,
          "column": 35
        },
        "end": {
          "line": 590,
          "column": 55
        }
      },
      "83": {
        "start": {
          "line": 640,
          "column": 2
        },
        "end": {
          "line": 648,
          "column": 3
        }
      },
      "84": {
        "start": {
          "line": 641,
          "column": 4
        },
        "end": {
          "line": 641,
          "column": 19
        }
      },
      "85": {
        "start": {
          "line": 643,
          "column": 4
        },
        "end": {
          "line": 647,
          "column": 6
        }
      },
      "86": {
        "start": {
          "line": 654,
          "column": 2
        },
        "end": {
          "line": 697,
          "column": 5
        }
      }
    },
    "fnMap": {
      "0": {
        "name": "(anonymous_0)",
        "decl": {
          "start": {
            "line": 29,
            "column": 30
          },
          "end": {
            "line": 29,
            "column": 31
          }
        },
        "loc": {
          "start": {
            "line": 29,
            "column": 50
          },
          "end": {
            "line": 649,
            "column": 1
          }
        },
        "line": 29
      },
      "1": {
        "name": "(anonymous_1)",
        "decl": {
          "start": {
            "line": 38,
            "column": 22
          },
          "end": {
            "line": 38,
            "column": 23
          }
        },
        "loc": {
          "start": {
            "line": 38,
            "column": 32
          },
          "end": {
            "line": 38,
            "column": 76
          }
        },
        "line": 38
      },
      "2": {
        "name": "(anonymous_2)",
        "decl": {
          "start": {
            "line": 38,
            "column": 41
          },
          "end": {
            "line": 38,
            "column": 42
          }
        },
        "loc": {
          "start": {
            "line": 38,
            "column": 53
          },
          "end": {
            "line": 38,
            "column": 74
          }
        },
        "line": 38
      },
      "3": {
        "name": "(anonymous_3)",
        "decl": {
          "start": {
            "line": 49,
            "column": 32
          },
          "end": {
            "line": 49,
            "column": 33
          }
        },
        "loc": {
          "start": {
            "line": 49,
            "column": 41
          },
          "end": {
            "line": 56,
            "column": 3
          }
        },
        "line": 49
      },
      "4": {
        "name": "(anonymous_4)",
        "decl": {
          "start": {
            "line": 50,
            "column": 29
          },
          "end": {
            "line": 50,
            "column": 30
          }
        },
        "loc": {
          "start": {
            "line": 50,
            "column": 38
          },
          "end": {
            "line": 54,
            "column": 5
          }
        },
        "line": 50
      },
      "5": {
        "name": "(anonymous_5)",
        "decl": {
          "start": {
            "line": 59,
            "column": 29
          },
          "end": {
            "line": 59,
            "column": 30
          }
        },
        "loc": {
          "start": {
            "line": 59,
            "column": 35
          },
          "end": {
            "line": 62,
            "column": 3
          }
        },
        "line": 59
      },
      "6": {
        "name": "(anonymous_6)",
        "decl": {
          "start": {
            "line": 64,
            "column": 12
          },
          "end": {
            "line": 64,
            "column": 13
          }
        },
        "loc": {
          "start": {
[...]
        },
        "line": 38
      },
      "4": {
        "name": "(anonymous_4)",
        "decl": {
          "start": {
            "line": 45,
            "column": 19
          },
          "end": {
            "line": 45,
            "column": 20
          }
        },
        "loc": {
          "start": {
            "line": 45,
            "column": 25
          },
          "end": {
            "line": 49,
            "column": 11
          }
        },
        "line": 45
      },
      "5": {
        "name": "(anonymous_5)",
        "decl": {
          "start": {
            "line": 77,
            "column": 12
          },
          "end": {
            "line": 77,
            "column": 13
          }
        },
        "loc": {
          "start": {
            "line": 77,
            "column": 18
          },
          "end": {
            "line": 89,
            "column": 3
          }
        },
        "line": 77
      },
      "6": {
        "name": "(anonymous_6)",
        "decl": {
          "start": {
            "line": 172,
            "column": 25
          },
          "end": {
            "line": 172,
            "column": 26
          }
        },
        "loc": {
          "start": {
            "line": 172,
            "column": 31
          },
          "end": {
            "line": 172,
            "column": 49
          }
        },
        "line": 172
      },
      "7": {
        "name": "(anonymous_7)",
        "decl": {
          "start": {
            "line": 185,
            "column": 23
          },
          "end": {
            "line": 185,
            "column": 24
          }
        },
        "loc": {
          "start": {
            "line": 186,
            "column": 14
          },
          "end": {
            "line": 210,
            "column": 29
          }
        },
        "line": 186
      },
      "8": {
        "name": "(anonymous_8)",
        "decl": {
          "start": {
            "line": 201,
            "column": 25
          },
          "end": {
            "line": 201,
            "column": 26
          }
        },
        "loc": {
          "start": {
            "line": 201,
            "column": 31
          },
          "end": {
            "line": 207,
            "column": 17
          }
        },
        "line": 201
      },
      "9": {
        "name": "(anonymous_9)",
        "decl": {
          "start": {
            "line": 203,
            "column": 58
          },
          "end": {
            "line": 203,
            "column": 59
          }
        },
        "loc": {
          "start": {
            "line": 203,
            "column": 65
          },
          "end": {
            "line": 203,
            "column": 75
          }
        },
        "line": 203
      },
      "10": {
        "name": "(anonymous_10)",
        "decl": {
          "start": {
            "line": 234,
            "column": 25
          },
          "end": {
            "line": 234,
            "column": 26
          }
        },
        "loc": {
          "start": {
            "line": 234,
            "column": 31
          },
          "end": {
            "line": 248,
            "column": 17
          }
        },
        "line": 234
      },
      "11": {
        "name": "(anonymous_11)",
        "decl": {
          "start": {
            "line": 290,
            "column": 53
          },
          "end": {
            "line": 290,
            "column": 54
          }
        },
        "loc": {
          "start": {
            "line": 290,
            "column": 63
          },
          "end": {
            "line": 318,
            "column": 17
          }
        },
        "line": 290
      },
      "12": {
        "name": "(anonymous_12)",
        "decl": {
          "start": {
            "line": 303,
            "column": 68
          },
          "end": {
            "line": 303,
            "column": 69
          }
        },
        "loc": {
          "start": {
            "line": 303,
            "column": 78
          },
          "end": {
            "line": 314,
            "column": 25
          }
        },
        "line": 303
      },
      "13": {
        "name": "createStyles",
        "decl": {
          "start": {
            "line": 339,
            "column": 9
          },
          "end": {
            "line": 339,
            "column": 21
          }
        },
        "loc": {
          "start": {
            "line": 339,
            "column": 30
          },
          "end": {
            "line": 384,
            "column": 1
          }
        },
        "line": 339
      }
    },
    "branchMap": {
      "0": {
        "loc": {
          "start": {
            "line": 46,
            "column": 12
          },
          "end": {
            "line": 46,
            "column": 34
          }
        },
        "type": "if",
        "locations": [
          {
            "start": {
              "line": 46,
              "column": 12
            },
            "end": {
              "line": 46,
              "column": 34
            }
          },
          {
            "start": {},
            "end": {}
          }
        ],
        "line": 46
      },
      "1": {
        "loc": {
          "start": {
            "line": 63,
            "column": 4
          },
          "end": {
            "line": 63,
            "column": 75
          }
        },
        "type": "binary-expr",
        "locations": [
          {
            "start": {
              "line": 63,
              "column": 4
            },
            "end": {
              "line": 63,
              "column": 69
            }
          },
          {
            "start": {
              "line": 63,
              "column": 73
            },
            "end": {
              "line": 63,
              "column": 75
            }
          }
        ],
        "line": 63
      },
      "2": {
        "loc": {
          "start": {
            "line": 78,
            "column": 4
          },
          "end": {
            "line": 88,
            "column": 5
          }
        },
        "type": "if",
        "locations": [
          {
            "start": {
              "line": 78,
              "column": 4
            },
            "end": {
              "line": 88,
              "column": 5
            }
          },
          {
            "start": {},
            "end": {}
          }
        ],
        "line": 78
      },
      "3": {
        "loc": {
          "start": {
            "line": 102,
            "column": 20
          },
          "end": {
            "line": 102,
            "column": 65
          }
        },
        "type": "cond-expr",
        "locations": [
          {
            "start": {
              "line": 102,
              "column": 44
            },
            "end": {
              "line": 102,
              "column": 53
            }
          },
          {
            "start": {
              "line": 102,
              "column": 56
            },
            "end": {
              "line": 102,
              "column": 65
            }
          }
        ],
        "line": 102
      },
      "4": {
        "loc": {
          "start": {
            "line": 154,
            "column": 15
          },
          "end": {
            "line": 156,
            "column": 64
          }
        },
        "type": "cond-expr",
        "locations": [
          {
            "start": {
              "line": 155,
              "column": 18
            },
            "end": {
              "line": 155,
              "column": 48
            }
          },
          {
            "start": {
              "line": 156,
              "column": 18
            },
            "end": {
              "line": 156,
              "column": 64
            }
          }
        ],
        "line": 154
      },
      "5": {
        "loc": {
          "start": {
            "line": 158,
            "column": 13
          },
          "end": {
            "line": 182,
            "column": 13
          }
        },
        "type": "binary-expr",
        "locations": [
          {
            "start": {
              "line": 158,
              "column": 13
            },
            "end": {
              "line": 158,
              "column": 17
            }
          },
          {
            "start": {
              "line": 159,
              "column": 14
            },
            "end": {
              "line": 181,
              "column": 29
            }
          }
        ],
        "line": 158
      },
      "6": {
        "loc": {
          "start": {
            "line": 165,
            "column": 23
          },
          "end": {
            "line": 165,
            "column": 62
          }
        },
        "type": "cond-expr",
        "locations": [
          {
            "start": {
              "line": 165,
              "column": 37
            },
            "end": {
              "line": 165,
              "column": 48
            }
          },
          {
            "start": {
              "line": 165,
              "column": 51
            },
            "end": {
              "line": 165,
              "column": 62
            }
          }
        ],
        "line": 165
      },
      "7": {
        "loc": {
          "start": {
            "line": 189,
            "column": 18
          },
          "end": {
            "line": 189,
            "column": 65
          }
        },
        "type": "cond-expr",
        "locations": [
          {
            "start": {
              "line": 189,
              "column": 49
            },
            "end": {
              "line": 189,
              "column": 55
            }
          },
          {
            "start": {
              "line": 189,
              "column": 58
            },
            "end": {
              "line": 189,
              "column": 65
            }
          }
        ],
        "line": 189
      },
      "8": {
        "loc": {
          "start": {
            "line": 202,
            "column": 18
          },
          "end": {
            "line": 206,
            "column": 19
          }
        },
        "type": "if",
        "locations": [
          {
            "start": {
              "line": 202,
              "column": 18
            },
            "end": {
              "line": 206,
              "column": 19
            }
          },
          {
            "start": {
              "line": 204,
              "column": 25
            },
            "end": {
              "line": 206,
              "column": 19
            }
          }
        ],
        "line": 202
      },
      "9": {
        "loc": {
          "start": {
            "line": 213,
            "column": 11
          },
          "end": {
            "line": 259,
            "column": 11
          }
        },
        "type": "binary-expr",
        "locations": [
          {
            "start": {
              "line": 213,
              "column": 11
            },
            "end": {
              "line": 213,
              "column": 35
            }
          },
          {
            "start": {
              "line": 214,
              "column": 12
            },
            "end": {
              "line": 258,
              "column": 19
            }
          }
        ],
        "line": 213
      },
      "10": {
        "loc": {
          "start": {
            "line": 289,
            "column": 15
          },
          "end": {
            "line": 318,
            "column": 18
          }
        },
        "type": "binary-expr",
        "locations": [
          {
            "start": {
              "line": 289,
              "column": 15
            },
            "end": {
              "line": 289,
              "column": 34
            }
          },
          {
            "start": {
              "line": 290,
              "column": 16
            },
            "end": {
              "line": 318,
              "column": 18
            }
          }
        ],
        "line": 289
      },
      "11": {
        "loc": {
          "start": {
            "line": 326,
            "column": 2
          },
          "end": {
            "line": 334,
            "column": 3
          }
        },
        "type": "if",
        "locations": [
          {
            "start": {
              "line": 326,
              "column": 2
            },
            "end": {
              "line": 334,
              "column": 3
            }
          },
          {
            "start": {
              "line": 328,
              "column": 9
            },
            "end": {
              "line": 334,
              "column": 3
            }
          }
        ],
        "line": 326
      }
    },
    "s": {
      "0": 1,
      "1": 0,
      "2": 0,
      "3": 0,
      "4": 0,
      "5": 0,
      "6": 0,
      "7": 0,
      "8": 0,
      "9": 0,
      "10": 0,
      "11": 0,
      "12": 0,
      "13": 0,
      "14": 0,
      "15": 0,
      "16": 0,
      "17": 0,
      "18": 0,
      "19": 0,
      "20": 0,
      "21": 0,
      "22": 0,
      "23": 0,
      "24": 0,
      "25": 0,
      "26": 0,
      "27": 0,
      "28": 0,
      "29": 0,
      "30": 0,
      "31": 0,
      "32": 0,
      "33": 0,
      "34": 0,
      "35": 0,
      "36": 0,
      "37": 0,
      "38": 0,
      "39": 0,
      "40": 0,
      "41": 0,
      "42": 0,
      "43": 0
    },
    "f": {
      "0": 0,
      "1": 0,
      "2": 0,
      "3": 0,
      "4": 0,
      "5": 0,
      "6": 0,
      "7": 0,
      "8": 0,
      "9": 0,
      "10": 0,
      "11": 0,
      "12": 0,
      "13": 0
    },
    "b": {
      "0": [
        0,
        0
      ],
      "1": [
        0,
        0
      ],
      "2": [
        0,
        0
      ],
      "3": [
        0,
        0
      ],
      "4": [
        0,
        0
      ],
      "5": [
        0,
        0
      ],
      "6": [
        0,
        0
      ],
      "7": [
        0,
        0
      ],
      "8": [
        0,
        0
      ],
      "9": [
        0,
        0
      ],
      "10": [
        0,
        0
      ],
      "11": [
        0,
        0
      ]
    },
    "_coverageSchema": "1a1c01bbd47fc00a2c39e90264f33305004495a9",
    "hash": "18fccf65cb7bac826f8dae4fb9b34520140dd837"
  },
  "C:\\Users\\James\\Desktop\\School\\Winter 2024\\Soen 390\\SOEN390\\condo-management-app\\screens\\AppContent.js": {
    "path": "C:\\Users\\James\\Desktop\\School\\Winter 2024\\Soen 390\\SOEN390\\condo-management-app\\screens\\AppContent.js",
    "statementMap": {
      "0": {
        "start": {
          "line": 24,
          "column": 14
        },
        "end": {
          "line": 24,
          "column": 36
        }
      },
      "1": {
        "start": {
          "line": 26,
          "column": 19
        },
        "end": {
          "line": 67,
          "column": 1
        }
      },
      "2": {
        "start": {
          "line": 27,
          "column": 2
        },
        "end": {
          "line": 66,
          "column": 4
        }
      }
    },
    "fnMap": {
      "0": {
        "name": "(anonymous_0)",
        "decl": {
          "start": {
            "line": 26,
            "column": 19
          },
          "end": {
            "line": 26,
            "column": 20
          }
        },
        "loc": {
          "start": {
            "line": 26,
            "column": 25
          },
          "end": {
            "line": 67,
            "column": 1
          }
        },
        "line": 26
      }
    },
    "branchMap": {},
    "s": {
      "0": 1,
      "1": 1,
      "2": 1
    },
    "f": {
      "0": 1
    },
    "b": {},
    "_coverageSchema": "1a1c01bbd47fc00a2c39e90264f33305004495a9",
    "hash": "0eb2108b0ecaed6d73303c880711e82097d963e1"
  },
  "C:\\Users\\James\\Desktop\\School\\Winter 2024\\Soen 390\\SOEN390\\condo-management-app\\App.js": {
    "path": "C:\\Users\\James\\Desktop\\School\\Winter 2024\\Soen 390\\SOEN390\\condo-management-app\\App.js",
    "statementMap": {
      "0": {
        "start": {
          "line": 9,
          "column": 12
        },
        "end": {
          "line": 42,
          "column": 1
        }
      },
      "1": {
        "start": {
          "line": 10,
          "column": 44
        },
        "end": {
          "line": 10,
          "column": 59
        }
      },
      "2": {
        "start": {
          "line": 11,
          "column": 2
        },
        "end": {
          "line": 31,
          "column": 9
        }
      },
      "3": {
        "start": {
          "line": 13,
          "column": 6
        },
        "end": {
          "line": 25,
          "column": 9
        }
      },
      "4": {
        "start": {
          "line": 27,
          "column": 6
        },
        "end": {
          "line": 27,
          "column": 29
        }
      },
      "5": {
        "start": {
          "line": 29,
          "column": 4
        },
        "end": {
          "line": 29,
          "column": 15
        }
      },
      "6": {
        "start": {
          "line": 30,
          "column": 4
        },
        "end": {
          "line": 30,
          "column": 39
        }
      },
      "7": {
        "start": {
          "line": 33,
          "column": 2
        },
        "end": {
          "line": 41,
          "column": 4
        }
      }
    },
    "fnMap": {
      "0": {
        "name": "(anonymous_0)",
        "decl": {
          "start": {
            "line": 9,
            "column": 12
          },
          "end": {
            "line": 9,
            "column": 13
          }
        },
        "loc": {
          "start": {
            "line": 9,
            "column": 18
          },
          "end": {
            "line": 42,
            "column": 1
          }
        },
        "line": 9
      },
      "1": {
        "name": "(anonymous_1)",
        "decl": {
          "start": {
            "line": 11,
            "column": 12
          },
          "end": {
            "line": 11,
            "column": 13
          }
        },
        "loc": {
          "start": {
            "line": 11,
            "column": 18
          },
          "end": {
            "line": 31,
            "column": 3
          }
        },
        "line": 11
      },
      "2": {
        "name": "loadFont",
        "decl": {
          "start": {
            "line": 12,
            "column": 19
          },
          "end": {
            "line": 12,
            "column": 27
          }
        },
        "loc": {
          "start": {
            "line": 12,
            "column": 30
          },
          "end": {
            "line": 28,
            "column": 5
          }
        },
        "line": 12
      }
    },
    "branchMap": {
      "0": {
        "loc": {
          "start": {
            "line": 33,
            "column": 9
          },
          "end": {
            "line": 41,
            "column": 3
          }
        },
        "type": "cond-expr",
        "locations": [
          {
            "start": {
              "line": 34,
              "column": 4
            },
            "end": {
              "line": 38,
              "column": 26
            }
          },
          {
            "start": {
              "line": 40,
              "column": 4
            },
            "end": {
              "line": 40,
              "column": 17
            }
          }
        ],
        "line": 33
      }
    },
    "s": {
      "0": 1,
      "1": 2,
      "2": 2,
      "3": 1,
      "4": 1,
      "5": 1,
      "6": 1,
      "7": 2
    },
    "f": {
      "0": 2,
      "1": 1,
      "2": 1
    },
    "b": {
      "0": [
        1,
        1
      ]
    },
    "_coverageSchema": "1a1c01bbd47fc00a2c39e90264f33305004495a9",
    "hash": "9a48b779f6b501aa173947b9ffc9f6901d48748f"
  }
}