{"C:\\Users\\chhuo\\Documents\\SOEN390\\condo-backend\\src\\app.ts": {"path":"C:\\Users\\chhuo\\Documents\\SOEN390\\condo-backend\\src\\app.ts","statementMap":{"0":{"start":{"line":5,"column":16},"end":{"line":5,"column":34}},"1":{"start":{"line":6,"column":13},"end":{"line":6,"column":28}},"2":{"start":{"line":7,"column":12},"end":{"line":7,"column":21}},"3":{"start":{"line":120,"column":9},"end":{"line":120,"column":12}},"4":{"start":{"line":8,"column":45},"end":{"line":8,"column":78}},"5":{"start":{"line":12,"column":4},"end":{"line":12,"column":48}},"6":{"start":{"line":16,"column":4},"end":{"line":16,"column":42}},"7":{"start":{"line":17,"column":29},"end":{"line":17,"column":53}},"8":{"start":{"line":18,"column":30},"end":{"line":18,"column":54}},"9":{"start":{"line":20,"column":0},"end":{"line":20,"column":null}},"10":{"start":{"line":21,"column":0},"end":{"line":21,"column":null}},"11":{"start":{"line":23,"column":0},"end":{"line":36,"column":null}},"12":{"start":{"line":23,"column":68},"end":{"line":36,"column":2}},"13":{"start":{"line":24,"column":2},"end":{"line":35,"column":3}},"14":{"start":{"line":25,"column":4},"end":{"line":32,"column":5}},"15":{"start":{"line":26,"column":6},"end":{"line":26,"column":null}},"16":{"start":{"line":27,"column":25},"end":{"line":27,"column":63}},"17":{"start":{"line":28,"column":6},"end":{"line":28,"column":null}},"18":{"start":{"line":30,"column":6},"end":{"line":30,"column":null}},"19":{"start":{"line":31,"column":6},"end":{"line":31,"column":null}},"20":{"start":{"line":34,"column":4},"end":{"line":34,"column":null}},"21":{"start":{"line":38,"column":0},"end":{"line":56,"column":null}},"22":{"start":{"line":38,"column":76},"end":{"line":56,"column":2}},"23":{"start":{"line":39,"column":2},"end":{"line":55,"column":3}},"24":{"start":{"line":40,"column":4},"end":{"line":52,"column":5}},"25":{"start":{"line":41,"column":6},"end":{"line":41,"column":null}},"26":{"start":{"line":42,"column":33},"end":{"line":42,"column":79}},"27":{"start":{"line":43,"column":6},"end":{"line":48,"column":null}},"28":{"start":{"line":50,"column":6},"end":{"line":50,"column":null}},"29":{"start":{"line":51,"column":6},"end":{"line":51,"column":null}},"30":{"start":{"line":54,"column":4},"end":{"line":54,"column":null}},"31":{"start":{"line":58,"column":0},"end":{"line":65,"column":null}},"32":{"start":{"line":58,"column":66},"end":{"line":65,"column":2}},"33":{"start":{"line":59,"column":2},"end":{"line":64,"column":3}},"34":{"start":{"line":60,"column":4},"end":{"line":60,"column":null}},"35":{"start":{"line":61,"column":4},"end":{"line":61,"column":null}},"36":{"start":{"line":63,"column":4},"end":{"line":63,"column":null}},"37":{"start":{"line":67,"column":0},"end":{"line":79,"column":null}},"38":{"start":{"line":67,"column":68},"end":{"line":79,"column":2}},"39":{"start":{"line":68,"column":2},"end":{"line":78,"column":3}},"40":{"start":{"line":69,"column":4},"end":{"line":75,"column":5}},"41":{"start":{"line":70,"column":6},"end":{"line":70,"column":null}},"42":{"start":{"line":71,"column":6},"end":{"line":71,"column":null}},"43":{"start":{"line":73,"column":6},"end":{"line":73,"column":null}},"44":{"start":{"line":74,"column":6},"end":{"line":74,"column":null}},"45":{"start":{"line":77,"column":4},"end":{"line":77,"column":null}},"46":{"start":{"line":81,"column":0},"end":{"line":93,"column":null}},"47":{"start":{"line":81,"column":66},"end":{"line":93,"column":2}},"48":{"start":{"line":82,"column":2},"end":{"line":92,"column":3}},"49":{"start":{"line":83,"column":4},"end":{"line":89,"column":5}},"50":{"start":{"line":84,"column":6},"end":{"line":84,"column":null}},"51":{"start":{"line":85,"column":6},"end":{"line":85,"column":null}},"52":{"start":{"line":87,"column":6},"end":{"line":87,"column":null}},"53":{"start":{"line":88,"column":6},"end":{"line":88,"column":null}},"54":{"start":{"line":91,"column":4},"end":{"line":91,"column":null}},"55":{"start":{"line":95,"column":0},"end":{"line":104,"column":null}},"56":{"start":{"line":95,"column":67},"end":{"line":104,"column":2}},"57":{"start":{"line":96,"column":2},"end":{"line":103,"column":3}},"58":{"start":{"line":97,"column":4},"end":{"line":97,"column":null}},"59":{"start":{"line":98,"column":21},"end":{"line":98,"column":52}},"60":{"start":{"line":99,"column":4},"end":{"line":99,"column":null}},"61":{"start":{"line":101,"column":4},"end":{"line":101,"column":null}},"62":{"start":{"line":102,"column":4},"end":{"line":102,"column":null}},"63":{"start":{"line":106,"column":0},"end":{"line":118,"column":null}},"64":{"start":{"line":106,"column":63},"end":{"line":118,"column":2}},"65":{"start":{"line":107,"column":2},"end":{"line":117,"column":3}},"66":{"start":{"line":108,"column":4},"end":{"line":114,"column":5}},"67":{"start":{"line":109,"column":6},"end":{"line":109,"column":null}},"68":{"start":{"line":110,"column":6},"end":{"line":110,"column":null}},"69":{"start":{"line":112,"column":6},"end":{"line":112,"column":null}},"70":{"start":{"line":113,"column":6},"end":{"line":113,"column":null}},"71":{"start":{"line":116,"column":4},"end":{"line":116,"column":null}}},"fnMap":{"0":{"name":"(anonymous_7)","decl":{"start":{"line":23,"column":30},"end":{"line":23,"column":37}},"loc":{"start":{"line":23,"column":68},"end":{"line":36,"column":2}}},"1":{"name":"(anonymous_8)","decl":{"start":{"line":23,"column":68},"end":{"line":23,"column":null}},"loc":{"start":{"line":23,"column":68},"end":{"line":36,"column":1}}},"2":{"name":"(anonymous_9)","decl":{"start":{"line":38,"column":38},"end":{"line":38,"column":45}},"loc":{"start":{"line":38,"column":76},"end":{"line":56,"column":2}}},"3":{"name":"(anonymous_10)","decl":{"start":{"line":38,"column":76},"end":{"line":38,"column":null}},"loc":{"start":{"line":38,"column":76},"end":{"line":56,"column":1}}},"4":{"name":"(anonymous_11)","decl":{"start":{"line":58,"column":28},"end":{"line":58,"column":35}},"loc":{"start":{"line":58,"column":66},"end":{"line":65,"column":2}}},"5":{"name":"(anonymous_12)","decl":{"start":{"line":58,"column":66},"end":{"line":58,"column":null}},"loc":{"start":{"line":58,"column":66},"end":{"line":65,"column":1}}},"6":{"name":"(anonymous_13)","decl":{"start":{"line":67,"column":30},"end":{"line":67,"column":37}},"loc":{"start":{"line":67,"column":68},"end":{"line":79,"column":2}}},"7":{"name":"(anonymous_14)","decl":{"start":{"line":67,"column":68},"end":{"line":67,"column":null}},"loc":{"start":{"line":67,"column":68},"end":{"line":79,"column":1}}},"8":{"name":"(anonymous_15)","decl":{"start":{"line":81,"column":28},"end":{"line":81,"column":35}},"loc":{"start":{"line":81,"column":66},"end":{"line":93,"column":2}}},"9":{"name":"(anonymous_16)","decl":{"start":{"line":81,"column":66},"end":{"line":81,"column":null}},"loc":{"start":{"line":81,"column":66},"end":{"line":93,"column":1}}},"10":{"name":"(anonymous_17)","decl":{"start":{"line":95,"column":29},"end":{"line":95,"column":36}},"loc":{"start":{"line":95,"column":67},"end":{"line":104,"column":2}}},"11":{"name":"(anonymous_18)","decl":{"start":{"line":95,"column":67},"end":{"line":95,"column":null}},"loc":{"start":{"line":95,"column":67},"end":{"line":104,"column":1}}},"12":{"name":"(anonymous_19)","decl":{"start":{"line":106,"column":25},"end":{"line":106,"column":32}},"loc":{"start":{"line":106,"column":63},"end":{"line":118,"column":2}}},"13":{"name":"(anonymous_20)","decl":{"start":{"line":106,"column":63},"end":{"line":106,"column":null}},"loc":{"start":{"line":106,"column":63},"end":{"line":118,"column":1}}}},"branchMap":{"0":{"loc":{"start":{"line":24,"column":2},"end":{"line":35,"column":3}},"type":"if","locations":[{"start":{"line":24,"column":2},"end":{"line":35,"column":3}},{"start":{"line":33,"column":9},"end":{"line":35,"column":3}}]},"1":{"loc":{"start":{"line":24,"column":6},"end":{"line":24,"column":45}},"type":"binary-expr","locations":[{"start":{"line":24,"column":6},"end":{"line":24,"column":22}},{"start":{"line":24,"column":26},"end":{"line":24,"column":45}}]},"2":{"loc":{"start":{"line":39,"column":2},"end":{"line":55,"column":3}},"type":"if","locations":[{"start":{"line":39,"column":2},"end":{"line":55,"column":3}},{"start":{"line":53,"column":9},"end":{"line":55,"column":3}}]},"3":{"loc":{"start":{"line":39,"column":6},"end":{"line":39,"column":76}},"type":"binary-expr","locations":[{"start":{"line":39,"column":6},"end":{"line":39,"column":22}},{"start":{"line":39,"column":26},"end":{"line":39,"column":45}},{"start":{"line":39,"column":49},"end":{"line":39,"column":76}}]},"4":{"loc":{"start":{"line":59,"column":2},"end":{"line":64,"column":3}},"type":"if","locations":[{"start":{"line":59,"column":2},"end":{"line":64,"column":3}},{"start":{"line":62,"column":9},"end":{"line":64,"column":3}}]},"5":{"loc":{"start":{"line":59,"column":6},"end":{"line":59,"column":45}},"type":"binary-expr","locations":[{"start":{"line":59,"column":6},"end":{"line":59,"column":22}},{"start":{"line":59,"column":26},"end":{"line":59,"column":45}}]},"6":{"loc":{"start":{"line":68,"column":2},"end":{"line":78,"column":3}},"type":"if","locations":[{"start":{"line":68,"column":2},"end":{"line":78,"column":3}},{"start":{"line":76,"column":9},"end":{"line":78,"column":3}}]},"7":{"loc":{"start":{"line":68,"column":6},"end":{"line":68,"column":46}},"type":"binary-expr","locations":[{"start":{"line":68,"column":6},"end":{"line":68,"column":22}},{"start":{"line":68,"column":26},"end":{"line":68,"column":46}}]},"8":{"loc":{"start":{"line":82,"column":2},"end":{"line":92,"column":3}},"type":"if","locations":[{"start":{"line":82,"column":2},"end":{"line":92,"column":3}},{"start":{"line":90,"column":9},"end":{"line":92,"column":3}}]},"9":{"loc":{"start":{"line":82,"column":6},"end":{"line":82,"column":40}},"type":"binary-expr","locations":[{"start":{"line":82,"column":6},"end":{"line":82,"column":22}},{"start":{"line":82,"column":26},"end":{"line":82,"column":40}}]},"10":{"loc":{"start":{"line":107,"column":2},"end":{"line":117,"column":3}},"type":"if","locations":[{"start":{"line":107,"column":2},"end":{"line":117,"column":3}},{"start":{"line":115,"column":9},"end":{"line":117,"column":3}}]},"11":{"loc":{"start":{"line":107,"column":6},"end":{"line":107,"column":49}},"type":"binary-expr","locations":[{"start":{"line":107,"column":6},"end":{"line":107,"column":22}},{"start":{"line":107,"column":26},"end":{"line":107,"column":49}}]}},"s":{"0":1,"1":1,"2":1,"3":1,"4":1,"5":1,"6":1,"7":1,"8":1,"9":1,"10":1,"11":1,"12":3,"13":3,"14":2,"15":2,"16":2,"17":2,"18":1,"19":1,"20":1,"21":1,"22":2,"23":2,"24":1,"25":1,"26":1,"27":1,"28":0,"29":0,"30":1,"31":1,"32":2,"33":2,"34":1,"35":1,"36":1,"37":1,"38":2,"39":2,"40":1,"41":1,"42":1,"43":0,"44":0,"45":1,"46":1,"47":2,"48":2,"49":1,"50":1,"51":1,"52":0,"53":0,"54":1,"55":1,"56":1,"57":1,"58":1,"59":1,"60":0,"61":1,"62":1,"63":1,"64":2,"65":2,"66":1,"67":1,"68":1,"69":0,"70":0,"71":1},"f":{"0":3,"1":3,"2":2,"3":2,"4":2,"5":2,"6":2,"7":2,"8":2,"9":2,"10":1,"11":1,"12":2,"13":2},"b":{"0":[2,1],"1":[3,2],"2":[1,1],"3":[2,1,1],"4":[1,1],"5":[2,1],"6":[1,1],"7":[2,1],"8":[1,1],"9":[2,1],"10":[1,1],"11":[2,1]}}
,"C:\\Users\\chhuo\\Documents\\SOEN390\\condo-backend\\src\\aws\\aws.ts": {"path":"C:\\Users\\chhuo\\Documents\\SOEN390\\condo-backend\\src\\aws\\aws.ts","statementMap":{"0":{"start":{"line":1,"column":12},"end":{"line":1,"column":30}},"1":{"start":{"line":2,"column":19},"end":{"line":2,"column":40}},"2":{"start":{"line":3,"column":13},"end":{"line":3,"column":28}},"3":{"start":{"line":4,"column":11},"end":{"line":4,"column":24}},"4":{"start":{"line":5,"column":27},"end":{"line":5,"column":58}},"5":{"start":{"line":7,"column":0},"end":{"line":9,"column":null}},"6":{"start":{"line":11,"column":27},"end":{"line":54,"column":4}},"7":{"start":{"line":12,"column":2},"end":{"line":54,"column":4}},"8":{"start":{"line":12,"column":40},"end":{"line":54,"column":4}},"9":{"start":{"line":13,"column":17},"end":{"line":13,"column":38}},"10":{"start":{"line":14,"column":4},"end":{"line":53,"column":null}},"11":{"start":{"line":14,"column":70},"end":{"line":53,"column":6}},"12":{"start":{"line":15,"column":6},"end":{"line":15,"column":null}},"13":{"start":{"line":15,"column":15},"end":{"line":15,"column":null}},"14":{"start":{"line":16,"column":6},"end":{"line":19,"column":7}},"15":{"start":{"line":17,"column":8},"end":{"line":17,"column":null}},"16":{"start":{"line":18,"column":8},"end":{"line":18,"column":14}},"17":{"start":{"line":20,"column":6},"end":{"line":23,"column":7}},"18":{"start":{"line":21,"column":8},"end":{"line":21,"column":null}},"19":{"start":{"line":22,"column":8},"end":{"line":22,"column":14}},"20":{"start":{"line":24,"column":6},"end":{"line":27,"column":7}},"21":{"start":{"line":25,"column":8},"end":{"line":25,"column":null}},"22":{"start":{"line":26,"column":8},"end":{"line":26,"column":14}},"23":{"start":{"line":28,"column":6},"end":{"line":31,"column":7}},"24":{"start":{"line":29,"column":8},"end":{"line":29,"column":null}},"25":{"start":{"line":30,"column":8},"end":{"line":30,"column":14}},"26":{"start":{"line":32,"column":6},"end":{"line":36,"column":7}},"27":{"start":{"line":33,"column":8},"end":{"line":33,"column":null}},"28":{"start":{"line":34,"column":8},"end":{"line":34,"column":null}},"29":{"start":{"line":35,"column":8},"end":{"line":35,"column":14}},"30":{"start":{"line":37,"column":22},"end":{"line":37,"column":39}},"31":{"start":{"line":38,"column":19},"end":{"line":38,"column":32}},"32":{"start":{"line":39,"column":21},"end":{"line":39,"column":50}},"33":{"start":{"line":40,"column":25},"end":{"line":40,"column":45}},"34":{"start":{"line":41,"column":23},"end":{"line":41,"column":41}},"35":{"start":{"line":43,"column":6},"end":{"line":52,"column":7}},"36":{"start":{"line":44,"column":8},"end":{"line":44,"column":null}},"37":{"start":{"line":46,"column":8},"end":{"line":51,"column":null}},"38":{"start":{"line":56,"column":29},"end":{"line":91,"column":1}},"39":{"start":{"line":62,"column":13},"end":{"line":62,"column":25}},"40":{"start":{"line":65,"column":17},"end":{"line":65,"column":43}},"41":{"start":{"line":67,"column":23},"end":{"line":67,"column":44}},"42":{"start":{"line":68,"column":22},"end":{"line":68,"column":45}},"43":{"start":{"line":69,"column":15},"end":{"line":69,"column":29}},"44":{"start":{"line":71,"column":19},"end":{"line":71,"column":23}},"45":{"start":{"line":74,"column":20},"end":{"line":74,"column":43}},"46":{"start":{"line":76,"column":2},"end":{"line":76,"column":null}},"47":{"start":{"line":78,"column":17},"end":{"line":82,"column":null}},"48":{"start":{"line":85,"column":2},"end":{"line":90,"column":null}},"49":{"start":{"line":86,"column":4},"end":{"line":89,"column":null}},"50":{"start":{"line":87,"column":6},"end":{"line":88,"column":27}},"51":{"start":{"line":87,"column":15},"end":{"line":87,"column":null}},"52":{"start":{"line":88,"column":11},"end":{"line":88,"column":27}},"53":{"start":{"line":93,"column":30},"end":{"line":99,"column":null}},"54":{"start":{"line":93,"column":53},"end":{"line":99,"column":null}},"55":{"start":{"line":94,"column":49},"end":{"line":94,"column":78}},"56":{"start":{"line":96,"column":23},"end":{"line":96,"column":77}},"57":{"start":{"line":98,"column":2},"end":{"line":98,"column":null}},"58":{"start":{"line":101,"column":9},"end":{"line":101,"column":30}}},"fnMap":{"0":{"name":"(anonymous_7)","decl":{"start":{"line":11,"column":27},"end":{"line":11,"column":28}},"loc":{"start":{"line":12,"column":2},"end":{"line":54,"column":4}}},"1":{"name":"(anonymous_8)","decl":{"start":{"line":12,"column":14},"end":{"line":12,"column":21}},"loc":{"start":{"line":12,"column":40},"end":{"line":54,"column":4}}},"2":{"name":"(anonymous_9)","decl":{"start":{"line":12,"column":40},"end":{"line":12,"column":null}},"loc":{"start":{"line":12,"column":40},"end":{"line":54,"column":3}}},"3":{"name":"(anonymous_10)","decl":{"start":{"line":14,"column":26},"end":{"line":14,"column":33}},"loc":{"start":{"line":14,"column":70},"end":{"line":53,"column":6}}},"4":{"name":"(anonymous_11)","decl":{"start":{"line":14,"column":70},"end":{"line":14,"column":null}},"loc":{"start":{"line":14,"column":70},"end":{"line":53,"column":5}}},"5":{"name":"(anonymous_12)","decl":{"start":{"line":56,"column":29},"end":{"line":56,"column":null}},"loc":{"start":{"line":61,"column":9},"end":{"line":91,"column":1}}},"6":{"name":"(anonymous_13)","decl":{"start":{"line":85,"column":21},"end":{"line":85,"column":22}},"loc":{"start":{"line":85,"column":41},"end":{"line":90,"column":3}}},"7":{"name":"(anonymous_14)","decl":{"start":{"line":86,"column":29},"end":{"line":86,"column":30}},"loc":{"start":{"line":86,"column":55},"end":{"line":89,"column":5}}},"8":{"name":"(anonymous_15)","decl":{"start":{"line":93,"column":30},"end":{"line":93,"column":37}},"loc":{"start":{"line":93,"column":53},"end":{"line":99,"column":null}}},"9":{"name":"(anonymous_16)","decl":{"start":{"line":93,"column":53},"end":{"line":93,"column":null}},"loc":{"start":{"line":93,"column":53},"end":{"line":99,"column":1}}}},"branchMap":{"0":{"loc":{"start":{"line":15,"column":6},"end":{"line":15,"column":null}},"type":"if","locations":[{"start":{"line":15,"column":6},"end":{"line":15,"column":null}}]},"1":{"loc":{"start":{"line":16,"column":6},"end":{"line":19,"column":7}},"type":"if","locations":[{"start":{"line":16,"column":6},"end":{"line":19,"column":7}}]},"2":{"loc":{"start":{"line":20,"column":6},"end":{"line":23,"column":7}},"type":"if","locations":[{"start":{"line":20,"column":6},"end":{"line":23,"column":7}}]},"3":{"loc":{"start":{"line":24,"column":6},"end":{"line":27,"column":7}},"type":"if","locations":[{"start":{"line":24,"column":6},"end":{"line":27,"column":7}}]},"4":{"loc":{"start":{"line":28,"column":6},"end":{"line":31,"column":7}},"type":"if","locations":[{"start":{"line":28,"column":6},"end":{"line":31,"column":7}}]},"5":{"loc":{"start":{"line":32,"column":6},"end":{"line":36,"column":7}},"type":"if","locations":[{"start":{"line":32,"column":6},"end":{"line":36,"column":7}}]},"6":{"loc":{"start":{"line":43,"column":6},"end":{"line":52,"column":7}},"type":"if","locations":[{"start":{"line":43,"column":6},"end":{"line":52,"column":7}},{"start":{"line":45,"column":13},"end":{"line":52,"column":7}}]},"7":{"loc":{"start":{"line":60,"column":2},"end":{"line":60,"column":14}},"type":"default-arg","locations":[{"start":{"line":60,"column":12},"end":{"line":60,"column":14}}]},"8":{"loc":{"start":{"line":87,"column":6},"end":{"line":88,"column":27}},"type":"if","locations":[{"start":{"line":87,"column":6},"end":{"line":88,"column":27}},{"start":{"line":88,"column":11},"end":{"line":88,"column":27}}]}},"s":{"0":1,"1":1,"2":1,"3":1,"4":1,"5":1,"6":1,"7":1,"8":1,"9":1,"10":1,"11":1,"12":1,"13":1,"14":1,"15":1,"16":1,"17":0,"18":0,"19":0,"20":0,"21":0,"22":0,"23":0,"24":0,"25":0,"26":0,"27":0,"28":0,"29":0,"30":0,"31":0,"32":0,"33":0,"34":0,"35":0,"36":0,"37":0,"38":1,"39":0,"40":0,"41":0,"42":0,"43":0,"44":0,"45":0,"46":0,"47":0,"48":0,"49":0,"50":0,"51":0,"52":0,"53":1,"54":1,"55":1,"56":0,"57":0,"58":1},"f":{"0":1,"1":1,"2":1,"3":1,"4":1,"5":0,"6":0,"7":0,"8":1,"9":1},"b":{"0":[1],"1":[1],"2":[0],"3":[0],"4":[0],"5":[0],"6":[0,0],"7":[0],"8":[0,0]}}
,"C:\\Users\\chhuo\\Documents\\SOEN390\\condo-backend\\src\\firebase\\financialService.ts": {"path":"C:\\Users\\chhuo\\Documents\\SOEN390\\condo-backend\\src\\firebase\\financialService.ts","statementMap":{"0":{"start":{"line":7,"column":4},"end":{"line":7,"column":25}},"1":{"start":{"line":8,"column":20},"end":{"line":8,"column":37}},"2":{"start":{"line":10,"column":38},"end":{"line":19,"column":null}},"3":{"start":{"line":21,"column":36},"end":{"line":24,"column":1}},"4":{"start":{"line":22,"column":15},"end":{"line":22,"column":38}},"5":{"start":{"line":23,"column":2},"end":{"line":23,"column":null}},"6":{"start":{"line":23,"column":29},"end":{"line":23,"column":72}},"7":{"start":{"line":26,"column":30},"end":{"line":43,"column":null}},"8":{"start":{"line":31,"column":4},"end":{"line":43,"column":null}},"9":{"start":{"line":32,"column":13},"end":{"line":32,"column":42}},"10":{"start":{"line":33,"column":2},"end":{"line":42,"column":3}},"11":{"start":{"line":34,"column":4},"end":{"line":34,"column":null}},"12":{"start":{"line":35,"column":9},"end":{"line":42,"column":3}},"13":{"start":{"line":36,"column":4},"end":{"line":36,"column":null}},"14":{"start":{"line":37,"column":4},"end":{"line":39,"column":null}},"15":{"start":{"line":41,"column":4},"end":{"line":41,"column":null}},"16":{"start":{"line":84,"column":9},"end":{"line":84,"column":30}},"17":{"start":{"line":45,"column":23},"end":{"line":83,"column":null}},"18":{"start":{"line":49,"column":4},"end":{"line":83,"column":null}},"19":{"start":{"line":50,"column":13},"end":{"line":50,"column":42}},"20":{"start":{"line":51,"column":2},"end":{"line":82,"column":3}},"21":{"start":{"line":52,"column":24},"end":{"line":52,"column":60}},"22":{"start":{"line":53,"column":21},"end":{"line":53,"column":39}},"23":{"start":{"line":54,"column":16},"end":{"line":54,"column":54}},"24":{"start":{"line":55,"column":19},"end":{"line":58,"column":6}},"25":{"start":{"line":59,"column":4},"end":{"line":59,"column":null}},"26":{"start":{"line":59,"column":35},"end":{"line":59,"column":54}},"27":{"start":{"line":60,"column":4},"end":{"line":60,"column":null}},"28":{"start":{"line":60,"column":24},"end":{"line":60,"column":36}},"29":{"start":{"line":61,"column":4},"end":{"line":63,"column":null}},"30":{"start":{"line":64,"column":14},"end":{"line":64,"column":15}},"31":{"start":{"line":65,"column":4},"end":{"line":74,"column":null}},"32":{"start":{"line":66,"column":6},"end":{"line":66,"column":null}},"33":{"start":{"line":67,"column":6},"end":{"line":72,"column":null}},"34":{"start":{"line":73,"column":6},"end":{"line":73,"column":null}},"35":{"start":{"line":75,"column":4},"end":{"line":78,"column":null}},"36":{"start":{"line":79,"column":4},"end":{"line":79,"column":null}},"37":{"start":{"line":81,"column":4},"end":{"line":81,"column":null}},"38":{"start":{"line":84,"column":32},"end":{"line":84,"column":46}}},"fnMap":{"0":{"name":"(anonymous_7)","decl":{"start":{"line":21,"column":36},"end":{"line":21,"column":37}},"loc":{"start":{"line":21,"column":59},"end":{"line":24,"column":1}}},"1":{"name":"(anonymous_8)","decl":{"start":{"line":23,"column":20},"end":{"line":23,"column":21}},"loc":{"start":{"line":23,"column":29},"end":{"line":23,"column":72}}},"2":{"name":"(anonymous_9)","decl":{"start":{"line":26,"column":30},"end":{"line":26,"column":null}},"loc":{"start":{"line":31,"column":4},"end":{"line":43,"column":null}}},"3":{"name":"(anonymous_10)","decl":{"start":{"line":31,"column":4},"end":{"line":31,"column":null}},"loc":{"start":{"line":31,"column":4},"end":{"line":43,"column":1}}},"4":{"name":"(anonymous_11)","decl":{"start":{"line":45,"column":23},"end":{"line":45,"column":null}},"loc":{"start":{"line":49,"column":4},"end":{"line":83,"column":null}}},"5":{"name":"(anonymous_12)","decl":{"start":{"line":49,"column":4},"end":{"line":49,"column":null}},"loc":{"start":{"line":49,"column":4},"end":{"line":83,"column":1}}},"6":{"name":"(anonymous_13)","decl":{"start":{"line":59,"column":19},"end":{"line":59,"column":20}},"loc":{"start":{"line":59,"column":35},"end":{"line":59,"column":54}}},"7":{"name":"(anonymous_14)","decl":{"start":{"line":60,"column":18},"end":{"line":60,"column":21}},"loc":{"start":{"line":60,"column":24},"end":{"line":60,"column":36}}},"8":{"name":"(anonymous_15)","decl":{"start":{"line":65,"column":24},"end":{"line":65,"column":25}},"loc":{"start":{"line":65,"column":39},"end":{"line":74,"column":5}}}},"branchMap":{"0":{"loc":{"start":{"line":33,"column":2},"end":{"line":42,"column":3}},"type":"if","locations":[{"start":{"line":33,"column":2},"end":{"line":42,"column":3}},{"start":{"line":35,"column":9},"end":{"line":42,"column":3}}]},"1":{"loc":{"start":{"line":35,"column":9},"end":{"line":42,"column":3}},"type":"if","locations":[{"start":{"line":35,"column":9},"end":{"line":42,"column":3}},{"start":{"line":40,"column":9},"end":{"line":42,"column":3}}]},"2":{"loc":{"start":{"line":51,"column":2},"end":{"line":82,"column":3}},"type":"if","locations":[{"start":{"line":51,"column":2},"end":{"line":82,"column":3}},{"start":{"line":80,"column":9},"end":{"line":82,"column":3}}]}},"s":{"0":1,"1":1,"2":1,"3":1,"4":1,"5":1,"6":4,"7":1,"8":1,"9":1,"10":1,"11":0,"12":1,"13":1,"14":1,"15":0,"16":1,"17":1,"18":1,"19":1,"20":1,"21":1,"22":1,"23":1,"24":1,"25":1,"26":61,"27":1,"28":1,"29":1,"30":1,"31":1,"32":2,"33":2,"34":2,"35":1,"36":1,"37":0,"38":1},"f":{"0":1,"1":4,"2":1,"3":1,"4":1,"5":1,"6":61,"7":1,"8":2},"b":{"0":[0,1],"1":[1,0],"2":[1,0]}}
,"C:\\Users\\chhuo\\Documents\\SOEN390\\condo-backend\\src\\firebase\\firebase.ts": {"path":"C:\\Users\\chhuo\\Documents\\SOEN390\\condo-backend\\src\\firebase\\firebase.ts","statementMap":{"0":{"start":{"line":1,"column":14},"end":{"line":1,"column":39}},"1":{"start":{"line":2,"column":15},"end":{"line":2,"column":32}},"2":{"start":{"line":3,"column":0},"end":{"line":3,"column":null}},"3":{"start":{"line":5,"column":23},"end":{"line":7,"column":6}},"4":{"start":{"line":9,"column":0},"end":{"line":12,"column":null}},"5":{"start":{"line":14,"column":23},"end":{"line":17,"column":null}},"6":{"start":{"line":14,"column":49},"end":{"line":17,"column":null}},"7":{"start":{"line":15,"column":23},"end":{"line":15,"column":64}},"8":{"start":{"line":16,"column":2},"end":{"line":16,"column":null}},"9":{"start":{"line":74,"column":2},"end":{"line":74,"column":16}},"10":{"start":{"line":19,"column":11},"end":{"line":19,"column":27}},"11":{"start":{"line":21,"column":27},"end":{"line":23,"column":1}},"12":{"start":{"line":22,"column":2},"end":{"line":22,"column":null}},"13":{"start":{"line":75,"column":2},"end":{"line":75,"column":20}},"14":{"start":{"line":25,"column":29},"end":{"line":32,"column":null}},"15":{"start":{"line":25,"column":74},"end":{"line":32,"column":null}},"16":{"start":{"line":26,"column":14},"end":{"line":30,"column":13}},"17":{"start":{"line":31,"column":2},"end":{"line":31,"column":null}},"18":{"start":{"line":78,"column":2},"end":{"line":78,"column":22}},"19":{"start":{"line":34,"column":32},"end":{"line":42,"column":null}},"20":{"start":{"line":38,"column":4},"end":{"line":42,"column":null}},"21":{"start":{"line":39,"column":2},"end":{"line":41,"column":null}},"22":{"start":{"line":80,"column":2},"end":{"line":80,"column":25}},"23":{"start":{"line":44,"column":27},"end":{"line":53,"column":1}},"24":{"start":{"line":50,"column":2},"end":{"line":52,"column":null}},"25":{"start":{"line":79,"column":2},"end":{"line":79,"column":20}},"26":{"start":{"line":55,"column":23},"end":{"line":61,"column":null}},"27":{"start":{"line":55,"column":64},"end":{"line":61,"column":null}},"28":{"start":{"line":56,"column":19},"end":{"line":59,"column":18}},"29":{"start":{"line":60,"column":2},"end":{"line":60,"column":null}},"30":{"start":{"line":81,"column":2},"end":{"line":81,"column":16}},"31":{"start":{"line":63,"column":19},"end":{"line":66,"column":null}},"32":{"start":{"line":63,"column":40},"end":{"line":66,"column":null}},"33":{"start":{"line":64,"column":19},"end":{"line":64,"column":64}},"34":{"start":{"line":65,"column":2},"end":{"line":65,"column":null}},"35":{"start":{"line":76,"column":2},"end":{"line":76,"column":12}},"36":{"start":{"line":68,"column":22},"end":{"line":71,"column":null}},"37":{"start":{"line":68,"column":43},"end":{"line":71,"column":null}},"38":{"start":{"line":69,"column":19},"end":{"line":69,"column":64}},"39":{"start":{"line":70,"column":2},"end":{"line":70,"column":null}},"40":{"start":{"line":77,"column":2},"end":{"line":77,"column":15}}},"fnMap":{"0":{"name":"(anonymous_7)","decl":{"start":{"line":14,"column":23},"end":{"line":14,"column":30}},"loc":{"start":{"line":14,"column":49},"end":{"line":17,"column":null}}},"1":{"name":"(anonymous_8)","decl":{"start":{"line":14,"column":49},"end":{"line":14,"column":null}},"loc":{"start":{"line":14,"column":49},"end":{"line":17,"column":1}}},"2":{"name":"(anonymous_9)","decl":{"start":{"line":21,"column":27},"end":{"line":21,"column":28}},"loc":{"start":{"line":21,"column":62},"end":{"line":23,"column":1}}},"3":{"name":"(anonymous_10)","decl":{"start":{"line":25,"column":29},"end":{"line":25,"column":36}},"loc":{"start":{"line":25,"column":74},"end":{"line":32,"column":null}}},"4":{"name":"(anonymous_11)","decl":{"start":{"line":25,"column":74},"end":{"line":25,"column":null}},"loc":{"start":{"line":25,"column":74},"end":{"line":32,"column":1}}},"5":{"name":"(anonymous_12)","decl":{"start":{"line":34,"column":32},"end":{"line":34,"column":null}},"loc":{"start":{"line":38,"column":4},"end":{"line":42,"column":null}}},"6":{"name":"(anonymous_13)","decl":{"start":{"line":38,"column":4},"end":{"line":38,"column":null}},"loc":{"start":{"line":38,"column":4},"end":{"line":42,"column":1}}},"7":{"name":"(anonymous_14)","decl":{"start":{"line":44,"column":27},"end":{"line":44,"column":null}},"loc":{"start":{"line":49,"column":4},"end":{"line":53,"column":1}}},"8":{"name":"(anonymous_15)","decl":{"start":{"line":55,"column":23},"end":{"line":55,"column":30}},"loc":{"start":{"line":55,"column":64},"end":{"line":61,"column":null}}},"9":{"name":"(anonymous_16)","decl":{"start":{"line":55,"column":64},"end":{"line":55,"column":null}},"loc":{"start":{"line":55,"column":64},"end":{"line":61,"column":1}}},"10":{"name":"(anonymous_17)","decl":{"start":{"line":63,"column":19},"end":{"line":63,"column":26}},"loc":{"start":{"line":63,"column":40},"end":{"line":66,"column":null}}},"11":{"name":"(anonymous_18)","decl":{"start":{"line":63,"column":40},"end":{"line":63,"column":null}},"loc":{"start":{"line":63,"column":40},"end":{"line":66,"column":1}}},"12":{"name":"(anonymous_19)","decl":{"start":{"line":68,"column":22},"end":{"line":68,"column":29}},"loc":{"start":{"line":68,"column":43},"end":{"line":71,"column":null}}},"13":{"name":"(anonymous_20)","decl":{"start":{"line":68,"column":43},"end":{"line":68,"column":null}},"loc":{"start":{"line":68,"column":43},"end":{"line":71,"column":1}}}},"branchMap":{"0":{"loc":{"start":{"line":5,"column":23},"end":{"line":7,"column":6}},"type":"cond-expr","locations":[{"start":{"line":6,"column":4},"end":{"line":6,"column":48}},{"start":{"line":7,"column":4},"end":{"line":7,"column":6}}]}},"s":{"0":1,"1":1,"2":1,"3":1,"4":1,"5":1,"6":7,"7":7,"8":6,"9":1,"10":1,"11":1,"12":1,"13":1,"14":1,"15":1,"16":1,"17":1,"18":1,"19":1,"20":1,"21":1,"22":1,"23":1,"24":0,"25":1,"26":1,"27":1,"28":1,"29":1,"30":1,"31":1,"32":6,"33":6,"34":6,"35":1,"36":1,"37":1,"38":1,"39":1,"40":1},"f":{"0":7,"1":7,"2":1,"3":1,"4":1,"5":1,"6":1,"7":0,"8":1,"9":1,"10":6,"11":6,"12":1,"13":1},"b":{"0":[1,0]}}
,"C:\\Users\\chhuo\\Documents\\SOEN390\\condo-backend\\src\\firebase\\propertyProfileService.ts": {"path":"C:\\Users\\chhuo\\Documents\\SOEN390\\condo-backend\\src\\firebase\\propertyProfileService.ts","statementMap":{"0":{"start":{"line":2,"column":0},"end":{"line":2,"column":50}},"1":{"start":{"line":8,"column":4},"end":{"line":8,"column":25}},"2":{"start":{"line":10,"column":35},"end":{"line":16,"column":null}},"3":{"start":{"line":18,"column":36},"end":{"line":21,"column":1}},"4":{"start":{"line":19,"column":15},"end":{"line":19,"column":38}},"5":{"start":{"line":20,"column":2},"end":{"line":20,"column":null}},"6":{"start":{"line":20,"column":29},"end":{"line":20,"column":69}},"7":{"start":{"line":23,"column":27},"end":{"line":41,"column":null}},"8":{"start":{"line":27,"column":4},"end":{"line":41,"column":null}},"9":{"start":{"line":28,"column":13},"end":{"line":28,"column":42}},"10":{"start":{"line":29,"column":2},"end":{"line":40,"column":3}},"11":{"start":{"line":30,"column":4},"end":{"line":30,"column":null}},"12":{"start":{"line":31,"column":9},"end":{"line":40,"column":3}},"13":{"start":{"line":33,"column":16},"end":{"line":33,"column":62}},"14":{"start":{"line":34,"column":4},"end":{"line":37,"column":null}},"15":{"start":{"line":39,"column":4},"end":{"line":39,"column":null}},"16":{"start":{"line":54,"column":9},"end":{"line":54,"column":27}},"17":{"start":{"line":43,"column":24},"end":{"line":52,"column":null}},"18":{"start":{"line":43,"column":67},"end":{"line":52,"column":null}},"19":{"start":{"line":46,"column":4},"end":{"line":46,"column":36}},"20":{"start":{"line":47,"column":2},"end":{"line":47,"column":null}},"21":{"start":{"line":48,"column":2},"end":{"line":51,"column":null}},"22":{"start":{"line":54,"column":29},"end":{"line":54,"column":44}}},"fnMap":{"0":{"name":"(anonymous_7)","decl":{"start":{"line":18,"column":36},"end":{"line":18,"column":37}},"loc":{"start":{"line":18,"column":59},"end":{"line":21,"column":1}}},"1":{"name":"(anonymous_8)","decl":{"start":{"line":20,"column":20},"end":{"line":20,"column":21}},"loc":{"start":{"line":20,"column":29},"end":{"line":20,"column":69}}},"2":{"name":"(anonymous_9)","decl":{"start":{"line":23,"column":27},"end":{"line":23,"column":null}},"loc":{"start":{"line":27,"column":4},"end":{"line":41,"column":null}}},"3":{"name":"(anonymous_10)","decl":{"start":{"line":27,"column":4},"end":{"line":27,"column":null}},"loc":{"start":{"line":27,"column":4},"end":{"line":41,"column":1}}},"4":{"name":"(anonymous_11)","decl":{"start":{"line":43,"column":24},"end":{"line":43,"column":31}},"loc":{"start":{"line":43,"column":67},"end":{"line":52,"column":null}}},"5":{"name":"(anonymous_12)","decl":{"start":{"line":43,"column":67},"end":{"line":43,"column":null}},"loc":{"start":{"line":43,"column":67},"end":{"line":52,"column":1}}}},"branchMap":{"0":{"loc":{"start":{"line":29,"column":2},"end":{"line":40,"column":3}},"type":"if","locations":[{"start":{"line":29,"column":2},"end":{"line":40,"column":3}},{"start":{"line":31,"column":9},"end":{"line":40,"column":3}}]},"1":{"loc":{"start":{"line":31,"column":9},"end":{"line":40,"column":3}},"type":"if","locations":[{"start":{"line":31,"column":9},"end":{"line":40,"column":3}},{"start":{"line":38,"column":9},"end":{"line":40,"column":3}}]}},"s":{"0":1,"1":1,"2":1,"3":1,"4":1,"5":1,"6":5,"7":1,"8":1,"9":1,"10":1,"11":0,"12":1,"13":1,"14":1,"15":0,"16":1,"17":1,"18":1,"19":1,"20":0,"21":0,"22":1},"f":{"0":1,"1":5,"2":1,"3":1,"4":1,"5":1},"b":{"0":[0,1],"1":[1,0]}}
,"C:\\Users\\chhuo\\Documents\\SOEN390\\condo-backend\\src\\firebase\\userService.ts": {"path":"C:\\Users\\chhuo\\Documents\\SOEN390\\condo-backend\\src\\firebase\\userService.ts","statementMap":{"0":{"start":{"line":8,"column":4},"end":{"line":8,"column":25}},"1":{"start":{"line":10,"column":30},"end":{"line":21,"column":null}},"2":{"start":{"line":23,"column":26},"end":{"line":33,"column":null}},"3":{"start":{"line":35,"column":30},"end":{"line":38,"column":1}},"4":{"start":{"line":36,"column":15},"end":{"line":36,"column":38}},"5":{"start":{"line":37,"column":2},"end":{"line":37,"column":null}},"6":{"start":{"line":37,"column":29},"end":{"line":37,"column":64}},"7":{"start":{"line":40,"column":25},"end":{"line":58,"column":null}},"8":{"start":{"line":44,"column":4},"end":{"line":58,"column":null}},"9":{"start":{"line":45,"column":13},"end":{"line":45,"column":42}},"10":{"start":{"line":46,"column":2},"end":{"line":57,"column":3}},"11":{"start":{"line":47,"column":4},"end":{"line":47,"column":null}},"12":{"start":{"line":48,"column":9},"end":{"line":57,"column":3}},"13":{"start":{"line":50,"column":4},"end":{"line":50,"column":null}},"14":{"start":{"line":51,"column":4},"end":{"line":54,"column":null}},"15":{"start":{"line":56,"column":4},"end":{"line":56,"column":null}},"16":{"start":{"line":84,"column":9},"end":{"line":84,"column":25}},"17":{"start":{"line":60,"column":23},"end":{"line":82,"column":null}},"18":{"start":{"line":64,"column":4},"end":{"line":82,"column":null}},"19":{"start":{"line":65,"column":13},"end":{"line":65,"column":42}},"20":{"start":{"line":66,"column":2},"end":{"line":81,"column":3}},"21":{"start":{"line":67,"column":4},"end":{"line":70,"column":null}},"22":{"start":{"line":72,"column":20},"end":{"line":74,"column":null}},"23":{"start":{"line":76,"column":4},"end":{"line":76,"column":null}},"24":{"start":{"line":77,"column":4},"end":{"line":80,"column":null}},"25":{"start":{"line":84,"column":27},"end":{"line":84,"column":41}}},"fnMap":{"0":{"name":"(anonymous_7)","decl":{"start":{"line":35,"column":30},"end":{"line":35,"column":31}},"loc":{"start":{"line":35,"column":53},"end":{"line":38,"column":1}}},"1":{"name":"(anonymous_8)","decl":{"start":{"line":37,"column":20},"end":{"line":37,"column":21}},"loc":{"start":{"line":37,"column":29},"end":{"line":37,"column":64}}},"2":{"name":"(anonymous_9)","decl":{"start":{"line":40,"column":25},"end":{"line":40,"column":null}},"loc":{"start":{"line":44,"column":4},"end":{"line":58,"column":null}}},"3":{"name":"(anonymous_10)","decl":{"start":{"line":44,"column":4},"end":{"line":44,"column":null}},"loc":{"start":{"line":44,"column":4},"end":{"line":58,"column":1}}},"4":{"name":"(anonymous_11)","decl":{"start":{"line":60,"column":23},"end":{"line":60,"column":null}},"loc":{"start":{"line":64,"column":4},"end":{"line":82,"column":null}}},"5":{"name":"(anonymous_12)","decl":{"start":{"line":64,"column":4},"end":{"line":64,"column":null}},"loc":{"start":{"line":64,"column":4},"end":{"line":82,"column":1}}}},"branchMap":{"0":{"loc":{"start":{"line":46,"column":2},"end":{"line":57,"column":3}},"type":"if","locations":[{"start":{"line":46,"column":2},"end":{"line":57,"column":3}},{"start":{"line":48,"column":9},"end":{"line":57,"column":3}}]},"1":{"loc":{"start":{"line":48,"column":9},"end":{"line":57,"column":3}},"type":"if","locations":[{"start":{"line":48,"column":9},"end":{"line":57,"column":3}},{"start":{"line":55,"column":9},"end":{"line":57,"column":3}}]},"2":{"loc":{"start":{"line":66,"column":2},"end":{"line":81,"column":3}},"type":"if","locations":[{"start":{"line":66,"column":2},"end":{"line":81,"column":3}},{"start":{"line":71,"column":9},"end":{"line":81,"column":3}}]}},"s":{"0":1,"1":1,"2":1,"3":1,"4":1,"5":1,"6":9,"7":1,"8":2,"9":2,"10":1,"11":0,"12":1,"13":1,"14":1,"15":0,"16":1,"17":1,"18":1,"19":1,"20":1,"21":1,"22":0,"23":0,"24":0,"25":1},"f":{"0":1,"1":9,"2":2,"3":2,"4":1,"5":1},"b":{"0":[0,1],"1":[1,0],"2":[1,0]}}
,"C:\\Users\\chhuo\\Documents\\SOEN390\\condo-backend\\src\\openai\\chat.ts": {"path":"C:\\Users\\chhuo\\Documents\\SOEN390\\condo-backend\\src\\openai\\chat.ts","statementMap":{"0":{"start":{"line":1,"column":0},"end":{"line":1,"column":27}},"1":{"start":{"line":3,"column":39},"end":{"line":3,"column":70}},"2":{"start":{"line":4,"column":15},"end":{"line":4,"column":32}},"3":{"start":{"line":5,"column":0},"end":{"line":5,"column":null}},"4":{"start":{"line":7,"column":21},"end":{"line":9,"column":6}},"5":{"start":{"line":11,"column":15},"end":{"line":11,"column":27}},"6":{"start":{"line":13,"column":0},"end":{"line":13,"column":null}},"7":{"start":{"line":20,"column":13},"end":{"line":20,"column":42}},"8":{"start":{"line":21,"column":2},"end":{"line":45,"column":3}},"9":{"start":{"line":22,"column":23},"end":{"line":33,"column":6}},"10":{"start":{"line":35,"column":4},"end":{"line":40,"column":5}},"11":{"start":{"line":35,"column":30},"end":{"line":35,"column":40}},"12":{"start":{"line":35,"column":30},"end":{"line":35,"column":42}},"13":{"start":{"line":35,"column":26},"end":{"line":35,"column":30}},"14":{"start":{"line":36,"column":6},"end":{"line":39,"column":7}},"15":{"start":{"line":37,"column":8},"end":{"line":37,"column":null}},"16":{"start":{"line":38,"column":8},"end":{"line":38,"column":null}},"17":{"start":{"line":42,"column":4},"end":{"line":42,"column":null}},"18":{"start":{"line":44,"column":4},"end":{"line":44,"column":null}},"19":{"start":{"line":48,"column":9},"end":{"line":48,"column":25}}},"fnMap":{"0":{"name":"generateResponse","decl":{"start":{"line":15,"column":15},"end":{"line":15,"column":31}},"loc":{"start":{"line":18,"column":15},"end":{"line":46,"column":null}}}},"branchMap":{"0":{"loc":{"start":{"line":7,"column":21},"end":{"line":9,"column":6}},"type":"cond-expr","locations":[{"start":{"line":8,"column":4},"end":{"line":8,"column":30}},{"start":{"line":9,"column":4},"end":{"line":9,"column":6}}]},"1":{"loc":{"start":{"line":21,"column":2},"end":{"line":45,"column":3}},"type":"if","locations":[{"start":{"line":21,"column":2},"end":{"line":45,"column":3}},{"start":{"line":43,"column":9},"end":{"line":45,"column":3}}]},"2":{"loc":{"start":{"line":36,"column":6},"end":{"line":39,"column":7}},"type":"if","locations":[{"start":{"line":36,"column":6},"end":{"line":39,"column":7}}]},"3":{"loc":{"start":{"line":36,"column":10},"end":{"line":36,"column":41}},"type":"cond-expr","locations":[{"start":{"line":36,"column":15},"end":{"line":36,"column":17}},{"start":{"line":36,"column":10},"end":{"line":36,"column":41}}]},"4":{"loc":{"start":{"line":36,"column":10},"end":{"line":36,"column":17}},"type":"binary-expr","locations":[{"start":{"line":36,"column":10},"end":{"line":36,"column":17}},{"start":{"line":36,"column":10},"end":{"line":36,"column":17}}]}},"s":{"0":1,"1":1,"2":1,"3":1,"4":1,"5":1,"6":1,"7":1,"8":1,"9":1,"10":1,"11":23,"12":1,"13":11,"14":11,"15":9,"16":9,"17":1,"18":0,"19":1},"f":{"0":1},"b":{"0":[1,0],"1":[1,0],"2":[9],"3":[0,11],"4":[11,11]}}
,"C:\\Users\\chhuo\\Documents\\SOEN390\\condo-backend\\src\\utils\\utils.ts": {"path":"C:\\Users\\chhuo\\Documents\\SOEN390\\condo-backend\\src\\utils\\utils.ts","statementMap":{"0":{"start":{"line":1,"column":26},"end":{"line":10,"column":1}},"1":{"start":{"line":2,"column":2},"end":{"line":8,"column":3}},"2":{"start":{"line":3,"column":4},"end":{"line":7,"column":5}},"3":{"start":{"line":4,"column":6},"end":{"line":4,"column":31}},"4":{"start":{"line":6,"column":6},"end":{"line":6,"column":19}},"5":{"start":{"line":9,"column":2},"end":{"line":9,"column":15}},"6":{"start":{"line":12,"column":9},"end":{"line":12,"column":26}}},"fnMap":{"0":{"name":"(anonymous_0)","decl":{"start":{"line":1,"column":26},"end":{"line":1,"column":27}},"loc":{"start":{"line":1,"column":41},"end":{"line":10,"column":1}}}},"branchMap":{"0":{"loc":{"start":{"line":2,"column":2},"end":{"line":8,"column":3}},"type":"if","locations":[{"start":{"line":2,"column":2},"end":{"line":8,"column":3}}]}},"s":{"0":1,"1":3,"2":1,"3":1,"4":1,"5":2,"6":1},"f":{"0":3},"b":{"0":[1]}}
}
