{"C:\\Users\\chhuo\\Documents\\SOEN390\\condo-backend\\src\\app.ts": {"path":"C:\\Users\\chhuo\\Documents\\SOEN390\\condo-backend\\src\\app.ts","statementMap":{"0":{"start":{"line":4,"column":16},"end":{"line":4,"column":34}},"1":{"start":{"line":5,"column":13},"end":{"line":5,"column":28}},"2":{"start":{"line":6,"column":12},"end":{"line":6,"column":21}},"3":{"start":{"line":125,"column":9},"end":{"line":125,"column":12}},"4":{"start":{"line":7,"column":45},"end":{"line":7,"column":78}},"5":{"start":{"line":11,"column":4},"end":{"line":11,"column":48}},"6":{"start":{"line":15,"column":4},"end":{"line":15,"column":42}},"7":{"start":{"line":16,"column":29},"end":{"line":16,"column":53}},"8":{"start":{"line":17,"column":30},"end":{"line":17,"column":54}},"9":{"start":{"line":19,"column":20},"end":{"line":19,"column":37}},"10":{"start":{"line":21,"column":0},"end":{"line":21,"column":24}},"11":{"start":{"line":22,"column":0},"end":{"line":22,"column":16}},"12":{"start":{"line":24,"column":0},"end":{"line":26,"column":3}},"13":{"start":{"line":25,"column":2},"end":{"line":25,"column":27}},"14":{"start":{"line":28,"column":0},"end":{"line":41,"column":3}},"15":{"start":{"line":28,"column":68},"end":{"line":41,"column":2}},"16":{"start":{"line":29,"column":2},"end":{"line":40,"column":3}},"17":{"start":{"line":30,"column":4},"end":{"line":37,"column":5}},"18":{"start":{"line":31,"column":6},"end":{"line":31,"column":55}},"19":{"start":{"line":32,"column":25},"end":{"line":32,"column":63}},"20":{"start":{"line":33,"column":6},"end":{"line":33,"column":64}},"21":{"start":{"line":35,"column":6},"end":{"line":35,"column":21}},"22":{"start":{"line":36,"column":6},"end":{"line":36,"column":52}},"23":{"start":{"line":39,"column":4},"end":{"line":39,"column":44}},"24":{"start":{"line":43,"column":0},"end":{"line":61,"column":3}},"25":{"start":{"line":43,"column":76},"end":{"line":61,"column":2}},"26":{"start":{"line":44,"column":2},"end":{"line":60,"column":3}},"27":{"start":{"line":45,"column":4},"end":{"line":57,"column":5}},"28":{"start":{"line":46,"column":6},"end":{"line":46,"column":55}},"29":{"start":{"line":47,"column":33},"end":{"line":47,"column":79}},"30":{"start":{"line":48,"column":6},"end":{"line":53,"column":8}},"31":{"start":{"line":55,"column":6},"end":{"line":55,"column":21}},"32":{"start":{"line":56,"column":6},"end":{"line":56,"column":52}},"33":{"start":{"line":59,"column":4},"end":{"line":59,"column":44}},"34":{"start":{"line":63,"column":0},"end":{"line":70,"column":3}},"35":{"start":{"line":63,"column":66},"end":{"line":70,"column":2}},"36":{"start":{"line":64,"column":2},"end":{"line":69,"column":3}},"37":{"start":{"line":65,"column":4},"end":{"line":65,"column":51}},"38":{"start":{"line":66,"column":4},"end":{"line":66,"column":69}},"39":{"start":{"line":68,"column":4},"end":{"line":68,"column":44}},"40":{"start":{"line":72,"column":0},"end":{"line":84,"column":3}},"41":{"start":{"line":72,"column":68},"end":{"line":84,"column":2}},"42":{"start":{"line":73,"column":2},"end":{"line":83,"column":3}},"43":{"start":{"line":74,"column":4},"end":{"line":80,"column":5}},"44":{"start":{"line":75,"column":6},"end":{"line":75,"column":55}},"45":{"start":{"line":76,"column":6},"end":{"line":76,"column":74}},"46":{"start":{"line":78,"column":6},"end":{"line":78,"column":21}},"47":{"start":{"line":79,"column":6},"end":{"line":79,"column":52}},"48":{"start":{"line":82,"column":4},"end":{"line":82,"column":44}},"49":{"start":{"line":86,"column":0},"end":{"line":98,"column":3}},"50":{"start":{"line":86,"column":66},"end":{"line":98,"column":2}},"51":{"start":{"line":87,"column":2},"end":{"line":97,"column":3}},"52":{"start":{"line":88,"column":4},"end":{"line":94,"column":5}},"53":{"start":{"line":89,"column":6},"end":{"line":89,"column":53}},"54":{"start":{"line":90,"column":6},"end":{"line":90,"column":66}},"55":{"start":{"line":92,"column":6},"end":{"line":92,"column":21}},"56":{"start":{"line":93,"column":6},"end":{"line":93,"column":52}},"57":{"start":{"line":96,"column":4},"end":{"line":96,"column":44}},"58":{"start":{"line":100,"column":0},"end":{"line":109,"column":3}},"59":{"start":{"line":100,"column":67},"end":{"line":109,"column":2}},"60":{"start":{"line":101,"column":2},"end":{"line":108,"column":3}},"61":{"start":{"line":102,"column":4},"end":{"line":102,"column":52}},"62":{"start":{"line":103,"column":21},"end":{"line":103,"column":52}},"63":{"start":{"line":104,"column":4},"end":{"line":104,"column":35}},"64":{"start":{"line":106,"column":4},"end":{"line":106,"column":19}},"65":{"start":{"line":107,"column":4},"end":{"line":107,"column":50}},"66":{"start":{"line":111,"column":0},"end":{"line":123,"column":3}},"67":{"start":{"line":111,"column":63},"end":{"line":123,"column":2}},"68":{"start":{"line":112,"column":2},"end":{"line":122,"column":3}},"69":{"start":{"line":113,"column":4},"end":{"line":119,"column":5}},"70":{"start":{"line":114,"column":6},"end":{"line":114,"column":50}},"71":{"start":{"line":115,"column":6},"end":{"line":115,"column":79}},"72":{"start":{"line":117,"column":6},"end":{"line":117,"column":21}},"73":{"start":{"line":118,"column":6},"end":{"line":118,"column":52}},"74":{"start":{"line":121,"column":4},"end":{"line":121,"column":44}}},"fnMap":{"0":{"name":"(anonymous_7)","decl":{"start":{"line":24,"column":13},"end":{"line":24,"column":14}},"loc":{"start":{"line":24,"column":45},"end":{"line":26,"column":1}}},"1":{"name":"(anonymous_8)","decl":{"start":{"line":28,"column":30},"end":{"line":28,"column":37}},"loc":{"start":{"line":28,"column":68},"end":{"line":41,"column":2}}},"2":{"name":"(anonymous_9)","decl":{"start":{"line":28,"column":68},"end":{"line":28,"column":null}},"loc":{"start":{"line":28,"column":68},"end":{"line":41,"column":1}}},"3":{"name":"(anonymous_10)","decl":{"start":{"line":43,"column":38},"end":{"line":43,"column":45}},"loc":{"start":{"line":43,"column":76},"end":{"line":61,"column":2}}},"4":{"name":"(anonymous_11)","decl":{"start":{"line":43,"column":76},"end":{"line":43,"column":null}},"loc":{"start":{"line":43,"column":76},"end":{"line":61,"column":1}}},"5":{"name":"(anonymous_12)","decl":{"start":{"line":63,"column":28},"end":{"line":63,"column":35}},"loc":{"start":{"line":63,"column":66},"end":{"line":70,"column":2}}},"6":{"name":"(anonymous_13)","decl":{"start":{"line":63,"column":66},"end":{"line":63,"column":null}},"loc":{"start":{"line":63,"column":66},"end":{"line":70,"column":1}}},"7":{"name":"(anonymous_14)","decl":{"start":{"line":72,"column":30},"end":{"line":72,"column":37}},"loc":{"start":{"line":72,"column":68},"end":{"line":84,"column":2}}},"8":{"name":"(anonymous_15)","decl":{"start":{"line":72,"column":68},"end":{"line":72,"column":null}},"loc":{"start":{"line":72,"column":68},"end":{"line":84,"column":1}}},"9":{"name":"(anonymous_16)","decl":{"start":{"line":86,"column":28},"end":{"line":86,"column":35}},"loc":{"start":{"line":86,"column":66},"end":{"line":98,"column":2}}},"10":{"name":"(anonymous_17)","decl":{"start":{"line":86,"column":66},"end":{"line":86,"column":null}},"loc":{"start":{"line":86,"column":66},"end":{"line":98,"column":1}}},"11":{"name":"(anonymous_18)","decl":{"start":{"line":100,"column":29},"end":{"line":100,"column":36}},"loc":{"start":{"line":100,"column":67},"end":{"line":109,"column":2}}},"12":{"name":"(anonymous_19)","decl":{"start":{"line":100,"column":67},"end":{"line":100,"column":null}},"loc":{"start":{"line":100,"column":67},"end":{"line":109,"column":1}}},"13":{"name":"(anonymous_20)","decl":{"start":{"line":111,"column":25},"end":{"line":111,"column":32}},"loc":{"start":{"line":111,"column":63},"end":{"line":123,"column":2}}},"14":{"name":"(anonymous_21)","decl":{"start":{"line":111,"column":63},"end":{"line":111,"column":null}},"loc":{"start":{"line":111,"column":63},"end":{"line":123,"column":1}}}},"branchMap":{"0":{"loc":{"start":{"line":29,"column":2},"end":{"line":40,"column":3}},"type":"if","locations":[{"start":{"line":29,"column":2},"end":{"line":40,"column":3}},{"start":{"line":38,"column":9},"end":{"line":40,"column":3}}]},"1":{"loc":{"start":{"line":29,"column":6},"end":{"line":29,"column":45}},"type":"binary-expr","locations":[{"start":{"line":29,"column":6},"end":{"line":29,"column":22}},{"start":{"line":29,"column":26},"end":{"line":29,"column":45}}]},"2":{"loc":{"start":{"line":44,"column":2},"end":{"line":60,"column":3}},"type":"if","locations":[{"start":{"line":44,"column":2},"end":{"line":60,"column":3}},{"start":{"line":58,"column":9},"end":{"line":60,"column":3}}]},"3":{"loc":{"start":{"line":44,"column":6},"end":{"line":44,"column":76}},"type":"binary-expr","locations":[{"start":{"line":44,"column":6},"end":{"line":44,"column":22}},{"start":{"line":44,"column":26},"end":{"line":44,"column":45}},{"start":{"line":44,"column":49},"end":{"line":44,"column":76}}]},"4":{"loc":{"start":{"line":64,"column":2},"end":{"line":69,"column":3}},"type":"if","locations":[{"start":{"line":64,"column":2},"end":{"line":69,"column":3}},{"start":{"line":67,"column":9},"end":{"line":69,"column":3}}]},"5":{"loc":{"start":{"line":64,"column":6},"end":{"line":64,"column":45}},"type":"binary-expr","locations":[{"start":{"line":64,"column":6},"end":{"line":64,"column":22}},{"start":{"line":64,"column":26},"end":{"line":64,"column":45}}]},"6":{"loc":{"start":{"line":73,"column":2},"end":{"line":83,"column":3}},"type":"if","locations":[{"start":{"line":73,"column":2},"end":{"line":83,"column":3}},{"start":{"line":81,"column":9},"end":{"line":83,"column":3}}]},"7":{"loc":{"start":{"line":73,"column":6},"end":{"line":73,"column":46}},"type":"binary-expr","locations":[{"start":{"line":73,"column":6},"end":{"line":73,"column":22}},{"start":{"line":73,"column":26},"end":{"line":73,"column":46}}]},"8":{"loc":{"start":{"line":87,"column":2},"end":{"line":97,"column":3}},"type":"if","locations":[{"start":{"line":87,"column":2},"end":{"line":97,"column":3}},{"start":{"line":95,"column":9},"end":{"line":97,"column":3}}]},"9":{"loc":{"start":{"line":87,"column":6},"end":{"line":87,"column":40}},"type":"binary-expr","locations":[{"start":{"line":87,"column":6},"end":{"line":87,"column":22}},{"start":{"line":87,"column":26},"end":{"line":87,"column":40}}]},"10":{"loc":{"start":{"line":112,"column":2},"end":{"line":122,"column":3}},"type":"if","locations":[{"start":{"line":112,"column":2},"end":{"line":122,"column":3}},{"start":{"line":120,"column":9},"end":{"line":122,"column":3}}]},"11":{"loc":{"start":{"line":112,"column":6},"end":{"line":112,"column":49}},"type":"binary-expr","locations":[{"start":{"line":112,"column":6},"end":{"line":112,"column":22}},{"start":{"line":112,"column":26},"end":{"line":112,"column":49}}]}},"s":{"0":1,"1":1,"2":1,"3":1,"4":1,"5":1,"6":1,"7":1,"8":1,"9":1,"10":1,"11":1,"12":1,"13":0,"14":1,"15":3,"16":3,"17":2,"18":2,"19":2,"20":2,"21":1,"22":1,"23":1,"24":1,"25":0,"26":0,"27":0,"28":0,"29":0,"30":0,"31":0,"32":0,"33":0,"34":1,"35":0,"36":0,"37":0,"38":0,"39":0,"40":1,"41":0,"42":0,"43":0,"44":0,"45":0,"46":0,"47":0,"48":0,"49":1,"50":2,"51":2,"52":1,"53":1,"54":1,"55":0,"56":0,"57":1,"58":1,"59":1,"60":1,"61":1,"62":1,"63":0,"64":1,"65":1,"66":1,"67":2,"68":2,"69":1,"70":1,"71":1,"72":0,"73":0,"74":1},"f":{"0":0,"1":3,"2":3,"3":0,"4":0,"5":0,"6":0,"7":0,"8":0,"9":2,"10":2,"11":1,"12":1,"13":2,"14":2},"b":{"0":[2,1],"1":[3,2],"2":[0,0],"3":[0,0,0],"4":[0,0],"5":[0,0],"6":[0,0],"7":[0,0],"8":[1,1],"9":[2,1],"10":[1,1],"11":[2,1]}}
,"C:\\Users\\chhuo\\Documents\\SOEN390\\condo-backend\\src\\aws\\aws.ts": {"path":"C:\\Users\\chhuo\\Documents\\SOEN390\\condo-backend\\src\\aws\\aws.ts","statementMap":{"0":{"start":{"line":1,"column":12},"end":{"line":1,"column":30}},"1":{"start":{"line":2,"column":19},"end":{"line":2,"column":40}},"2":{"start":{"line":3,"column":13},"end":{"line":3,"column":28}},"3":{"start":{"line":4,"column":11},"end":{"line":4,"column":24}},"4":{"start":{"line":10,"column":4},"end":{"line":10,"column":35}},"5":{"start":{"line":12,"column":0},"end":{"line":14,"column":3}},"6":{"start":{"line":16,"column":27},"end":{"line":51,"column":4}},"7":{"start":{"line":17,"column":2},"end":{"line":51,"column":4}},"8":{"start":{"line":17,"column":40},"end":{"line":51,"column":4}},"9":{"start":{"line":18,"column":17},"end":{"line":18,"column":38}},"10":{"start":{"line":19,"column":4},"end":{"line":50,"column":7}},"11":{"start":{"line":19,"column":70},"end":{"line":50,"column":6}},"12":{"start":{"line":20,"column":6},"end":{"line":20,"column":27}},"13":{"start":{"line":20,"column":15},"end":{"line":20,"column":27}},"14":{"start":{"line":21,"column":6},"end":{"line":21,"column":66}},"15":{"start":{"line":21,"column":19},"end":{"line":21,"column":66}},"16":{"start":{"line":22,"column":6},"end":{"line":24,"column":7}},"17":{"start":{"line":23,"column":8},"end":{"line":23,"column":61}},"18":{"start":{"line":25,"column":6},"end":{"line":27,"column":7}},"19":{"start":{"line":26,"column":8},"end":{"line":26,"column":64}},"20":{"start":{"line":28,"column":6},"end":{"line":30,"column":7}},"21":{"start":{"line":29,"column":8},"end":{"line":29,"column":62}},"22":{"start":{"line":31,"column":6},"end":{"line":34,"column":7}},"23":{"start":{"line":32,"column":8},"end":{"line":32,"column":56}},"24":{"start":{"line":33,"column":8},"end":{"line":33,"column":58}},"25":{"start":{"line":35,"column":6},"end":{"line":35,"column":33}},"26":{"start":{"line":36,"column":22},"end":{"line":36,"column":39}},"27":{"start":{"line":37,"column":19},"end":{"line":37,"column":35}},"28":{"start":{"line":38,"column":21},"end":{"line":38,"column":50}},"29":{"start":{"line":39,"column":25},"end":{"line":39,"column":45}},"30":{"start":{"line":40,"column":23},"end":{"line":40,"column":41}},"31":{"start":{"line":42,"column":6},"end":{"line":49,"column":11}},"32":{"start":{"line":42,"column":17},"end":{"line":42,"column":67}},"33":{"start":{"line":44,"column":8},"end":{"line":49,"column":11}},"34":{"start":{"line":53,"column":29},"end":{"line":88,"column":1}},"35":{"start":{"line":59,"column":13},"end":{"line":59,"column":25}},"36":{"start":{"line":62,"column":17},"end":{"line":62,"column":43}},"37":{"start":{"line":64,"column":21},"end":{"line":64,"column":42}},"38":{"start":{"line":65,"column":21},"end":{"line":65,"column":44}},"39":{"start":{"line":66,"column":13},"end":{"line":66,"column":28}},"40":{"start":{"line":68,"column":19},"end":{"line":68,"column":23}},"41":{"start":{"line":71,"column":20},"end":{"line":71,"column":43}},"42":{"start":{"line":73,"column":2},"end":{"line":73,"column":41}},"43":{"start":{"line":75,"column":17},"end":{"line":79,"column":4}},"44":{"start":{"line":82,"column":2},"end":{"line":87,"column":5}},"45":{"start":{"line":83,"column":4},"end":{"line":86,"column":7}},"46":{"start":{"line":84,"column":6},"end":{"line":85,"column":27}},"47":{"start":{"line":84,"column":15},"end":{"line":84,"column":27}},"48":{"start":{"line":85,"column":11},"end":{"line":85,"column":27}},"49":{"start":{"line":90,"column":30},"end":{"line":100,"column":2}},"50":{"start":{"line":90,"column":53},"end":{"line":100,"column":2}},"51":{"start":{"line":91,"column":49},"end":{"line":91,"column":78}},"52":{"start":{"line":93,"column":42},"end":{"line":96,"column":null}},"53":{"start":{"line":99,"column":2},"end":{"line":99,"column":52}},"54":{"start":{"line":102,"column":9},"end":{"line":102,"column":30}}},"fnMap":{"0":{"name":"(anonymous_7)","decl":{"start":{"line":16,"column":27},"end":{"line":16,"column":28}},"loc":{"start":{"line":17,"column":2},"end":{"line":51,"column":4}}},"1":{"name":"(anonymous_8)","decl":{"start":{"line":17,"column":14},"end":{"line":17,"column":21}},"loc":{"start":{"line":17,"column":40},"end":{"line":51,"column":4}}},"2":{"name":"(anonymous_9)","decl":{"start":{"line":17,"column":40},"end":{"line":17,"column":null}},"loc":{"start":{"line":17,"column":40},"end":{"line":51,"column":3}}},"3":{"name":"(anonymous_10)","decl":{"start":{"line":19,"column":26},"end":{"line":19,"column":33}},"loc":{"start":{"line":19,"column":70},"end":{"line":50,"column":6}}},"4":{"name":"(anonymous_11)","decl":{"start":{"line":19,"column":70},"end":{"line":19,"column":null}},"loc":{"start":{"line":19,"column":70},"end":{"line":50,"column":5}}},"5":{"name":"(anonymous_12)","decl":{"start":{"line":53,"column":29},"end":{"line":53,"column":null}},"loc":{"start":{"line":58,"column":9},"end":{"line":88,"column":1}}},"6":{"name":"(anonymous_13)","decl":{"start":{"line":82,"column":21},"end":{"line":82,"column":22}},"loc":{"start":{"line":82,"column":41},"end":{"line":87,"column":3}}},"7":{"name":"(anonymous_14)","decl":{"start":{"line":83,"column":29},"end":{"line":83,"column":30}},"loc":{"start":{"line":83,"column":55},"end":{"line":86,"column":5}}},"8":{"name":"(anonymous_15)","decl":{"start":{"line":90,"column":30},"end":{"line":90,"column":37}},"loc":{"start":{"line":90,"column":53},"end":{"line":100,"column":2}}},"9":{"name":"(anonymous_16)","decl":{"start":{"line":90,"column":53},"end":{"line":90,"column":null}},"loc":{"start":{"line":90,"column":53},"end":{"line":100,"column":1}}}},"branchMap":{"0":{"loc":{"start":{"line":20,"column":6},"end":{"line":20,"column":27}},"type":"if","locations":[{"start":{"line":20,"column":6},"end":{"line":20,"column":27}}]},"1":{"loc":{"start":{"line":21,"column":6},"end":{"line":21,"column":66}},"type":"if","locations":[{"start":{"line":21,"column":6},"end":{"line":21,"column":66}}]},"2":{"loc":{"start":{"line":22,"column":6},"end":{"line":24,"column":7}},"type":"if","locations":[{"start":{"line":22,"column":6},"end":{"line":24,"column":7}}]},"3":{"loc":{"start":{"line":25,"column":6},"end":{"line":27,"column":7}},"type":"if","locations":[{"start":{"line":25,"column":6},"end":{"line":27,"column":7}}]},"4":{"loc":{"start":{"line":28,"column":6},"end":{"line":30,"column":7}},"type":"if","locations":[{"start":{"line":28,"column":6},"end":{"line":30,"column":7}}]},"5":{"loc":{"start":{"line":31,"column":6},"end":{"line":34,"column":7}},"type":"if","locations":[{"start":{"line":31,"column":6},"end":{"line":34,"column":7}}]},"6":{"loc":{"start":{"line":42,"column":6},"end":{"line":49,"column":11}},"type":"if","locations":[{"start":{"line":42,"column":6},"end":{"line":49,"column":11}},{"start":{"line":44,"column":8},"end":{"line":49,"column":11}}]},"7":{"loc":{"start":{"line":57,"column":2},"end":{"line":57,"column":14}},"type":"default-arg","locations":[{"start":{"line":57,"column":12},"end":{"line":57,"column":14}}]},"8":{"loc":{"start":{"line":84,"column":6},"end":{"line":85,"column":27}},"type":"if","locations":[{"start":{"line":84,"column":6},"end":{"line":85,"column":27}},{"start":{"line":85,"column":11},"end":{"line":85,"column":27}}]}},"s":{"0":1,"1":1,"2":1,"3":1,"4":1,"5":1,"6":1,"7":1,"8":1,"9":1,"10":1,"11":1,"12":1,"13":1,"14":1,"15":1,"16":0,"17":0,"18":0,"19":0,"20":0,"21":0,"22":0,"23":0,"24":0,"25":0,"26":0,"27":0,"28":0,"29":0,"30":0,"31":0,"32":0,"33":0,"34":1,"35":0,"36":0,"37":0,"38":0,"39":0,"40":0,"41":0,"42":0,"43":0,"44":0,"45":0,"46":0,"47":0,"48":0,"49":1,"50":1,"51":1,"52":0,"53":0,"54":1},"f":{"0":1,"1":1,"2":1,"3":1,"4":1,"5":0,"6":0,"7":0,"8":1,"9":1},"b":{"0":[1],"1":[1],"2":[0],"3":[0],"4":[0],"5":[0],"6":[0,0],"7":[0],"8":[0,0]}}
,"C:\\Users\\chhuo\\Documents\\SOEN390\\condo-backend\\src\\firebase\\financialService.ts": {"path":"C:\\Users\\chhuo\\Documents\\SOEN390\\condo-backend\\src\\firebase\\financialService.ts","statementMap":{"0":{"start":{"line":8,"column":4},"end":{"line":8,"column":25}},"1":{"start":{"line":9,"column":20},"end":{"line":9,"column":37}},"2":{"start":{"line":11,"column":38},"end":{"line":20,"column":2}},"3":{"start":{"line":22,"column":36},"end":{"line":25,"column":1}},"4":{"start":{"line":23,"column":15},"end":{"line":23,"column":38}},"5":{"start":{"line":24,"column":2},"end":{"line":24,"column":74}},"6":{"start":{"line":24,"column":29},"end":{"line":24,"column":72}},"7":{"start":{"line":27,"column":30},"end":{"line":44,"column":2}},"8":{"start":{"line":32,"column":4},"end":{"line":44,"column":2}},"9":{"start":{"line":33,"column":13},"end":{"line":33,"column":42}},"10":{"start":{"line":34,"column":2},"end":{"line":43,"column":3}},"11":{"start":{"line":35,"column":4},"end":{"line":35,"column":57}},"12":{"start":{"line":36,"column":9},"end":{"line":43,"column":3}},"13":{"start":{"line":37,"column":4},"end":{"line":37,"column":70}},"14":{"start":{"line":38,"column":4},"end":{"line":40,"column":7}},"15":{"start":{"line":42,"column":4},"end":{"line":42,"column":48}},"16":{"start":{"line":79,"column":9},"end":{"line":79,"column":30}},"17":{"start":{"line":46,"column":23},"end":{"line":78,"column":2}},"18":{"start":{"line":50,"column":4},"end":{"line":78,"column":2}},"19":{"start":{"line":51,"column":13},"end":{"line":51,"column":42}},"20":{"start":{"line":52,"column":2},"end":{"line":77,"column":3}},"21":{"start":{"line":53,"column":24},"end":{"line":53,"column":60}},"22":{"start":{"line":54,"column":21},"end":{"line":54,"column":39}},"23":{"start":{"line":55,"column":16},"end":{"line":55,"column":54}},"24":{"start":{"line":56,"column":19},"end":{"line":59,"column":6}},"25":{"start":{"line":60,"column":4},"end":{"line":60,"column":56}},"26":{"start":{"line":60,"column":35},"end":{"line":60,"column":54}},"27":{"start":{"line":61,"column":4},"end":{"line":61,"column":38}},"28":{"start":{"line":61,"column":24},"end":{"line":61,"column":36}},"29":{"start":{"line":62,"column":4},"end":{"line":64,"column":7}},"30":{"start":{"line":65,"column":4},"end":{"line":73,"column":7}},"31":{"start":{"line":66,"column":6},"end":{"line":66,"column":73}},"32":{"start":{"line":67,"column":6},"end":{"line":72,"column":10}},"33":{"start":{"line":74,"column":4},"end":{"line":74,"column":14}},"34":{"start":{"line":76,"column":4},"end":{"line":76,"column":48}},"35":{"start":{"line":79,"column":32},"end":{"line":79,"column":46}}},"fnMap":{"0":{"name":"(anonymous_7)","decl":{"start":{"line":22,"column":36},"end":{"line":22,"column":37}},"loc":{"start":{"line":22,"column":59},"end":{"line":25,"column":1}}},"1":{"name":"(anonymous_8)","decl":{"start":{"line":24,"column":20},"end":{"line":24,"column":21}},"loc":{"start":{"line":24,"column":29},"end":{"line":24,"column":72}}},"2":{"name":"(anonymous_9)","decl":{"start":{"line":27,"column":30},"end":{"line":27,"column":null}},"loc":{"start":{"line":32,"column":4},"end":{"line":44,"column":2}}},"3":{"name":"(anonymous_10)","decl":{"start":{"line":32,"column":4},"end":{"line":32,"column":null}},"loc":{"start":{"line":32,"column":4},"end":{"line":44,"column":1}}},"4":{"name":"(anonymous_11)","decl":{"start":{"line":46,"column":23},"end":{"line":46,"column":null}},"loc":{"start":{"line":50,"column":4},"end":{"line":78,"column":2}}},"5":{"name":"(anonymous_12)","decl":{"start":{"line":50,"column":4},"end":{"line":50,"column":null}},"loc":{"start":{"line":50,"column":4},"end":{"line":78,"column":1}}},"6":{"name":"(anonymous_13)","decl":{"start":{"line":60,"column":19},"end":{"line":60,"column":20}},"loc":{"start":{"line":60,"column":35},"end":{"line":60,"column":54}}},"7":{"name":"(anonymous_14)","decl":{"start":{"line":61,"column":18},"end":{"line":61,"column":21}},"loc":{"start":{"line":61,"column":24},"end":{"line":61,"column":36}}},"8":{"name":"(anonymous_15)","decl":{"start":{"line":65,"column":24},"end":{"line":65,"column":25}},"loc":{"start":{"line":65,"column":39},"end":{"line":73,"column":5}}}},"branchMap":{"0":{"loc":{"start":{"line":34,"column":2},"end":{"line":43,"column":3}},"type":"if","locations":[{"start":{"line":34,"column":2},"end":{"line":43,"column":3}},{"start":{"line":36,"column":9},"end":{"line":43,"column":3}}]},"1":{"loc":{"start":{"line":36,"column":9},"end":{"line":43,"column":3}},"type":"if","locations":[{"start":{"line":36,"column":9},"end":{"line":43,"column":3}},{"start":{"line":41,"column":9},"end":{"line":43,"column":3}}]},"2":{"loc":{"start":{"line":52,"column":2},"end":{"line":77,"column":3}},"type":"if","locations":[{"start":{"line":52,"column":2},"end":{"line":77,"column":3}},{"start":{"line":75,"column":9},"end":{"line":77,"column":3}}]}},"s":{"0":1,"1":1,"2":1,"3":1,"4":0,"5":0,"6":0,"7":1,"8":0,"9":0,"10":0,"11":0,"12":0,"13":0,"14":0,"15":0,"16":1,"17":1,"18":0,"19":0,"20":0,"21":0,"22":0,"23":0,"24":0,"25":0,"26":0,"27":0,"28":0,"29":0,"30":0,"31":0,"32":0,"33":0,"34":0,"35":1},"f":{"0":0,"1":0,"2":0,"3":0,"4":0,"5":0,"6":0,"7":0,"8":0},"b":{"0":[0,0],"1":[0,0],"2":[0,0]}}
,"C:\\Users\\chhuo\\Documents\\SOEN390\\condo-backend\\src\\firebase\\firebase.ts": {"path":"C:\\Users\\chhuo\\Documents\\SOEN390\\condo-backend\\src\\firebase\\firebase.ts","statementMap":{"0":{"start":{"line":1,"column":14},"end":{"line":1,"column":39}},"1":{"start":{"line":2,"column":15},"end":{"line":2,"column":32}},"2":{"start":{"line":3,"column":0},"end":{"line":3,"column":16}},"3":{"start":{"line":5,"column":23},"end":{"line":7,"column":6}},"4":{"start":{"line":9,"column":0},"end":{"line":12,"column":3}},"5":{"start":{"line":14,"column":23},"end":{"line":17,"column":2}},"6":{"start":{"line":14,"column":49},"end":{"line":17,"column":2}},"7":{"start":{"line":15,"column":23},"end":{"line":15,"column":64}},"8":{"start":{"line":16,"column":2},"end":{"line":16,"column":26}},"9":{"start":{"line":74,"column":2},"end":{"line":74,"column":16}},"10":{"start":{"line":19,"column":11},"end":{"line":19,"column":27}},"11":{"start":{"line":21,"column":27},"end":{"line":23,"column":1}},"12":{"start":{"line":22,"column":2},"end":{"line":22,"column":47}},"13":{"start":{"line":75,"column":2},"end":{"line":75,"column":20}},"14":{"start":{"line":25,"column":29},"end":{"line":32,"column":2}},"15":{"start":{"line":25,"column":74},"end":{"line":32,"column":2}},"16":{"start":{"line":26,"column":14},"end":{"line":30,"column":13}},"17":{"start":{"line":31,"column":2},"end":{"line":31,"column":13}},"18":{"start":{"line":78,"column":2},"end":{"line":78,"column":22}},"19":{"start":{"line":34,"column":32},"end":{"line":42,"column":2}},"20":{"start":{"line":38,"column":4},"end":{"line":42,"column":2}},"21":{"start":{"line":39,"column":2},"end":{"line":41,"column":24}},"22":{"start":{"line":80,"column":2},"end":{"line":80,"column":25}},"23":{"start":{"line":44,"column":27},"end":{"line":53,"column":1}},"24":{"start":{"line":50,"column":2},"end":{"line":52,"column":37}},"25":{"start":{"line":79,"column":2},"end":{"line":79,"column":20}},"26":{"start":{"line":55,"column":23},"end":{"line":61,"column":2}},"27":{"start":{"line":55,"column":64},"end":{"line":61,"column":2}},"28":{"start":{"line":56,"column":19},"end":{"line":59,"column":18}},"29":{"start":{"line":60,"column":2},"end":{"line":60,"column":24}},"30":{"start":{"line":81,"column":2},"end":{"line":81,"column":16}},"31":{"start":{"line":63,"column":19},"end":{"line":66,"column":2}},"32":{"start":{"line":63,"column":40},"end":{"line":66,"column":2}},"33":{"start":{"line":64,"column":19},"end":{"line":64,"column":64}},"34":{"start":{"line":65,"column":2},"end":{"line":65,"column":27}},"35":{"start":{"line":76,"column":2},"end":{"line":76,"column":12}},"36":{"start":{"line":68,"column":22},"end":{"line":71,"column":2}},"37":{"start":{"line":68,"column":43},"end":{"line":71,"column":2}},"38":{"start":{"line":69,"column":19},"end":{"line":69,"column":64}},"39":{"start":{"line":70,"column":2},"end":{"line":70,"column":24}},"40":{"start":{"line":77,"column":2},"end":{"line":77,"column":15}}},"fnMap":{"0":{"name":"(anonymous_7)","decl":{"start":{"line":14,"column":23},"end":{"line":14,"column":30}},"loc":{"start":{"line":14,"column":49},"end":{"line":17,"column":2}}},"1":{"name":"(anonymous_8)","decl":{"start":{"line":14,"column":49},"end":{"line":14,"column":null}},"loc":{"start":{"line":14,"column":49},"end":{"line":17,"column":1}}},"2":{"name":"(anonymous_9)","decl":{"start":{"line":21,"column":27},"end":{"line":21,"column":28}},"loc":{"start":{"line":21,"column":62},"end":{"line":23,"column":1}}},"3":{"name":"(anonymous_10)","decl":{"start":{"line":25,"column":29},"end":{"line":25,"column":36}},"loc":{"start":{"line":25,"column":74},"end":{"line":32,"column":2}}},"4":{"name":"(anonymous_11)","decl":{"start":{"line":25,"column":74},"end":{"line":25,"column":null}},"loc":{"start":{"line":25,"column":74},"end":{"line":32,"column":1}}},"5":{"name":"(anonymous_12)","decl":{"start":{"line":34,"column":32},"end":{"line":34,"column":null}},"loc":{"start":{"line":38,"column":4},"end":{"line":42,"column":2}}},"6":{"name":"(anonymous_13)","decl":{"start":{"line":38,"column":4},"end":{"line":38,"column":null}},"loc":{"start":{"line":38,"column":4},"end":{"line":42,"column":1}}},"7":{"name":"(anonymous_14)","decl":{"start":{"line":44,"column":27},"end":{"line":44,"column":null}},"loc":{"start":{"line":49,"column":4},"end":{"line":53,"column":1}}},"8":{"name":"(anonymous_15)","decl":{"start":{"line":55,"column":23},"end":{"line":55,"column":30}},"loc":{"start":{"line":55,"column":64},"end":{"line":61,"column":2}}},"9":{"name":"(anonymous_16)","decl":{"start":{"line":55,"column":64},"end":{"line":55,"column":null}},"loc":{"start":{"line":55,"column":64},"end":{"line":61,"column":1}}},"10":{"name":"(anonymous_17)","decl":{"start":{"line":63,"column":19},"end":{"line":63,"column":26}},"loc":{"start":{"line":63,"column":40},"end":{"line":66,"column":2}}},"11":{"name":"(anonymous_18)","decl":{"start":{"line":63,"column":40},"end":{"line":63,"column":null}},"loc":{"start":{"line":63,"column":40},"end":{"line":66,"column":1}}},"12":{"name":"(anonymous_19)","decl":{"start":{"line":68,"column":22},"end":{"line":68,"column":29}},"loc":{"start":{"line":68,"column":43},"end":{"line":71,"column":2}}},"13":{"name":"(anonymous_20)","decl":{"start":{"line":68,"column":43},"end":{"line":68,"column":null}},"loc":{"start":{"line":68,"column":43},"end":{"line":71,"column":1}}}},"branchMap":{"0":{"loc":{"start":{"line":5,"column":23},"end":{"line":7,"column":6}},"type":"cond-expr","locations":[{"start":{"line":6,"column":4},"end":{"line":6,"column":48}},{"start":{"line":7,"column":4},"end":{"line":7,"column":6}}]}},"s":{"0":1,"1":1,"2":1,"3":1,"4":1,"5":1,"6":4,"7":4,"8":3,"9":1,"10":1,"11":1,"12":1,"13":1,"14":1,"15":1,"16":1,"17":1,"18":1,"19":1,"20":0,"21":0,"22":1,"23":1,"24":0,"25":1,"26":1,"27":0,"28":0,"29":0,"30":1,"31":1,"32":3,"33":3,"34":3,"35":1,"36":1,"37":1,"38":1,"39":1,"40":1},"f":{"0":4,"1":4,"2":1,"3":1,"4":1,"5":0,"6":0,"7":0,"8":0,"9":0,"10":3,"11":3,"12":1,"13":1},"b":{"0":[1,0]}}
,"C:\\Users\\chhuo\\Documents\\SOEN390\\condo-backend\\src\\firebase\\propertyProfileService.ts": {"path":"C:\\Users\\chhuo\\Documents\\SOEN390\\condo-backend\\src\\firebase\\propertyProfileService.ts","statementMap":{"0":{"start":{"line":3,"column":0},"end":{"line":3,"column":51}},"1":{"start":{"line":11,"column":4},"end":{"line":11,"column":25}},"2":{"start":{"line":13,"column":35},"end":{"line":19,"column":2}},"3":{"start":{"line":21,"column":36},"end":{"line":24,"column":1}},"4":{"start":{"line":22,"column":15},"end":{"line":22,"column":38}},"5":{"start":{"line":23,"column":2},"end":{"line":23,"column":71}},"6":{"start":{"line":23,"column":29},"end":{"line":23,"column":69}},"7":{"start":{"line":26,"column":27},"end":{"line":44,"column":2}},"8":{"start":{"line":30,"column":4},"end":{"line":44,"column":2}},"9":{"start":{"line":31,"column":13},"end":{"line":31,"column":42}},"10":{"start":{"line":32,"column":2},"end":{"line":43,"column":3}},"11":{"start":{"line":33,"column":4},"end":{"line":33,"column":57}},"12":{"start":{"line":34,"column":9},"end":{"line":43,"column":3}},"13":{"start":{"line":36,"column":16},"end":{"line":36,"column":62}},"14":{"start":{"line":37,"column":4},"end":{"line":40,"column":7}},"15":{"start":{"line":42,"column":4},"end":{"line":42,"column":48}},"16":{"start":{"line":57,"column":9},"end":{"line":57,"column":27}},"17":{"start":{"line":46,"column":24},"end":{"line":55,"column":2}},"18":{"start":{"line":46,"column":67},"end":{"line":55,"column":2}},"19":{"start":{"line":49,"column":4},"end":{"line":49,"column":36}},"20":{"start":{"line":50,"column":2},"end":{"line":50,"column":61}},"21":{"start":{"line":51,"column":2},"end":{"line":54,"column":5}},"22":{"start":{"line":57,"column":29},"end":{"line":57,"column":44}}},"fnMap":{"0":{"name":"(anonymous_7)","decl":{"start":{"line":21,"column":36},"end":{"line":21,"column":37}},"loc":{"start":{"line":21,"column":59},"end":{"line":24,"column":1}}},"1":{"name":"(anonymous_8)","decl":{"start":{"line":23,"column":20},"end":{"line":23,"column":21}},"loc":{"start":{"line":23,"column":29},"end":{"line":23,"column":69}}},"2":{"name":"(anonymous_9)","decl":{"start":{"line":26,"column":27},"end":{"line":26,"column":null}},"loc":{"start":{"line":30,"column":4},"end":{"line":44,"column":2}}},"3":{"name":"(anonymous_10)","decl":{"start":{"line":30,"column":4},"end":{"line":30,"column":null}},"loc":{"start":{"line":30,"column":4},"end":{"line":44,"column":1}}},"4":{"name":"(anonymous_11)","decl":{"start":{"line":46,"column":24},"end":{"line":46,"column":31}},"loc":{"start":{"line":46,"column":67},"end":{"line":55,"column":2}}},"5":{"name":"(anonymous_12)","decl":{"start":{"line":46,"column":67},"end":{"line":46,"column":null}},"loc":{"start":{"line":46,"column":67},"end":{"line":55,"column":1}}}},"branchMap":{"0":{"loc":{"start":{"line":32,"column":2},"end":{"line":43,"column":3}},"type":"if","locations":[{"start":{"line":32,"column":2},"end":{"line":43,"column":3}},{"start":{"line":34,"column":9},"end":{"line":43,"column":3}}]},"1":{"loc":{"start":{"line":34,"column":9},"end":{"line":43,"column":3}},"type":"if","locations":[{"start":{"line":34,"column":9},"end":{"line":43,"column":3}},{"start":{"line":41,"column":9},"end":{"line":43,"column":3}}]}},"s":{"0":1,"1":1,"2":1,"3":1,"4":1,"5":1,"6":5,"7":1,"8":1,"9":1,"10":1,"11":0,"12":1,"13":1,"14":1,"15":0,"16":1,"17":1,"18":1,"19":1,"20":0,"21":0,"22":1},"f":{"0":1,"1":5,"2":1,"3":1,"4":1,"5":1},"b":{"0":[0,1],"1":[1,0]}}
,"C:\\Users\\chhuo\\Documents\\SOEN390\\condo-backend\\src\\firebase\\userService.ts": {"path":"C:\\Users\\chhuo\\Documents\\SOEN390\\condo-backend\\src\\firebase\\userService.ts","statementMap":{"0":{"start":{"line":8,"column":4},"end":{"line":8,"column":25}},"1":{"start":{"line":10,"column":30},"end":{"line":21,"column":2}},"2":{"start":{"line":23,"column":26},"end":{"line":33,"column":2}},"3":{"start":{"line":35,"column":30},"end":{"line":38,"column":1}},"4":{"start":{"line":36,"column":15},"end":{"line":36,"column":38}},"5":{"start":{"line":37,"column":2},"end":{"line":37,"column":66}},"6":{"start":{"line":37,"column":29},"end":{"line":37,"column":64}},"7":{"start":{"line":40,"column":25},"end":{"line":58,"column":2}},"8":{"start":{"line":44,"column":4},"end":{"line":58,"column":2}},"9":{"start":{"line":45,"column":13},"end":{"line":45,"column":42}},"10":{"start":{"line":46,"column":2},"end":{"line":57,"column":3}},"11":{"start":{"line":47,"column":4},"end":{"line":47,"column":53}},"12":{"start":{"line":48,"column":9},"end":{"line":57,"column":3}},"13":{"start":{"line":50,"column":4},"end":{"line":50,"column":39}},"14":{"start":{"line":51,"column":4},"end":{"line":54,"column":7}},"15":{"start":{"line":56,"column":4},"end":{"line":56,"column":48}},"16":{"start":{"line":84,"column":9},"end":{"line":84,"column":25}},"17":{"start":{"line":60,"column":23},"end":{"line":82,"column":2}},"18":{"start":{"line":64,"column":4},"end":{"line":82,"column":2}},"19":{"start":{"line":65,"column":13},"end":{"line":65,"column":42}},"20":{"start":{"line":66,"column":2},"end":{"line":81,"column":3}},"21":{"start":{"line":67,"column":4},"end":{"line":70,"column":7}},"22":{"start":{"line":72,"column":20},"end":{"line":74,"column":null}},"23":{"start":{"line":76,"column":4},"end":{"line":76,"column":39}},"24":{"start":{"line":77,"column":4},"end":{"line":80,"column":7}},"25":{"start":{"line":84,"column":27},"end":{"line":84,"column":41}}},"fnMap":{"0":{"name":"(anonymous_7)","decl":{"start":{"line":35,"column":30},"end":{"line":35,"column":31}},"loc":{"start":{"line":35,"column":53},"end":{"line":38,"column":1}}},"1":{"name":"(anonymous_8)","decl":{"start":{"line":37,"column":20},"end":{"line":37,"column":21}},"loc":{"start":{"line":37,"column":29},"end":{"line":37,"column":64}}},"2":{"name":"(anonymous_9)","decl":{"start":{"line":40,"column":25},"end":{"line":40,"column":null}},"loc":{"start":{"line":44,"column":4},"end":{"line":58,"column":2}}},"3":{"name":"(anonymous_10)","decl":{"start":{"line":44,"column":4},"end":{"line":44,"column":null}},"loc":{"start":{"line":44,"column":4},"end":{"line":58,"column":1}}},"4":{"name":"(anonymous_11)","decl":{"start":{"line":60,"column":23},"end":{"line":60,"column":null}},"loc":{"start":{"line":64,"column":4},"end":{"line":82,"column":2}}},"5":{"name":"(anonymous_12)","decl":{"start":{"line":64,"column":4},"end":{"line":64,"column":null}},"loc":{"start":{"line":64,"column":4},"end":{"line":82,"column":1}}}},"branchMap":{"0":{"loc":{"start":{"line":46,"column":2},"end":{"line":57,"column":3}},"type":"if","locations":[{"start":{"line":46,"column":2},"end":{"line":57,"column":3}},{"start":{"line":48,"column":9},"end":{"line":57,"column":3}}]},"1":{"loc":{"start":{"line":48,"column":9},"end":{"line":57,"column":3}},"type":"if","locations":[{"start":{"line":48,"column":9},"end":{"line":57,"column":3}},{"start":{"line":55,"column":9},"end":{"line":57,"column":3}}]},"2":{"loc":{"start":{"line":66,"column":2},"end":{"line":81,"column":3}},"type":"if","locations":[{"start":{"line":66,"column":2},"end":{"line":81,"column":3}},{"start":{"line":71,"column":9},"end":{"line":81,"column":3}}]}},"s":{"0":1,"1":1,"2":1,"3":1,"4":1,"5":1,"6":9,"7":1,"8":2,"9":2,"10":1,"11":0,"12":1,"13":1,"14":1,"15":0,"16":1,"17":1,"18":1,"19":1,"20":1,"21":1,"22":0,"23":0,"24":0,"25":1},"f":{"0":1,"1":9,"2":2,"3":2,"4":1,"5":1},"b":{"0":[0,1],"1":[1,0],"2":[1,0]}}
,"C:\\Users\\chhuo\\Documents\\SOEN390\\condo-backend\\src\\openai\\chat.ts": {"path":"C:\\Users\\chhuo\\Documents\\SOEN390\\condo-backend\\src\\openai\\chat.ts","statementMap":{"0":{"start":{"line":1,"column":0},"end":{"line":1,"column":28}},"1":{"start":{"line":9,"column":4},"end":{"line":9,"column":35}},"2":{"start":{"line":10,"column":15},"end":{"line":10,"column":32}},"3":{"start":{"line":11,"column":0},"end":{"line":11,"column":16}},"4":{"start":{"line":13,"column":21},"end":{"line":15,"column":6}},"5":{"start":{"line":17,"column":15},"end":{"line":17,"column":27}},"6":{"start":{"line":19,"column":0},"end":{"line":19,"column":29}},"7":{"start":{"line":26,"column":13},"end":{"line":26,"column":42}},"8":{"start":{"line":27,"column":2},"end":{"line":51,"column":3}},"9":{"start":{"line":28,"column":23},"end":{"line":39,"column":6}},"10":{"start":{"line":41,"column":4},"end":{"line":46,"column":5}},"11":{"start":{"line":41,"column":30},"end":{"line":41,"column":40}},"12":{"start":{"line":41,"column":30},"end":{"line":41,"column":42}},"13":{"start":{"line":41,"column":26},"end":{"line":41,"column":30}},"14":{"start":{"line":42,"column":6},"end":{"line":45,"column":7}},"15":{"start":{"line":43,"column":8},"end":{"line":43,"column":52}},"16":{"start":{"line":44,"column":8},"end":{"line":44,"column":50}},"17":{"start":{"line":48,"column":4},"end":{"line":48,"column":14}},"18":{"start":{"line":50,"column":4},"end":{"line":50,"column":43}},"19":{"start":{"line":54,"column":9},"end":{"line":54,"column":25}}},"fnMap":{"0":{"name":"generateResponse","decl":{"start":{"line":21,"column":15},"end":{"line":21,"column":31}},"loc":{"start":{"line":24,"column":15},"end":{"line":52,"column":null}}}},"branchMap":{"0":{"loc":{"start":{"line":13,"column":21},"end":{"line":15,"column":6}},"type":"cond-expr","locations":[{"start":{"line":14,"column":4},"end":{"line":14,"column":30}},{"start":{"line":15,"column":4},"end":{"line":15,"column":6}}]},"1":{"loc":{"start":{"line":27,"column":2},"end":{"line":51,"column":3}},"type":"if","locations":[{"start":{"line":27,"column":2},"end":{"line":51,"column":3}},{"start":{"line":49,"column":9},"end":{"line":51,"column":3}}]},"2":{"loc":{"start":{"line":42,"column":6},"end":{"line":45,"column":7}},"type":"if","locations":[{"start":{"line":42,"column":6},"end":{"line":45,"column":7}}]},"3":{"loc":{"start":{"line":42,"column":10},"end":{"line":42,"column":49}},"type":"binary-expr","locations":[{"start":{"line":42,"column":10},"end":{"line":42,"column":15}},{"start":{"line":42,"column":19},"end":{"line":42,"column":49}}]}},"s":{"0":1,"1":1,"2":1,"3":1,"4":1,"5":1,"6":1,"7":0,"8":0,"9":0,"10":0,"11":0,"12":0,"13":0,"14":0,"15":0,"16":0,"17":0,"18":0,"19":1},"f":{"0":0},"b":{"0":[1,0],"1":[0,0],"2":[0],"3":[0,0]}}
,"C:\\Users\\chhuo\\Documents\\SOEN390\\condo-backend\\src\\utils\\utils.ts": {"path":"C:\\Users\\chhuo\\Documents\\SOEN390\\condo-backend\\src\\utils\\utils.ts","statementMap":{"0":{"start":{"line":1,"column":26},"end":{"line":10,"column":1}},"1":{"start":{"line":2,"column":2},"end":{"line":8,"column":3}},"2":{"start":{"line":3,"column":4},"end":{"line":7,"column":5}},"3":{"start":{"line":4,"column":6},"end":{"line":4,"column":31}},"4":{"start":{"line":6,"column":6},"end":{"line":6,"column":19}},"5":{"start":{"line":9,"column":2},"end":{"line":9,"column":15}},"6":{"start":{"line":12,"column":9},"end":{"line":12,"column":26}}},"fnMap":{"0":{"name":"(anonymous_0)","decl":{"start":{"line":1,"column":26},"end":{"line":1,"column":27}},"loc":{"start":{"line":1,"column":41},"end":{"line":10,"column":1}}}},"branchMap":{"0":{"loc":{"start":{"line":2,"column":2},"end":{"line":8,"column":3}},"type":"if","locations":[{"start":{"line":2,"column":2},"end":{"line":8,"column":3}}]}},"s":{"0":1,"1":2,"2":1,"3":1,"4":1,"5":1,"6":1},"f":{"0":2},"b":{"0":[1]}}
}
