TN:
SF:src\app.ts
FN:18,(anonymous_7)
FN:18,(anonymous_8)
FN:33,(anonymous_9)
FN:33,(anonymous_10)
FN:47,(anonymous_11)
FN:47,(anonymous_12)
FN:58,(anonymous_13)
FN:58,(anonymous_14)
FNF:8
FNH:8
FNDA:3,(anonymous_7)
FNDA:3,(anonymous_8)
FNDA:2,(anonymous_9)
FNDA:2,(anonymous_10)
FNDA:1,(anonymous_11)
FNDA:1,(anonymous_12)
FNDA:2,(anonymous_13)
FNDA:2,(anonymous_14)
DA:4,1
DA:5,1
DA:6,1
DA:7,1
DA:11,1
DA:12,1
DA:15,1
DA:16,1
DA:18,3
DA:19,3
DA:20,2
DA:21,2
DA:22,2
DA:23,2
DA:25,1
DA:26,1
DA:29,1
DA:33,2
DA:34,2
DA:35,1
DA:36,1
DA:37,1
DA:39,0
DA:40,0
DA:43,1
DA:47,1
DA:48,1
DA:49,1
DA:50,1
DA:51,0
DA:53,1
DA:54,1
DA:58,2
DA:59,2
DA:60,1
DA:61,1
DA:62,1
DA:64,0
DA:65,0
DA:68,1
DA:72,1
LF:41
LH:36
BRDA:19,0,0,2
BRDA:19,0,1,1
BRDA:19,1,0,3
BRDA:19,1,1,2
BRDA:34,2,0,1
BRDA:34,2,1,1
BRDA:34,3,0,2
BRDA:34,3,1,1
BRDA:59,4,0,1
BRDA:59,4,1,1
BRDA:59,5,0,2
BRDA:59,5,1,1
BRF:12
BRH:12
end_of_record
TN:
SF:src\aws\aws.ts
FN:16,(anonymous_7)
FN:17,(anonymous_8)
FN:17,(anonymous_9)
FN:19,(anonymous_10)
FN:19,(anonymous_11)
FN:53,(anonymous_12)
FN:82,(anonymous_13)
FN:83,(anonymous_14)
FN:90,(anonymous_15)
FN:90,(anonymous_16)
FNF:10
FNH:7
FNDA:1,(anonymous_7)
FNDA:1,(anonymous_8)
FNDA:1,(anonymous_9)
FNDA:1,(anonymous_10)
FNDA:1,(anonymous_11)
FNDA:0,(anonymous_12)
FNDA:0,(anonymous_13)
FNDA:0,(anonymous_14)
FNDA:1,(anonymous_15)
FNDA:1,(anonymous_16)
DA:1,1
DA:2,1
DA:3,1
DA:4,1
DA:10,1
DA:12,1
DA:16,1
DA:17,1
DA:18,1
DA:19,1
DA:20,1
DA:21,1
DA:22,0
DA:23,0
DA:25,0
DA:26,0
DA:28,0
DA:29,0
DA:31,0
DA:32,0
DA:33,0
DA:35,0
DA:36,0
DA:37,0
DA:38,0
DA:39,0
DA:40,0
DA:42,0
DA:44,0
DA:53,1
DA:59,0
DA:62,0
DA:64,0
DA:65,0
DA:66,0
DA:68,0
DA:71,0
DA:73,0
DA:75,0
DA:82,0
DA:83,0
DA:84,0
DA:85,0
DA:90,1
DA:91,1
DA:93,0
DA:99,0
DA:102,1
LF:48
LH:16
BRDA:20,0,0,1
BRDA:21,1,0,1
BRDA:22,2,0,0
BRDA:25,3,0,0
BRDA:28,4,0,0
BRDA:31,5,0,0
BRDA:42,6,0,0
BRDA:42,6,1,0
BRDA:57,7,0,0
BRDA:84,8,0,0
BRDA:84,8,1,0
BRF:11
BRH:2
end_of_record
TN:
SF:src\firebase\firebase.ts
FN:14,(anonymous_7)
FN:14,(anonymous_8)
FN:21,(anonymous_9)
FN:25,(anonymous_10)
FN:25,(anonymous_11)
FN:34,(anonymous_12)
FN:45,(anonymous_13)
FN:45,(anonymous_14)
FN:50,(anonymous_15)
FN:50,(anonymous_16)
FNF:10
FNH:9
FNDA:4,(anonymous_7)
FNDA:4,(anonymous_8)
FNDA:1,(anonymous_9)
FNDA:1,(anonymous_10)
FNDA:1,(anonymous_11)
FNDA:0,(anonymous_12)
FNDA:3,(anonymous_13)
FNDA:3,(anonymous_14)
FNDA:1,(anonymous_15)
FNDA:1,(anonymous_16)
DA:1,1
DA:2,1
DA:3,1
DA:5,1
DA:9,1
DA:14,4
DA:15,4
DA:16,3
DA:19,1
DA:21,1
DA:22,1
DA:25,1
DA:26,1
DA:31,1
DA:34,1
DA:40,0
DA:45,3
DA:46,3
DA:47,3
DA:50,1
DA:51,1
DA:52,1
DA:56,1
DA:57,1
DA:58,1
DA:59,1
DA:60,1
DA:61,1
LF:28
LH:27
BRDA:5,0,0,1
BRDA:5,0,1,0
BRF:2
BRH:1
end_of_record
TN:
SF:src\firebase\propertyProfileService.ts
FN:21,(anonymous_7)
FN:23,(anonymous_8)
FN:26,(anonymous_9)
FN:30,(anonymous_10)
FN:46,(anonymous_11)
FN:46,(anonymous_12)
FNF:6
FNH:6
FNDA:1,(anonymous_7)
FNDA:5,(anonymous_8)
FNDA:1,(anonymous_9)
FNDA:1,(anonymous_10)
FNDA:1,(anonymous_11)
FNDA:1,(anonymous_12)
DA:3,1
DA:11,1
DA:13,1
DA:21,1
DA:22,1
DA:23,5
DA:26,1
DA:30,1
DA:31,1
DA:32,1
DA:33,0
DA:34,1
DA:36,1
DA:37,1
DA:42,0
DA:46,1
DA:49,1
DA:50,0
DA:51,0
DA:57,1
LF:20
LH:16
BRDA:32,0,0,0
BRDA:32,0,1,1
BRDA:34,1,0,1
BRDA:34,1,1,0
BRF:4
BRH:2
end_of_record
TN:
SF:src\firebase\userService.ts
FN:34,(anonymous_7)
FN:36,(anonymous_8)
FN:39,(anonymous_9)
FN:43,(anonymous_10)
FN:59,(anonymous_11)
FN:63,(anonymous_12)
FNF:6
FNH:6
FNDA:1,(anonymous_7)
FNDA:9,(anonymous_8)
FNDA:2,(anonymous_9)
FNDA:2,(anonymous_10)
FNDA:1,(anonymous_11)
FNDA:1,(anonymous_12)
DA:8,1
DA:10,1
DA:22,1
DA:34,1
DA:35,1
DA:36,9
DA:39,1
DA:43,2
DA:44,2
DA:45,1
DA:46,0
DA:47,1
DA:49,1
DA:50,1
DA:55,0
DA:59,1
DA:63,1
DA:64,1
DA:65,1
DA:66,1
DA:71,0
DA:75,0
DA:76,0
DA:83,1
LF:24
LH:19
BRDA:45,0,0,0
BRDA:45,0,1,1
BRDA:47,1,0,1
BRDA:47,1,1,0
BRDA:65,2,0,1
BRDA:65,2,1,0
BRF:6
BRH:3
end_of_record
TN:
SF:src\utils\utils.ts
FN:1,(anonymous_0)
FNF:1
FNH:1
FNDA:2,(anonymous_0)
DA:1,1
DA:2,2
DA:3,1
DA:4,1
DA:6,1
DA:9,1
DA:12,1
LF:7
LH:7
BRDA:2,0,0,1
BRF:1
BRH:1
end_of_record
