TN:
SF:src\app.ts
FN:24,(anonymous_7)
FN:24,(anonymous_8)
FN:39,(anonymous_9)
FN:39,(anonymous_10)
FN:59,(anonymous_11)
FN:59,(anonymous_12)
FN:68,(anonymous_13)
FN:68,(anonymous_14)
FN:82,(anonymous_15)
FN:82,(anonymous_16)
FN:96,(anonymous_17)
FN:96,(anonymous_18)
FN:107,(anonymous_19)
FN:107,(anonymous_20)
FNF:14
FNH:14
FNDA:3,(anonymous_7)
FNDA:3,(anonymous_8)
FNDA:2,(anonymous_9)
FNDA:2,(anonymous_10)
FNDA:2,(anonymous_11)
FNDA:2,(anonymous_12)
FNDA:2,(anonymous_13)
FNDA:2,(anonymous_14)
FNDA:2,(anonymous_15)
FNDA:2,(anonymous_16)
FNDA:1,(anonymous_17)
FNDA:1,(anonymous_18)
FNDA:2,(anonymous_19)
FNDA:2,(anonymous_20)
DA:4,1
DA:5,1
DA:6,1
DA:7,1
DA:11,1
DA:15,1
DA:16,1
DA:17,1
DA:19,1
DA:21,1
DA:22,1
DA:24,3
DA:25,3
DA:26,2
DA:27,2
DA:28,2
DA:29,2
DA:31,1
DA:32,1
DA:35,1
DA:39,2
DA:40,2
DA:41,1
DA:42,1
DA:43,1
DA:44,1
DA:51,0
DA:52,0
DA:55,1
DA:59,2
DA:60,2
DA:61,1
DA:62,1
DA:64,1
DA:68,2
DA:69,2
DA:70,1
DA:71,1
DA:72,1
DA:74,0
DA:75,0
DA:78,1
DA:82,2
DA:83,2
DA:84,1
DA:85,1
DA:86,1
DA:88,0
DA:89,0
DA:92,1
DA:96,1
DA:97,1
DA:98,1
DA:99,1
DA:100,0
DA:102,1
DA:103,1
DA:107,2
DA:108,2
DA:109,1
DA:110,1
DA:111,1
DA:113,0
DA:114,0
DA:117,1
DA:121,1
LF:66
LH:57
BRDA:25,0,0,2
BRDA:25,0,1,1
BRDA:25,1,0,3
BRDA:25,1,1,2
BRDA:40,2,0,1
BRDA:40,2,1,1
BRDA:40,3,0,2
BRDA:40,3,1,1
BRDA:40,3,2,1
BRDA:60,4,0,1
BRDA:60,4,1,1
BRDA:60,5,0,2
BRDA:60,5,1,1
BRDA:69,6,0,1
BRDA:69,6,1,1
BRDA:69,7,0,2
BRDA:69,7,1,1
BRDA:83,8,0,1
BRDA:83,8,1,1
BRDA:83,9,0,2
BRDA:83,9,1,1
BRDA:108,10,0,1
BRDA:108,10,1,1
BRDA:108,11,0,2
BRDA:108,11,1,1
BRF:25
BRH:25
end_of_record
TN:
SF:src\aws\aws.ts
FN:16,(anonymous_7)
FN:17,(anonymous_8)
FN:17,(anonymous_9)
FN:19,(anonymous_10)
FN:19,(anonymous_11)
FN:52,(anonymous_12)
FN:81,(anonymous_13)
FN:82,(anonymous_14)
FN:89,(anonymous_15)
FN:89,(anonymous_16)
FNF:10
FNH:7
FNDA:1,(anonymous_7)
FNDA:1,(anonymous_8)
FNDA:1,(anonymous_9)
FNDA:1,(anonymous_10)
FNDA:1,(anonymous_11)
FNDA:0,(anonymous_12)
FNDA:0,(anonymous_13)
FNDA:0,(anonymous_14)
FNDA:1,(anonymous_15)
FNDA:1,(anonymous_16)
DA:1,1
DA:2,1
DA:3,1
DA:4,1
DA:10,1
DA:12,1
DA:16,1
DA:17,1
DA:18,1
DA:19,1
DA:20,1
DA:21,1
DA:22,0
DA:23,0
DA:25,0
DA:26,0
DA:28,0
DA:29,0
DA:31,0
DA:32,0
DA:33,0
DA:35,0
DA:36,0
DA:37,0
DA:38,0
DA:39,0
DA:41,0
DA:43,0
DA:52,1
DA:58,0
DA:61,0
DA:63,0
DA:64,0
DA:65,0
DA:67,0
DA:70,0
DA:72,0
DA:74,0
DA:81,0
DA:82,0
DA:83,0
DA:84,0
DA:89,1
DA:90,1
DA:92,0
DA:98,0
DA:101,1
LF:47
LH:16
BRDA:20,0,0,1
BRDA:21,1,0,1
BRDA:22,2,0,0
BRDA:25,3,0,0
BRDA:28,4,0,0
BRDA:31,5,0,0
BRDA:41,6,0,0
BRDA:41,6,1,0
BRDA:56,7,0,0
BRDA:83,8,0,0
BRDA:83,8,1,0
BRF:11
BRH:2
end_of_record
TN:
SF:src\firebase\financialService.ts
FN:22,(anonymous_7)
FN:24,(anonymous_8)
FN:27,(anonymous_9)
FN:32,(anonymous_10)
FN:46,(anonymous_11)
FN:50,(anonymous_12)
FN:60,(anonymous_13)
FN:61,(anonymous_14)
FN:66,(anonymous_15)
FNF:9
FNH:9
FNDA:1,(anonymous_7)
FNDA:4,(anonymous_8)
FNDA:1,(anonymous_9)
FNDA:1,(anonymous_10)
FNDA:1,(anonymous_11)
FNDA:1,(anonymous_12)
FNDA:61,(anonymous_13)
FNDA:1,(anonymous_14)
FNDA:2,(anonymous_15)
DA:8,1
DA:9,1
DA:11,1
DA:22,1
DA:23,1
DA:24,4
DA:27,1
DA:32,1
DA:33,1
DA:34,1
DA:35,0
DA:36,1
DA:37,1
DA:38,1
DA:42,0
DA:46,1
DA:50,1
DA:51,1
DA:52,1
DA:53,1
DA:54,1
DA:55,1
DA:56,1
DA:60,61
DA:61,1
DA:62,1
DA:65,1
DA:66,1
DA:67,2
DA:68,2
DA:74,2
DA:76,1
DA:80,1
DA:82,0
DA:85,1
LF:35
LH:32
BRDA:34,0,0,0
BRDA:34,0,1,1
BRDA:36,1,0,1
BRDA:36,1,1,0
BRDA:52,2,0,1
BRDA:52,2,1,0
BRF:6
BRH:3
end_of_record
TN:
SF:src\firebase\firebase.ts
FN:14,(anonymous_7)
FN:14,(anonymous_8)
FN:21,(anonymous_9)
FN:25,(anonymous_10)
FN:25,(anonymous_11)
FN:34,(anonymous_12)
FN:38,(anonymous_13)
FN:44,(anonymous_14)
FN:55,(anonymous_15)
FN:55,(anonymous_16)
FN:63,(anonymous_17)
FN:63,(anonymous_18)
FN:68,(anonymous_19)
FN:68,(anonymous_20)
FNF:14
FNH:13
FNDA:7,(anonymous_7)
FNDA:7,(anonymous_8)
FNDA:1,(anonymous_9)
FNDA:1,(anonymous_10)
FNDA:1,(anonymous_11)
FNDA:1,(anonymous_12)
FNDA:1,(anonymous_13)
FNDA:0,(anonymous_14)
FNDA:1,(anonymous_15)
FNDA:1,(anonymous_16)
FNDA:6,(anonymous_17)
FNDA:6,(anonymous_18)
FNDA:1,(anonymous_19)
FNDA:1,(anonymous_20)
DA:1,1
DA:2,1
DA:3,1
DA:5,1
DA:9,1
DA:14,7
DA:15,7
DA:16,6
DA:19,1
DA:21,1
DA:22,1
DA:25,1
DA:26,1
DA:31,1
DA:34,1
DA:38,1
DA:39,1
DA:44,1
DA:50,0
DA:55,1
DA:56,1
DA:60,1
DA:63,6
DA:64,6
DA:65,6
DA:68,1
DA:69,1
DA:70,1
DA:74,1
DA:75,1
DA:76,1
DA:77,1
DA:78,1
DA:79,1
DA:80,1
DA:81,1
LF:36
LH:35
BRDA:5,0,0,1
BRDA:5,0,1,0
BRF:2
BRH:1
end_of_record
TN:
SF:src\firebase\propertyProfileService.ts
FN:21,(anonymous_7)
FN:23,(anonymous_8)
FN:26,(anonymous_9)
FN:30,(anonymous_10)
FN:46,(anonymous_11)
FN:46,(anonymous_12)
FNF:6
FNH:6
FNDA:1,(anonymous_7)
FNDA:5,(anonymous_8)
FNDA:1,(anonymous_9)
FNDA:1,(anonymous_10)
FNDA:1,(anonymous_11)
FNDA:1,(anonymous_12)
DA:3,1
DA:11,1
DA:13,1
DA:21,1
DA:22,1
DA:23,5
DA:26,1
DA:30,1
DA:31,1
DA:32,1
DA:33,0
DA:34,1
DA:36,1
DA:37,1
DA:42,0
DA:46,1
DA:49,1
DA:50,0
DA:51,0
DA:57,1
LF:20
LH:16
BRDA:32,0,0,0
BRDA:32,0,1,1
BRDA:34,1,0,1
BRDA:34,1,1,0
BRF:4
BRH:2
end_of_record
TN:
SF:src\firebase\userService.ts
FN:35,(anonymous_7)
FN:37,(anonymous_8)
FN:40,(anonymous_9)
FN:44,(anonymous_10)
FN:60,(anonymous_11)
FN:64,(anonymous_12)
FNF:6
FNH:6
FNDA:1,(anonymous_7)
FNDA:9,(anonymous_8)
FNDA:2,(anonymous_9)
FNDA:2,(anonymous_10)
FNDA:1,(anonymous_11)
FNDA:1,(anonymous_12)
DA:8,1
DA:10,1
DA:23,1
DA:35,1
DA:36,1
DA:37,9
DA:40,1
DA:44,2
DA:45,2
DA:46,1
DA:47,0
DA:48,1
DA:50,1
DA:51,1
DA:56,0
DA:60,1
DA:64,1
DA:65,1
DA:66,1
DA:67,1
DA:72,0
DA:76,0
DA:77,0
DA:84,1
LF:24
LH:19
BRDA:46,0,0,0
BRDA:46,0,1,1
BRDA:48,1,0,1
BRDA:48,1,1,0
BRDA:66,2,0,1
BRDA:66,2,1,0
BRF:6
BRH:3
end_of_record
TN:
SF:src\openai\chat.ts
FN:21,generateResponse
FNF:1
FNH:1
FNDA:1,generateResponse
DA:1,1
DA:9,1
DA:10,1
DA:11,1
DA:13,1
DA:17,1
DA:19,1
DA:26,1
DA:27,1
DA:28,1
DA:41,23
DA:42,11
DA:43,9
DA:44,9
DA:48,1
DA:50,0
DA:54,1
LF:17
LH:16
BRDA:13,0,0,1
BRDA:13,0,1,0
BRDA:27,1,0,1
BRDA:27,1,1,0
BRDA:42,2,0,9
BRDA:42,3,0,11
BRDA:42,3,1,11
BRF:7
BRH:5
end_of_record
TN:
SF:src\utils\utils.ts
FN:1,(anonymous_0)
FNF:1
FNH:1
FNDA:3,(anonymous_0)
DA:1,1
DA:2,3
DA:3,1
DA:4,1
DA:6,1
DA:9,2
DA:12,1
LF:7
LH:7
BRDA:2,0,0,1
BRF:1
BRH:1
end_of_record
